2022-03-11 09:36:22 INFO     Into Get Index
2022-03-11 09:36:22 INFO     C:\Windows\TEMP\python_zf_fh_ad5z2
2022-03-11 09:40:33 INFO     Into Get Index
2022-03-11 09:40:33 INFO     C:\Windows\TEMP\python_zf_738h46xz
2022-03-11 09:40:40 INFO     into upload post
2022-03-11 09:40:40 INFO     upload: name file: 2019-029.pdf
2022-03-11 09:40:40 ERROR    upload: error upload method
2022-03-11 09:40:40 INFO     Into Get Index
2022-03-11 09:40:40 INFO     C:\Windows\TEMP\python_zf_tzwd5btu
2022-03-11 09:40:42 INFO     export: Selected filename2019-029.pdf, 2019-030.pdf, 2019-031.pdf, 2019-028.pdf, 
2022-03-11 09:40:42 INFO     Into Get Index
2022-03-11 09:40:42 INFO     C:\Windows\TEMP\python_zf_ynjeigwe
2022-03-11 09:40:45 INFO     export: into refresh
2022-03-11 09:40:45 INFO     Into Get Index
2022-03-11 09:40:45 INFO     C:\Windows\TEMP\python_zf_gt_1ss4p
2022-03-11 09:40:55 INFO     into upload post
2022-03-11 09:40:55 INFO     upload: name file: 2019-029.pdf
2022-03-11 09:40:55 INFO     save file success
2022-03-11 09:40:55 INFO     upload: name file: 2019-030.pdf
2022-03-11 09:40:55 INFO     save file success
2022-03-11 09:40:55 INFO     upload: name file: 2019-031.pdf
2022-03-11 09:40:55 INFO     save file success
2022-03-11 09:40:55 INFO     upload: name file: 2019-028.pdf
2022-03-11 09:40:55 INFO     save file success
2022-03-11 09:40:55 INFO     upload: saved files in uploads success
2022-03-11 09:40:57 INFO     export: Selected filename2019-029.pdf, 2019-030.pdf, 2019-031.pdf, 2019-028.pdf, 
2022-03-11 09:40:57 INFO     export: file in tempdir:2019-028.pdf, 2019-029.pdf, 2019-030.pdf, 2019-031.pdf
2022-03-11 09:40:57 INFO     export: create zipfile success
2022-03-11 09:40:57 INFO     export: response zipfile success
2022-03-11 09:40:57 INFO     export: temp_dir cleanup
2022-03-11 09:53:40 INFO     export: into refresh
2022-03-11 09:53:40 ERROR    Exception on /export [POST]
Traceback (most recent call last):
  File "D:\ASP.NET\Project\ZIPFILES_PYTHON\.\app\zipfile.py", line 111, in exporter
    temp_dir.cleanup()
NameError: name 'temp_dir' is not defined

During handling of the above exception, another exception occurred:

Traceback (most recent call last):
  File "D:\ASP.NET\Project\ZIPFILES_PYTHON\env\lib\site-packages\flask\app.py", line 2073, in wsgi_app
    response = self.full_dispatch_request()
  File "D:\ASP.NET\Project\ZIPFILES_PYTHON\env\lib\site-packages\flask\app.py", line 1518, in full_dispatch_request
    rv = self.handle_user_exception(e)
  File "D:\ASP.NET\Project\ZIPFILES_PYTHON\env\lib\site-packages\flask\app.py", line 1516, in full_dispatch_request
    rv = self.dispatch_request()
  File "D:\ASP.NET\Project\ZIPFILES_PYTHON\env\lib\site-packages\flask\app.py", line 1502, in dispatch_request
    return self.ensure_sync(self.view_functions[rule.endpoint])(**req.view_args)
  File "D:\ASP.NET\Project\ZIPFILES_PYTHON\.\app\zipfile.py", line 169, in exporter
    temp_dir.cleanup()
NameError: name 'temp_dir' is not defined
2022-03-11 09:55:43 INFO     Into Get Index
2022-03-11 09:55:43 INFO     C:\Windows\TEMP\python_zf_dcjgdoyc
2022-03-11 09:55:59 INFO     export: Selected filename2019-032.pdf, 2019-033.pdf, 2019-034.pdf, 2019-025.pdf, 2019-027.pdf, 2019-028.pdf, 2019-029.pdf, 2019-030.pdf, 2019-031.pdf, 
2022-03-11 09:55:59 ERROR    Exception on /export [POST]
Traceback (most recent call last):
  File "D:\ASP.NET\Project\ZIPFILES_PYTHON\.\app\zipfile.py", line 127, in exporter
    if not glob.glob(temp_dir.name+'/*', recursive=True):
NameError: name 'temp_dir' is not defined

During handling of the above exception, another exception occurred:

Traceback (most recent call last):
  File "D:\ASP.NET\Project\ZIPFILES_PYTHON\env\lib\site-packages\flask\app.py", line 2073, in wsgi_app
    response = self.full_dispatch_request()
  File "D:\ASP.NET\Project\ZIPFILES_PYTHON\env\lib\site-packages\flask\app.py", line 1518, in full_dispatch_request
    rv = self.handle_user_exception(e)
  File "D:\ASP.NET\Project\ZIPFILES_PYTHON\env\lib\site-packages\flask\app.py", line 1516, in full_dispatch_request
    rv = self.dispatch_request()
  File "D:\ASP.NET\Project\ZIPFILES_PYTHON\env\lib\site-packages\flask\app.py", line 1502, in dispatch_request
    return self.ensure_sync(self.view_functions[rule.endpoint])(**req.view_args)
  File "D:\ASP.NET\Project\ZIPFILES_PYTHON\.\app\zipfile.py", line 169, in exporter
    temp_dir.cleanup()
NameError: name 'temp_dir' is not defined
2022-03-11 10:14:43 INFO     Into Get Index
2022-03-11 10:14:43 INFO     C:\Windows\TEMP\python_zf_bl45n767
2022-03-11 10:15:02 INFO     export: Selected filename2019-029.pdf, 2019-030.pdf, 2019-031.pdf, 2019-032.pdf, 2019-033.pdf, 2019-034.pdf, 2019-025.pdf, 2019-026.pdf, 2019-027.pdf, 2019-028.pdf, 
2022-03-11 10:15:02 ERROR    Exception on /export [POST]
Traceback (most recent call last):
  File "D:\ASP.NET\Project\ZIPFILES_PYTHON\.\app\zipfile.py", line 126, in exporter
    if not glob.glob(temp_dir.name+'/*', recursive=True):
NameError: name 'temp_dir' is not defined

During handling of the above exception, another exception occurred:

Traceback (most recent call last):
  File "D:\ASP.NET\Project\ZIPFILES_PYTHON\env\lib\site-packages\flask\app.py", line 2073, in wsgi_app
    response = self.full_dispatch_request()
  File "D:\ASP.NET\Project\ZIPFILES_PYTHON\env\lib\site-packages\flask\app.py", line 1518, in full_dispatch_request
    rv = self.handle_user_exception(e)
  File "D:\ASP.NET\Project\ZIPFILES_PYTHON\env\lib\site-packages\flask\app.py", line 1516, in full_dispatch_request
    rv = self.dispatch_request()
  File "D:\ASP.NET\Project\ZIPFILES_PYTHON\env\lib\site-packages\flask\app.py", line 1502, in dispatch_request
    return self.ensure_sync(self.view_functions[rule.endpoint])(**req.view_args)
  File "D:\ASP.NET\Project\ZIPFILES_PYTHON\.\app\zipfile.py", line 168, in exporter
    temp_dir.cleanup()
NameError: name 'temp_dir' is not defined
2022-03-11 10:17:49 INFO     Into Get Index
2022-03-11 10:17:49 INFO     C:\Windows\TEMP\python_zf_vwn7m5n8
2022-03-11 10:17:54 INFO     into upload post
2022-03-11 10:17:54 INFO     upload: name file: text3.txt
2022-03-11 10:17:54 ERROR    upload: error upload method
2022-03-11 10:17:54 ERROR    Exception on /upload [POST]
Traceback (most recent call last):
  File "D:\ASP.NET\Project\ZIPFILES_PYTHON\.\app\zipfile.py", line 64, in uploader
    f.save(os.path.join(temp_dir.name,f.filename))
NameError: name 'temp_dir' is not defined

During handling of the above exception, another exception occurred:

Traceback (most recent call last):
  File "D:\ASP.NET\Project\ZIPFILES_PYTHON\env\lib\site-packages\flask\app.py", line 2073, in wsgi_app
    response = self.full_dispatch_request()
  File "D:\ASP.NET\Project\ZIPFILES_PYTHON\env\lib\site-packages\flask\app.py", line 1518, in full_dispatch_request
    rv = self.handle_user_exception(e)
  File "D:\ASP.NET\Project\ZIPFILES_PYTHON\env\lib\site-packages\flask\app.py", line 1516, in full_dispatch_request
    rv = self.dispatch_request()
  File "D:\ASP.NET\Project\ZIPFILES_PYTHON\env\lib\site-packages\flask\app.py", line 1502, in dispatch_request
    return self.ensure_sync(self.view_functions[rule.endpoint])(**req.view_args)
  File "D:\ASP.NET\Project\ZIPFILES_PYTHON\.\app\zipfile.py", line 77, in uploader
    temp_dir.cleanup()
NameError: name 'temp_dir' is not defined
2022-03-11 10:17:55 INFO     export: Selected filenametext3.txt, 
2022-03-11 10:17:55 ERROR    Exception on /export [POST]
Traceback (most recent call last):
  File "D:\ASP.NET\Project\ZIPFILES_PYTHON\.\app\zipfile.py", line 126, in exporter
    if not glob.glob(temp_dir.name+'/*', recursive=True):
NameError: name 'temp_dir' is not defined

During handling of the above exception, another exception occurred:

Traceback (most recent call last):
  File "D:\ASP.NET\Project\ZIPFILES_PYTHON\env\lib\site-packages\flask\app.py", line 2073, in wsgi_app
    response = self.full_dispatch_request()
  File "D:\ASP.NET\Project\ZIPFILES_PYTHON\env\lib\site-packages\flask\app.py", line 1518, in full_dispatch_request
    rv = self.handle_user_exception(e)
  File "D:\ASP.NET\Project\ZIPFILES_PYTHON\env\lib\site-packages\flask\app.py", line 1516, in full_dispatch_request
    rv = self.dispatch_request()
  File "D:\ASP.NET\Project\ZIPFILES_PYTHON\env\lib\site-packages\flask\app.py", line 1502, in dispatch_request
    return self.ensure_sync(self.view_functions[rule.endpoint])(**req.view_args)
  File "D:\ASP.NET\Project\ZIPFILES_PYTHON\.\app\zipfile.py", line 168, in exporter
    temp_dir.cleanup()
NameError: name 'temp_dir' is not defined
2022-03-11 10:19:46 INFO     Into Get Index
2022-03-11 10:19:46 INFO     C:\Windows\TEMP\python_zf_wshgbe0e
2022-03-11 10:20:10 INFO     export: Selected filename2019-028.pdf, 2019-029.pdf, 2019-030.pdf, 2019-031.pdf, 2019-032.pdf, 2019-033.pdf, 2019-034.pdf, 2019-025.pdf, 2019-026.pdf, 2019-027.pdf, 
2022-03-11 10:20:11 INFO     Into Get Index
2022-03-11 10:20:11 INFO     C:\Windows\TEMP\python_zf_to9xmk1k
2022-03-11 10:20:16 INFO     export: into refresh
2022-03-11 10:20:16 INFO     export: temp_dir cleanup
2022-03-11 10:20:16 INFO     Into Get Index
2022-03-11 10:20:16 INFO     C:\Windows\TEMP\python_zf_73oygtkn
2022-03-11 10:20:29 INFO     export: Selected filename2019-027.pdf, 2019-028.pdf, 2019-029.pdf, 2019-030.pdf, 2019-031.pdf, 2019-032.pdf, 2019-033.pdf, 2019-034.pdf, 2019-025.pdf, 2019-026.pdf, 
2022-03-11 10:20:29 ERROR    Exception on /export [POST]
Traceback (most recent call last):
  File "D:\ASP.NET\Project\ZIPFILES_PYTHON\.\app\zipfile.py", line 127, in exporter
    if not glob.glob(temp_dir.name+'/*', recursive=True):
NameError: name 'temp_dir' is not defined

During handling of the above exception, another exception occurred:

Traceback (most recent call last):
  File "D:\ASP.NET\Project\ZIPFILES_PYTHON\env\lib\site-packages\flask\app.py", line 2073, in wsgi_app
    response = self.full_dispatch_request()
  File "D:\ASP.NET\Project\ZIPFILES_PYTHON\env\lib\site-packages\flask\app.py", line 1518, in full_dispatch_request
    rv = self.handle_user_exception(e)
  File "D:\ASP.NET\Project\ZIPFILES_PYTHON\env\lib\site-packages\flask\app.py", line 1516, in full_dispatch_request
    rv = self.dispatch_request()
  File "D:\ASP.NET\Project\ZIPFILES_PYTHON\env\lib\site-packages\flask\app.py", line 1502, in dispatch_request
    return self.ensure_sync(self.view_functions[rule.endpoint])(**req.view_args)
  File "D:\ASP.NET\Project\ZIPFILES_PYTHON\.\app\zipfile.py", line 169, in exporter
    temp_dir.cleanup()
NameError: name 'temp_dir' is not defined
2022-03-11 10:38:36 INFO     Into Get Index
2022-03-11 10:38:36 INFO     C:\Windows\Temp\python_zf_8h46hue5
2022-03-11 10:38:41 INFO     into upload post
2022-03-11 10:38:41 INFO     upload: name file: text1.txt
2022-03-11 10:38:41 ERROR    upload: error upload method
2022-03-11 10:38:41 ERROR    Exception on /upload [POST]
Traceback (most recent call last):
  File "D:\ASP.NET\Project\ZIPFILES_PYTHON\.\app\zipfile.py", line 67, in uploader
    f.save(os.path.join(temp_dir.name,f.filename))
NameError: name 'temp_dir' is not defined

During handling of the above exception, another exception occurred:

Traceback (most recent call last):
  File "D:\ASP.NET\Project\ZIPFILES_PYTHON\env\lib\site-packages\flask\app.py", line 2073, in wsgi_app
    response = self.full_dispatch_request()
  File "D:\ASP.NET\Project\ZIPFILES_PYTHON\env\lib\site-packages\flask\app.py", line 1518, in full_dispatch_request
    rv = self.handle_user_exception(e)
  File "D:\ASP.NET\Project\ZIPFILES_PYTHON\env\lib\site-packages\flask\app.py", line 1516, in full_dispatch_request
    rv = self.dispatch_request()
  File "D:\ASP.NET\Project\ZIPFILES_PYTHON\env\lib\site-packages\flask\app.py", line 1502, in dispatch_request
    return self.ensure_sync(self.view_functions[rule.endpoint])(**req.view_args)
  File "D:\ASP.NET\Project\ZIPFILES_PYTHON\.\app\zipfile.py", line 80, in uploader
    temp_dir.cleanup()
NameError: name 'temp_dir' is not defined
2022-03-11 10:38:42 INFO     export: Selected filenametext1.txt, text2.txt, text3.txt, 
2022-03-11 10:38:42 ERROR    Exception on /export [POST]
Traceback (most recent call last):
  File "D:\ASP.NET\Project\ZIPFILES_PYTHON\.\app\zipfile.py", line 129, in exporter
    if not glob.glob(temp_dir.name+'/*', recursive=True):
NameError: name 'temp_dir' is not defined

During handling of the above exception, another exception occurred:

Traceback (most recent call last):
  File "D:\ASP.NET\Project\ZIPFILES_PYTHON\env\lib\site-packages\flask\app.py", line 2073, in wsgi_app
    response = self.full_dispatch_request()
  File "D:\ASP.NET\Project\ZIPFILES_PYTHON\env\lib\site-packages\flask\app.py", line 1518, in full_dispatch_request
    rv = self.handle_user_exception(e)
  File "D:\ASP.NET\Project\ZIPFILES_PYTHON\env\lib\site-packages\flask\app.py", line 1516, in full_dispatch_request
    rv = self.dispatch_request()
  File "D:\ASP.NET\Project\ZIPFILES_PYTHON\env\lib\site-packages\flask\app.py", line 1502, in dispatch_request
    return self.ensure_sync(self.view_functions[rule.endpoint])(**req.view_args)
  File "D:\ASP.NET\Project\ZIPFILES_PYTHON\.\app\zipfile.py", line 171, in exporter
    temp_dir.cleanup()
NameError: name 'temp_dir' is not defined
2022-03-11 10:38:53 INFO     Into Get Index
2022-03-11 10:38:53 INFO     C:\Windows\Temp\python_zf_qppveq_e
2022-03-11 10:39:00 INFO     into upload post
2022-03-11 10:39:00 INFO     upload: name file: text2.txt
2022-03-11 10:39:00 ERROR    upload: error upload method
2022-03-11 10:39:00 ERROR    Exception on /upload [POST]
Traceback (most recent call last):
  File "D:\ASP.NET\Project\ZIPFILES_PYTHON\.\app\zipfile.py", line 67, in uploader
    f.save(os.path.join(temp_dir.name,f.filename))
NameError: name 'temp_dir' is not defined

During handling of the above exception, another exception occurred:

Traceback (most recent call last):
  File "D:\ASP.NET\Project\ZIPFILES_PYTHON\env\lib\site-packages\flask\app.py", line 2073, in wsgi_app
    response = self.full_dispatch_request()
  File "D:\ASP.NET\Project\ZIPFILES_PYTHON\env\lib\site-packages\flask\app.py", line 1518, in full_dispatch_request
    rv = self.handle_user_exception(e)
  File "D:\ASP.NET\Project\ZIPFILES_PYTHON\env\lib\site-packages\flask\app.py", line 1516, in full_dispatch_request
    rv = self.dispatch_request()
  File "D:\ASP.NET\Project\ZIPFILES_PYTHON\env\lib\site-packages\flask\app.py", line 1502, in dispatch_request
    return self.ensure_sync(self.view_functions[rule.endpoint])(**req.view_args)
  File "D:\ASP.NET\Project\ZIPFILES_PYTHON\.\app\zipfile.py", line 80, in uploader
    temp_dir.cleanup()
NameError: name 'temp_dir' is not defined
2022-03-11 10:39:02 INFO     into upload post
2022-03-11 10:39:02 INFO     upload: name file: text2.txt
2022-03-11 10:39:02 ERROR    upload: error upload method
2022-03-11 10:39:02 ERROR    Exception on /upload [POST]
Traceback (most recent call last):
  File "D:\ASP.NET\Project\ZIPFILES_PYTHON\.\app\zipfile.py", line 67, in uploader
    f.save(os.path.join(temp_dir.name,f.filename))
NameError: name 'temp_dir' is not defined

During handling of the above exception, another exception occurred:

Traceback (most recent call last):
  File "D:\ASP.NET\Project\ZIPFILES_PYTHON\env\lib\site-packages\flask\app.py", line 2073, in wsgi_app
    response = self.full_dispatch_request()
  File "D:\ASP.NET\Project\ZIPFILES_PYTHON\env\lib\site-packages\flask\app.py", line 1518, in full_dispatch_request
    rv = self.handle_user_exception(e)
  File "D:\ASP.NET\Project\ZIPFILES_PYTHON\env\lib\site-packages\flask\app.py", line 1516, in full_dispatch_request
    rv = self.dispatch_request()
  File "D:\ASP.NET\Project\ZIPFILES_PYTHON\env\lib\site-packages\flask\app.py", line 1502, in dispatch_request
    return self.ensure_sync(self.view_functions[rule.endpoint])(**req.view_args)
  File "D:\ASP.NET\Project\ZIPFILES_PYTHON\.\app\zipfile.py", line 80, in uploader
    temp_dir.cleanup()
NameError: name 'temp_dir' is not defined
2022-03-11 10:39:04 INFO     into upload post
2022-03-11 10:39:04 INFO     upload: name file: text3.txt
2022-03-11 10:39:04 ERROR    upload: error upload method
2022-03-11 10:39:04 ERROR    Exception on /upload [POST]
Traceback (most recent call last):
  File "D:\ASP.NET\Project\ZIPFILES_PYTHON\.\app\zipfile.py", line 67, in uploader
    f.save(os.path.join(temp_dir.name,f.filename))
NameError: name 'temp_dir' is not defined

During handling of the above exception, another exception occurred:

Traceback (most recent call last):
  File "D:\ASP.NET\Project\ZIPFILES_PYTHON\env\lib\site-packages\flask\app.py", line 2073, in wsgi_app
    response = self.full_dispatch_request()
  File "D:\ASP.NET\Project\ZIPFILES_PYTHON\env\lib\site-packages\flask\app.py", line 1518, in full_dispatch_request
    rv = self.handle_user_exception(e)
  File "D:\ASP.NET\Project\ZIPFILES_PYTHON\env\lib\site-packages\flask\app.py", line 1516, in full_dispatch_request
    rv = self.dispatch_request()
  File "D:\ASP.NET\Project\ZIPFILES_PYTHON\env\lib\site-packages\flask\app.py", line 1502, in dispatch_request
    return self.ensure_sync(self.view_functions[rule.endpoint])(**req.view_args)
  File "D:\ASP.NET\Project\ZIPFILES_PYTHON\.\app\zipfile.py", line 80, in uploader
    temp_dir.cleanup()
NameError: name 'temp_dir' is not defined
2022-03-11 10:39:05 INFO     export: Selected filenametext2.txt, text2.txt, text3.txt, 
2022-03-11 10:39:05 ERROR    Exception on /export [POST]
Traceback (most recent call last):
  File "D:\ASP.NET\Project\ZIPFILES_PYTHON\.\app\zipfile.py", line 129, in exporter
    if not glob.glob(temp_dir.name+'/*', recursive=True):
NameError: name 'temp_dir' is not defined

During handling of the above exception, another exception occurred:

Traceback (most recent call last):
  File "D:\ASP.NET\Project\ZIPFILES_PYTHON\env\lib\site-packages\flask\app.py", line 2073, in wsgi_app
    response = self.full_dispatch_request()
  File "D:\ASP.NET\Project\ZIPFILES_PYTHON\env\lib\site-packages\flask\app.py", line 1518, in full_dispatch_request
    rv = self.handle_user_exception(e)
  File "D:\ASP.NET\Project\ZIPFILES_PYTHON\env\lib\site-packages\flask\app.py", line 1516, in full_dispatch_request
    rv = self.dispatch_request()
  File "D:\ASP.NET\Project\ZIPFILES_PYTHON\env\lib\site-packages\flask\app.py", line 1502, in dispatch_request
    return self.ensure_sync(self.view_functions[rule.endpoint])(**req.view_args)
  File "D:\ASP.NET\Project\ZIPFILES_PYTHON\.\app\zipfile.py", line 171, in exporter
    temp_dir.cleanup()
NameError: name 'temp_dir' is not defined
2022-03-11 10:44:40 INFO     Into Get Index
2022-03-11 10:44:40 INFO     C:\Windows\Temp\python_zf_pssf5mqo
2022-03-11 10:45:17 INFO     into upload post
2022-03-11 10:45:17 INFO     upload: name file: text2.txt
2022-03-11 10:45:17 ERROR    upload: error upload method
2022-03-11 10:45:17 ERROR    Exception on /upload [POST]
Traceback (most recent call last):
  File "D:\ASP.NET\Project\ZIPFILES_PYTHON\.\app\zipfile.py", line 67, in uploader
    f.save(os.path.join(temp_dir.name,f.filename))
NameError: name 'temp_dir' is not defined

During handling of the above exception, another exception occurred:

Traceback (most recent call last):
  File "D:\ASP.NET\Project\ZIPFILES_PYTHON\env\lib\site-packages\flask\app.py", line 2073, in wsgi_app
    response = self.full_dispatch_request()
  File "D:\ASP.NET\Project\ZIPFILES_PYTHON\env\lib\site-packages\flask\app.py", line 1518, in full_dispatch_request
    rv = self.handle_user_exception(e)
  File "D:\ASP.NET\Project\ZIPFILES_PYTHON\env\lib\site-packages\flask\app.py", line 1516, in full_dispatch_request
    rv = self.dispatch_request()
  File "D:\ASP.NET\Project\ZIPFILES_PYTHON\env\lib\site-packages\flask\app.py", line 1502, in dispatch_request
    return self.ensure_sync(self.view_functions[rule.endpoint])(**req.view_args)
  File "D:\ASP.NET\Project\ZIPFILES_PYTHON\.\app\zipfile.py", line 80, in uploader
    temp_dir.cleanup()
NameError: name 'temp_dir' is not defined
2022-03-11 10:53:02 INFO     Into Get Index
2022-03-11 10:53:02 INFO     C:\Windows\Temp\python_zf_nroqphaa
2022-03-11 10:53:06 INFO     into upload post
2022-03-11 10:53:06 INFO     upload: name file: text2.txt
2022-03-11 10:53:06 ERROR    upload: error upload method
2022-03-11 10:53:06 ERROR    Exception on /upload [POST]
Traceback (most recent call last):
  File "D:\ASP.NET\Project\ZIPFILES_PYTHON\.\app\zipfile.py", line 68, in uploader
    f.save(os.path.join(temp_dir.name,f.filename))
AttributeError: 'NoneType' object has no attribute 'name'

During handling of the above exception, another exception occurred:

Traceback (most recent call last):
  File "D:\ASP.NET\Project\ZIPFILES_PYTHON\env\lib\site-packages\flask\app.py", line 2073, in wsgi_app
    response = self.full_dispatch_request()
  File "D:\ASP.NET\Project\ZIPFILES_PYTHON\env\lib\site-packages\flask\app.py", line 1518, in full_dispatch_request
    rv = self.handle_user_exception(e)
  File "D:\ASP.NET\Project\ZIPFILES_PYTHON\env\lib\site-packages\flask\app.py", line 1516, in full_dispatch_request
    rv = self.dispatch_request()
  File "D:\ASP.NET\Project\ZIPFILES_PYTHON\env\lib\site-packages\flask\app.py", line 1502, in dispatch_request
    return self.ensure_sync(self.view_functions[rule.endpoint])(**req.view_args)
  File "D:\ASP.NET\Project\ZIPFILES_PYTHON\.\app\zipfile.py", line 81, in uploader
    temp_dir.cleanup()
AttributeError: 'NoneType' object has no attribute 'cleanup'
2022-03-11 10:53:08 INFO     export: Selected filenametext2.txt, 
2022-03-11 10:53:08 ERROR    Exception on /export [POST]
Traceback (most recent call last):
  File "D:\ASP.NET\Project\ZIPFILES_PYTHON\.\app\zipfile.py", line 130, in exporter
    if not glob.glob(temp_dir.name+'/*', recursive=True):
AttributeError: 'NoneType' object has no attribute 'name'

During handling of the above exception, another exception occurred:

Traceback (most recent call last):
  File "D:\ASP.NET\Project\ZIPFILES_PYTHON\env\lib\site-packages\flask\app.py", line 2073, in wsgi_app
    response = self.full_dispatch_request()
  File "D:\ASP.NET\Project\ZIPFILES_PYTHON\env\lib\site-packages\flask\app.py", line 1518, in full_dispatch_request
    rv = self.handle_user_exception(e)
  File "D:\ASP.NET\Project\ZIPFILES_PYTHON\env\lib\site-packages\flask\app.py", line 1516, in full_dispatch_request
    rv = self.dispatch_request()
  File "D:\ASP.NET\Project\ZIPFILES_PYTHON\env\lib\site-packages\flask\app.py", line 1502, in dispatch_request
    return self.ensure_sync(self.view_functions[rule.endpoint])(**req.view_args)
  File "D:\ASP.NET\Project\ZIPFILES_PYTHON\.\app\zipfile.py", line 172, in exporter
    temp_dir.cleanup()
AttributeError: 'NoneType' object has no attribute 'cleanup'
2022-03-11 17:24:58 INFO     Into Get Index
2022-03-11 17:24:58 INFO     C:\Windows\Temp\python_zf_uqssgd3l
2022-03-11 17:24:58 INFO     index: check have temp_dir is True
2022-03-11 17:25:22 INFO     Into Get Index
2022-03-11 17:25:22 INFO     C:\Windows\Temp\python_zf_8rnna3eb
2022-03-11 17:25:22 INFO     index: check have temp_dir is True
2022-03-11 17:25:47 INFO     Into Get Index
2022-03-11 17:25:47 INFO     C:\Windows\Temp\python_zf_88_hlwps
2022-03-11 17:25:47 INFO     index: check have temp_dir is True
2022-03-11 17:26:13 INFO     into upload post
2022-03-11 17:26:13 INFO     upload: check have temp_dir is True
2022-03-11 17:26:13 INFO     upload: path temp_dir: C:\Windows\Temp\python_zf_88_hlwps
2022-03-11 17:26:13 INFO     upload: name file: text2.txt
2022-03-11 17:26:13 INFO     C:\Windows\Temp\python_zf_88_hlwps\text2.txt
2022-03-11 17:26:13 INFO     save file success
2022-03-11 17:26:13 INFO     upload: name file: text3.txt
2022-03-11 17:26:13 INFO     C:\Windows\Temp\python_zf_88_hlwps\text3.txt
2022-03-11 17:26:13 INFO     save file success
2022-03-11 17:26:13 INFO     upload: name file: Working_Hour_Report_2022.xlsx
2022-03-11 17:26:13 INFO     C:\Windows\Temp\python_zf_88_hlwps\Working_Hour_Report_2022.xlsx
2022-03-11 17:26:13 INFO     save file success
2022-03-11 17:26:13 INFO     upload: saved files in uploads success
2022-03-11 17:26:22 INFO     export: Selected filenametext2.txt, text3.txt, Working_Hour_Report_2022.xlsx, 
2022-03-11 17:26:22 INFO     export: file in tempdir:text2.txt, text3.txt, Working_Hour_Report_2022.xlsx
2022-03-11 17:26:22 INFO     export: create zipfile success
2022-03-11 17:26:22 INFO     export: response zipfile success
2022-03-11 17:26:22 INFO     export: temp_dir cleanup
2022-03-11 17:27:13 INFO     export: into auto save password
2022-03-11 17:27:17 INFO     export: into auto save password
2022-03-11 17:27:26 INFO     export: Selected filenametext2.txt, text3.txt, Working_Hour_Report_2022.xlsx, 
2022-03-11 17:27:26 ERROR    export: Zip File has been exported or files in temporary directory deleted, Please select files again. 
2022-03-11 17:27:26 INFO     Into Get Index
2022-03-11 17:27:26 INFO     C:\Windows\Temp\python_zf_3xqm79nz
2022-03-11 17:27:26 INFO     index: check have temp_dir is True
2022-03-11 17:28:51 INFO     into upload post
2022-03-11 17:28:51 INFO     upload: check have temp_dir is True
2022-03-11 17:28:51 INFO     upload: path temp_dir: C:\Windows\Temp\python_zf_3xqm79nz
2022-03-11 17:28:51 INFO     upload: name file: 12. Tax Rate Analysis(税率差異分析）.pdf
2022-03-11 17:28:51 INFO     C:\Windows\Temp\python_zf_3xqm79nz\12. Tax Rate Analysis(税率差異分析）.pdf
2022-03-11 17:28:51 INFO     save file success
2022-03-11 17:28:51 INFO     upload: name file: 12-2 経理スタッフ研修終了証(ゲオさん）.pdf
2022-03-11 17:28:51 INFO     C:\Windows\Temp\python_zf_3xqm79nz\12-2 経理スタッフ研修終了証(ゲオさん）.pdf
2022-03-11 17:28:51 INFO     save file success
2022-03-11 17:28:51 INFO     upload: name file: 13.　Ｄｅｆｅｒｒｅｄ　Ｔａｘ(繰り延べ税金）.pdf
2022-03-11 17:28:51 INFO     C:\Windows\Temp\python_zf_3xqm79nz\13.　Ｄｅｆｅｒｒｅｄ　Ｔａｘ(繰り延べ税金）.pdf
2022-03-11 17:28:51 INFO     save file success
2022-03-11 17:28:51 INFO     upload: name file: 14.Tax Provision.pdf
2022-03-11 17:28:51 INFO     C:\Windows\Temp\python_zf_3xqm79nz\14.Tax Provision.pdf
2022-03-11 17:28:51 INFO     save file success
2022-03-11 17:28:52 INFO     upload: name file: 2012固定資産有無.pdf
2022-03-11 17:28:52 INFO     C:\Windows\Temp\python_zf_3xqm79nz\2012固定資産有無.pdf
2022-03-11 17:28:52 INFO     save file success
2022-03-11 17:28:52 INFO     upload: name file: 2013　NRV販売経費計算.pdf
2022-03-11 17:28:52 INFO     C:\Windows\Temp\python_zf_3xqm79nz\2013　NRV販売経費計算.pdf
2022-03-11 17:28:52 INFO     save file success
2022-03-11 17:28:52 INFO     upload: name file: 2013.12.4付価格.pdf
2022-03-11 17:28:52 INFO     C:\Windows\Temp\python_zf_3xqm79nz\2013.12.4付価格.pdf
2022-03-11 17:28:52 INFO     save file success
2022-03-11 17:28:52 INFO     upload: name file: 2013.12.27付価格.pdf
2022-03-11 17:28:52 INFO     C:\Windows\Temp\python_zf_3xqm79nz\2013.12.27付価格.pdf
2022-03-11 17:28:52 INFO     save file success
2022-03-11 17:28:52 INFO     upload: name file: ①＄470.pdf
2022-03-11 17:28:52 INFO     C:\Windows\Temp\python_zf_3xqm79nz\①＄470.pdf
2022-03-11 17:28:52 INFO     save file success
2022-03-11 17:28:52 INFO     upload: name file: 1. Occupational Health Safety and Environment Working Policy.pdf
2022-03-11 17:28:52 INFO     C:\Windows\Temp\python_zf_3xqm79nz\1. Occupational Health Safety and Environment Working Policy.pdf
2022-03-11 17:28:52 INFO     save file success
2022-03-11 17:28:52 INFO     upload: name file: ②$4,277.50.pdf
2022-03-11 17:28:52 INFO     C:\Windows\Temp\python_zf_3xqm79nz\②$4,277.50.pdf
2022-03-11 17:28:52 INFO     save file success
2022-03-11 17:28:52 INFO     upload: name file: 2. Policy of Anti-corruption and anti-bribery.pdf
2022-03-11 17:28:52 INFO     C:\Windows\Temp\python_zf_3xqm79nz\2. Policy of Anti-corruption and anti-bribery.pdf
2022-03-11 17:28:52 INFO     save file success
2022-03-11 17:28:52 INFO     upload: name file: 11.5　売上伝票.pdf
2022-03-11 17:28:52 INFO     C:\Windows\Temp\python_zf_3xqm79nz\11.5　売上伝票.pdf
2022-03-11 17:28:52 INFO     save file success
2022-03-11 17:28:52 INFO     upload: name file: 11.11.16　中国製　Aプラ　CKHM納入見積REV-02.xls
2022-03-11 17:28:52 INFO     C:\Windows\Temp\python_zf_3xqm79nz\11.11.16　中国製　Aプラ　CKHM納入見積REV-02.xls
2022-03-11 17:28:52 INFO     save file success
2022-03-11 17:28:52 INFO     upload: name file: 12.  会計システムへのアクセス.pdf
2022-03-11 17:28:52 INFO     C:\Windows\Temp\python_zf_3xqm79nz\12.  会計システムへのアクセス.pdf
2022-03-11 17:28:52 INFO     save file success
2022-03-11 17:28:52 INFO     upload: saved files in uploads success
2022-03-11 17:29:05 INFO     export: Selected filename12. Tax Rate Analysis(税率差異分析）.pdf, 12-2 経理スタッフ研修終了証(ゲオさん）.pdf, 13.　Ｄｅｆｅｒｒｅｄ　Ｔａｘ(繰り延べ税金）.pdf, 14.Tax Provision.pdf, 2012固定資産有無.pdf, 2013　NRV販売経費計算.pdf, 2013.12.4付価格.pdf, 2013.12.27付価格.pdf, ①＄470.pdf, 1. Occupational Health Safety and Environment Working Policy.pdf, ②$4,277.50.pdf, 2. Policy of Anti-corruption and anti-bribery.pdf, 11.5　売上伝票.pdf, 11.11.16　中国製　Aプラ　CKHM納入見積REV-02.xls, 12.  会計システムへのアクセス.pdf, 
2022-03-11 17:29:05 INFO     export: file in tempdir:1. Occupational Health Safety and Environment Working Policy.pdf, 11.11.16　中国製　Aプラ　CKHM納入見積REV-02.xls, 11.5　売上伝票.pdf, 12-2 経理スタッフ研修終了証(ゲオさん）.pdf, 12.  会計システムへのアクセス.pdf, 12. Tax Rate Analysis(税率差異分析）.pdf, 13.　Ｄｅｆｅｒｒｅｄ　Ｔａｘ(繰り延べ税金）.pdf, 14.Tax Provision.pdf, 2. Policy of Anti-corruption and anti-bribery.pdf, 2012固定資産有無.pdf, 2013.12.27付価格.pdf, 2013.12.4付価格.pdf, 2013　NRV販売経費計算.pdf, ①＄470.pdf, ②$4,277.50.pdf
2022-03-11 17:29:05 ERROR    error in exception export method
2022-03-11 17:29:05 INFO     Into Get Index
2022-03-11 17:29:05 INFO     C:\Windows\Temp\python_zf_taj_8sli
2022-03-11 17:29:05 INFO     index: check have temp_dir is True
2022-03-11 17:29:45 INFO     into upload post
2022-03-11 17:29:45 INFO     upload: check have temp_dir is True
2022-03-11 17:29:45 INFO     upload: path temp_dir: C:\Windows\Temp\python_zf_taj_8sli
2022-03-11 17:29:45 INFO     upload: name file: 12-2 経理スタッフ研修終了証(ゲオさん）.pdf
2022-03-11 17:29:45 INFO     C:\Windows\Temp\python_zf_taj_8sli\12-2 経理スタッフ研修終了証(ゲオさん）.pdf
2022-03-11 17:29:45 INFO     save file success
2022-03-11 17:29:45 INFO     upload: name file: 13.　Ｄｅｆｅｒｒｅｄ　Ｔａｘ(繰り延べ税金）.pdf
2022-03-11 17:29:45 INFO     C:\Windows\Temp\python_zf_taj_8sli\13.　Ｄｅｆｅｒｒｅｄ　Ｔａｘ(繰り延べ税金）.pdf
2022-03-11 17:29:45 INFO     save file success
2022-03-11 17:29:45 INFO     upload: name file: 14.Tax Provision.pdf
2022-03-11 17:29:45 INFO     C:\Windows\Temp\python_zf_taj_8sli\14.Tax Provision.pdf
2022-03-11 17:29:45 INFO     save file success
2022-03-11 17:29:45 INFO     upload: name file: 2012固定資産有無.pdf
2022-03-11 17:29:45 INFO     C:\Windows\Temp\python_zf_taj_8sli\2012固定資産有無.pdf
2022-03-11 17:29:45 INFO     save file success
2022-03-11 17:29:45 INFO     upload: name file: 11.5　売上伝票.pdf
2022-03-11 17:29:45 INFO     C:\Windows\Temp\python_zf_taj_8sli\11.5　売上伝票.pdf
2022-03-11 17:29:45 INFO     save file success
2022-03-11 17:29:45 INFO     upload: name file: 11.11.16　中国製　Aプラ　CKHM納入見積REV-02.xls
2022-03-11 17:29:45 INFO     C:\Windows\Temp\python_zf_taj_8sli\11.11.16　中国製　Aプラ　CKHM納入見積REV-02.xls
2022-03-11 17:29:45 INFO     save file success
2022-03-11 17:29:45 INFO     upload: name file: 12.  会計システムへのアクセス.pdf
2022-03-11 17:29:45 INFO     C:\Windows\Temp\python_zf_taj_8sli\12.  会計システムへのアクセス.pdf
2022-03-11 17:29:45 INFO     save file success
2022-03-11 17:29:45 INFO     upload: name file: 12. Tax Rate Analysis(税率差異分析）.pdf
2022-03-11 17:29:45 INFO     C:\Windows\Temp\python_zf_taj_8sli\12. Tax Rate Analysis(税率差異分析）.pdf
2022-03-11 17:29:45 INFO     save file success
2022-03-11 17:29:45 INFO     upload: saved files in uploads success
2022-03-11 17:29:52 INFO     export: Selected filename12-2 経理スタッフ研修終了証(ゲオさん）.pdf, 13.　Ｄｅｆｅｒｒｅｄ　Ｔａｘ(繰り延べ税金）.pdf, 14.Tax Provision.pdf, 2012固定資産有無.pdf, 11.5　売上伝票.pdf, 11.11.16　中国製　Aプラ　CKHM納入見積REV-02.xls, 12.  会計システムへのアクセス.pdf, 12. Tax Rate Analysis(税率差異分析）.pdf, 
2022-03-11 17:29:52 INFO     export: file in tempdir:11.11.16　中国製　Aプラ　CKHM納入見積REV-02.xls, 11.5　売上伝票.pdf, 12-2 経理スタッフ研修終了証(ゲオさん）.pdf, 12.  会計システムへのアクセス.pdf, 12. Tax Rate Analysis(税率差異分析）.pdf, 13.　Ｄｅｆｅｒｒｅｄ　Ｔａｘ(繰り延べ税金）.pdf, 14.Tax Provision.pdf, 2012固定資産有無.pdf
2022-03-11 17:29:52 ERROR    error in exception export method
2022-03-11 17:29:52 INFO     Into Get Index
2022-03-11 17:29:52 INFO     C:\Windows\Temp\python_zf_0ygujoks
2022-03-11 17:29:52 INFO     index: check have temp_dir is True
2022-03-11 17:29:58 INFO     export: into refresh
2022-03-11 17:29:58 INFO     export: temp_dir cleanup
2022-03-11 17:29:58 INFO     Into Get Index
2022-03-11 17:29:58 INFO     C:\Windows\Temp\python_zf_awbt54f7
2022-03-11 17:29:58 INFO     index: check have temp_dir is True
2022-03-11 17:30:12 INFO     into upload post
2022-03-11 17:30:12 INFO     upload: check have temp_dir is True
2022-03-11 17:30:12 INFO     upload: path temp_dir: C:\Windows\Temp\python_zf_awbt54f7
2022-03-11 17:30:12 INFO     upload: name file: 14.Tax Provision.pdf
2022-03-11 17:30:12 INFO     C:\Windows\Temp\python_zf_awbt54f7\14.Tax Provision.pdf
2022-03-11 17:30:12 INFO     save file success
2022-03-11 17:30:12 INFO     upload: name file: 2012固定資産有無.pdf
2022-03-11 17:30:12 INFO     C:\Windows\Temp\python_zf_awbt54f7\2012固定資産有無.pdf
2022-03-11 17:30:12 INFO     save file success
2022-03-11 17:30:12 INFO     upload: name file: 2013　NRV販売経費計算.pdf
2022-03-11 17:30:12 INFO     C:\Windows\Temp\python_zf_awbt54f7\2013　NRV販売経費計算.pdf
2022-03-11 17:30:12 INFO     save file success
2022-03-11 17:30:12 INFO     upload: name file: 2013.12.4付価格.pdf
2022-03-11 17:30:12 INFO     C:\Windows\Temp\python_zf_awbt54f7\2013.12.4付価格.pdf
2022-03-11 17:30:12 INFO     save file success
2022-03-11 17:30:12 INFO     upload: name file: 13.　Ｄｅｆｅｒｒｅｄ　Ｔａｘ(繰り延べ税金）.pdf
2022-03-11 17:30:12 INFO     C:\Windows\Temp\python_zf_awbt54f7\13.　Ｄｅｆｅｒｒｅｄ　Ｔａｘ(繰り延べ税金）.pdf
2022-03-11 17:30:12 INFO     save file success
2022-03-11 17:30:12 INFO     upload: saved files in uploads success
2022-03-11 17:30:19 INFO     export: Selected filename14.Tax Provision.pdf, 2012固定資産有無.pdf, 2013　NRV販売経費計算.pdf, 2013.12.4付価格.pdf, 13.　Ｄｅｆｅｒｒｅｄ　Ｔａｘ(繰り延べ税金）.pdf, 
2022-03-11 17:30:19 INFO     export: file in tempdir:13.　Ｄｅｆｅｒｒｅｄ　Ｔａｘ(繰り延べ税金）.pdf, 14.Tax Provision.pdf, 2012固定資産有無.pdf, 2013.12.4付価格.pdf, 2013　NRV販売経費計算.pdf
2022-03-11 17:30:19 ERROR    error in exception export method
2022-03-11 17:30:19 INFO     Into Get Index
2022-03-11 17:30:19 INFO     C:\Windows\Temp\python_zf_vvlxepdk
2022-03-11 17:30:19 INFO     index: check have temp_dir is True
2022-03-11 17:30:53 INFO     into upload post
2022-03-11 17:30:53 INFO     upload: check have temp_dir is True
2022-03-11 17:30:53 INFO     upload: path temp_dir: C:\Windows\Temp\python_zf_vvlxepdk
2022-03-11 17:30:53 INFO     upload: name file: 2013.12.27付価格.pdf
2022-03-11 17:30:53 INFO     C:\Windows\Temp\python_zf_vvlxepdk\2013.12.27付価格.pdf
2022-03-11 17:30:53 INFO     save file success
2022-03-11 17:30:53 INFO     upload: saved files in uploads success
2022-03-11 17:31:04 INFO     export: Selected filename2013.12.27付価格.pdf, 
2022-03-11 17:31:04 INFO     export: file in tempdir:2013.12.27付価格.pdf
2022-03-11 17:31:04 ERROR    error in exception export method
2022-03-11 17:31:04 INFO     Into Get Index
2022-03-11 17:31:04 INFO     C:\Windows\Temp\python_zf_vl86zmaf
2022-03-11 17:31:04 INFO     index: check have temp_dir is True
2022-03-11 17:31:10 INFO     export: into refresh
2022-03-11 17:31:10 INFO     export: temp_dir cleanup
2022-03-11 17:31:10 INFO     Into Get Index
2022-03-11 17:31:10 INFO     C:\Windows\Temp\python_zf_3oepjyfe
2022-03-11 17:31:10 INFO     index: check have temp_dir is True
2022-03-11 17:31:12 INFO     export: into refresh
2022-03-11 17:31:12 INFO     export: temp_dir cleanup
2022-03-11 17:31:12 INFO     Into Get Index
2022-03-11 17:31:12 INFO     C:\Windows\Temp\python_zf_0a7ldfdd
2022-03-11 17:31:12 INFO     index: check have temp_dir is True
2022-03-11 17:31:20 INFO     into upload post
2022-03-11 17:31:20 INFO     upload: check have temp_dir is True
2022-03-11 17:31:20 INFO     upload: path temp_dir: C:\Windows\Temp\python_zf_0a7ldfdd
2022-03-11 17:31:20 INFO     upload: name file: 2013.12.4付価格.pdf
2022-03-11 17:31:20 INFO     C:\Windows\Temp\python_zf_0a7ldfdd\2013.12.4付価格.pdf
2022-03-11 17:31:20 INFO     save file success
2022-03-11 17:31:20 INFO     upload: saved files in uploads success
2022-03-11 17:31:22 INFO     export: Selected filename2013.12.4付価格.pdf, 
2022-03-11 17:31:22 INFO     export: file in tempdir:2013.12.4付価格.pdf
2022-03-11 17:31:22 ERROR    error in exception export method
2022-03-11 17:31:22 INFO     Into Get Index
2022-03-11 17:31:22 INFO     C:\Windows\Temp\python_zf_kjmvoya5
2022-03-11 17:31:22 INFO     index: check have temp_dir is True
2022-03-11 17:32:13 INFO     export: into refresh
2022-03-11 17:32:13 INFO     export: temp_dir cleanup
2022-03-11 17:32:13 INFO     Into Get Index
2022-03-11 17:32:13 INFO     C:\Windows\Temp\python_zf_1d0ep5th
2022-03-11 17:32:13 INFO     index: check have temp_dir is True
2022-03-11 17:33:04 INFO     into upload post
2022-03-11 17:33:04 INFO     upload: check have temp_dir is True
2022-03-11 17:33:04 INFO     upload: path temp_dir: C:\Windows\Temp\python_zf_1d0ep5th
2022-03-11 17:33:04 INFO     upload: name file: 2013　NRV販売経費計算.pdf
2022-03-11 17:33:04 INFO     C:\Windows\Temp\python_zf_1d0ep5th\2013　NRV販売経費計算.pdf
2022-03-11 17:33:04 INFO     save file success
2022-03-11 17:33:04 INFO     upload: saved files in uploads success
2022-03-11 17:33:18 INFO     export: Selected filename2013　NRV販売経費計算.pdf, 
2022-03-11 17:33:18 INFO     export: file in tempdir:2013　NRV販売経費計算.pdf
2022-03-11 17:33:18 ERROR    error in exception export method
2022-03-11 17:33:18 INFO     Into Get Index
2022-03-11 17:33:18 INFO     C:\Windows\Temp\python_zf_fzazyrax
2022-03-11 17:33:18 INFO     index: check have temp_dir is True
2022-03-14 08:33:24 INFO     Into Get Index
2022-03-14 08:33:24 INFO     C:\Windows\Temp\python_zf_l375ru2u
2022-03-14 08:33:24 INFO     index: check have temp_dir is True
2022-03-14 08:34:47 INFO     into upload post
2022-03-14 08:34:47 INFO     upload: check have temp_dir is True
2022-03-14 08:34:47 INFO     upload: path temp_dir: C:\Windows\Temp\python_zf_l375ru2u
2022-03-14 08:34:47 INFO     upload: name file: 2018-006.pdf
2022-03-14 08:34:47 INFO     C:\Windows\Temp\python_zf_l375ru2u\2018-006.pdf
2022-03-14 08:34:47 INFO     save file success
2022-03-14 08:34:47 INFO     upload: saved files in uploads success
2022-03-14 08:34:49 INFO     export: Selected filename2018-006.pdf, 
2022-03-14 08:34:49 INFO     export: file in tempdir:2018-006.pdf
2022-03-14 08:34:49 INFO     export: create zipfile success
2022-03-14 08:34:49 INFO     export: response zipfile success
2022-03-14 08:34:49 INFO     export: temp_dir cleanup
2022-03-14 08:34:57 INFO     export: into refresh
2022-03-14 08:34:57 INFO     export: temp_dir cleanup
2022-03-14 08:34:57 INFO     Into Get Index
2022-03-14 08:34:57 INFO     C:\Windows\Temp\python_zf_baqfyu6m
2022-03-14 08:34:57 INFO     index: check have temp_dir is True
2022-03-14 08:35:10 INFO     into upload post
2022-03-14 08:35:10 INFO     upload: check have temp_dir is True
2022-03-14 08:35:10 INFO     upload: path temp_dir: C:\Windows\Temp\python_zf_baqfyu6m
2022-03-14 08:35:10 INFO     upload: name file: 2018-014.pdf
2022-03-14 08:35:10 INFO     C:\Windows\Temp\python_zf_baqfyu6m\2018-014.pdf
2022-03-14 08:35:10 INFO     save file success
2022-03-14 08:35:10 INFO     upload: saved files in uploads success
2022-03-14 08:35:12 INFO     export: Selected filename2018-014.pdf, 
2022-03-14 08:35:12 INFO     export: file in tempdir:2018-014.pdf
2022-03-14 08:35:12 INFO     export: create zipfile success
2022-03-14 08:35:12 INFO     export: response zipfile success
2022-03-14 08:35:12 INFO     export: temp_dir cleanup
2022-03-14 08:35:31 INFO     export: Selected filename2018-014.pdf, 
2022-03-14 08:35:31 ERROR    export: Zip File has been exported or files in temporary directory deleted, Please select files again. 
2022-03-14 08:35:31 INFO     Into Get Index
2022-03-14 08:35:31 INFO     C:\Windows\Temp\python_zf_731weylq
2022-03-14 08:35:31 INFO     index: check have temp_dir is True
2022-03-14 08:35:48 INFO     into upload post
2022-03-14 08:35:48 INFO     upload: check have temp_dir is True
2022-03-14 08:35:48 INFO     upload: path temp_dir: C:\Windows\Temp\python_zf_731weylq
2022-03-14 08:35:48 INFO     upload: name file: 2018-015.pdf
2022-03-14 08:35:48 INFO     C:\Windows\Temp\python_zf_731weylq\2018-015.pdf
2022-03-14 08:35:48 INFO     save file success
2022-03-14 08:35:48 INFO     upload: name file: 2018-016.pdf
2022-03-14 08:35:48 INFO     C:\Windows\Temp\python_zf_731weylq\2018-016.pdf
2022-03-14 08:35:48 INFO     save file success
2022-03-14 08:35:48 INFO     upload: name file: 2018-017.pdf
2022-03-14 08:35:48 INFO     C:\Windows\Temp\python_zf_731weylq\2018-017.pdf
2022-03-14 08:35:48 INFO     save file success
2022-03-14 08:35:48 INFO     upload: name file: 2018-018.pdf
2022-03-14 08:35:48 INFO     C:\Windows\Temp\python_zf_731weylq\2018-018.pdf
2022-03-14 08:35:48 INFO     save file success
2022-03-14 08:35:48 INFO     upload: name file: 2018-019.pdf
2022-03-14 08:35:48 INFO     C:\Windows\Temp\python_zf_731weylq\2018-019.pdf
2022-03-14 08:35:48 INFO     save file success
2022-03-14 08:35:48 INFO     upload: name file: 2018-020.pdf
2022-03-14 08:35:48 INFO     C:\Windows\Temp\python_zf_731weylq\2018-020.pdf
2022-03-14 08:35:48 INFO     save file success
2022-03-14 08:35:48 INFO     upload: name file: 2018-021.pdf
2022-03-14 08:35:48 INFO     C:\Windows\Temp\python_zf_731weylq\2018-021.pdf
2022-03-14 08:35:48 INFO     save file success
2022-03-14 08:35:48 INFO     upload: name file: 2018-013.pdf
2022-03-14 08:35:48 INFO     C:\Windows\Temp\python_zf_731weylq\2018-013.pdf
2022-03-14 08:35:48 INFO     save file success
2022-03-14 08:35:48 INFO     upload: name file: 2018-014.pdf
2022-03-14 08:35:48 INFO     C:\Windows\Temp\python_zf_731weylq\2018-014.pdf
2022-03-14 08:35:48 INFO     save file success
2022-03-14 08:35:48 INFO     upload: saved files in uploads success
2022-03-14 08:35:52 INFO     export: Selected filename2018-015.pdf, 2018-016.pdf, 2018-017.pdf, 2018-018.pdf, 2018-019.pdf, 2018-020.pdf, 2018-021.pdf, 2018-013.pdf, 2018-014.pdf, 
2022-03-14 08:35:52 INFO     export: file in tempdir:2018-013.pdf, 2018-014.pdf, 2018-015.pdf, 2018-016.pdf, 2018-017.pdf, 2018-018.pdf, 2018-019.pdf, 2018-020.pdf, 2018-021.pdf
2022-03-14 08:35:53 INFO     export: create zipfile success
2022-03-14 08:35:53 INFO     export: response zipfile success
2022-03-14 08:35:53 INFO     export: temp_dir cleanup
2022-03-14 08:36:21 INFO     export: Selected filename2018-015.pdf, 2018-016.pdf, 2018-017.pdf, 2018-018.pdf, 2018-019.pdf, 2018-020.pdf, 2018-021.pdf, 2018-013.pdf, 2018-014.pdf, 
2022-03-14 08:36:21 ERROR    export: Zip File has been exported or files in temporary directory deleted, Please select files again. 
2022-03-14 08:36:21 INFO     Into Get Index
2022-03-14 08:36:21 INFO     C:\Windows\Temp\python_zf_pn3lm3iv
2022-03-14 08:36:21 INFO     index: check have temp_dir is True
2022-03-14 08:36:34 INFO     export: into refresh
2022-03-14 08:36:34 INFO     export: temp_dir cleanup
2022-03-14 08:36:34 INFO     Into Get Index
2022-03-14 08:36:34 INFO     C:\Windows\Temp\python_zf_biqnhg_u
2022-03-14 08:36:34 INFO     index: check have temp_dir is True
2022-03-14 08:36:53 INFO     into upload post
2022-03-14 08:36:53 INFO     upload: check have temp_dir is True
2022-03-14 08:36:53 INFO     upload: path temp_dir: C:\Windows\Temp\python_zf_biqnhg_u
2022-03-14 08:36:53 INFO     upload: name file: (タイ語）内部統制基本方針と内部統制組織(2011.7.15△2改訂）.pdf
2022-03-14 08:36:53 INFO     C:\Windows\Temp\python_zf_biqnhg_u\(タイ語）内部統制基本方針と内部統制組織(2011.7.15△2改訂）.pdf
2022-03-14 08:36:53 INFO     save file success
2022-03-14 08:36:53 INFO     upload: saved files in uploads success
2022-03-14 08:36:57 INFO     export: Selected filename(タイ語）内部統制基本方針と内部統制組織(2011.7.15△2改訂）.pdf, 
2022-03-14 08:36:57 INFO     export: file in tempdir:(タイ語）内部統制基本方針と内部統制組織(2011.7.15△2改訂）.pdf
2022-03-14 08:36:57 ERROR    error in exception export method
2022-03-14 08:36:57 INFO     Into Get Index
2022-03-14 08:36:57 INFO     C:\Windows\Temp\python_zf_n_57z8n1
2022-03-14 08:36:57 INFO     index: check have temp_dir is True
2022-03-14 08:37:24 INFO     into upload post
2022-03-14 08:37:24 INFO     upload: check have temp_dir is True
2022-03-14 08:37:24 INFO     upload: path temp_dir: C:\Windows\Temp\python_zf_n_57z8n1
2022-03-14 08:37:24 INFO     upload: name file: 2018-007.pdf
2022-03-14 08:37:24 INFO     C:\Windows\Temp\python_zf_n_57z8n1\2018-007.pdf
2022-03-14 08:37:24 INFO     save file success
2022-03-14 08:37:24 INFO     upload: saved files in uploads success
2022-03-14 08:37:27 INFO     export: Selected filename2018-007.pdf, 
2022-03-14 08:37:27 INFO     export: file in tempdir:2018-007.pdf
2022-03-14 08:37:27 INFO     export: create zipfile success
2022-03-14 08:37:27 INFO     export: response zipfile success
2022-03-14 08:37:27 INFO     export: temp_dir cleanup
2022-03-14 08:37:37 INFO     export: into refresh
2022-03-14 08:37:37 INFO     export: temp_dir cleanup
2022-03-14 08:37:38 INFO     Into Get Index
2022-03-14 08:37:38 INFO     C:\Windows\Temp\python_zf_9uvwwk16
2022-03-14 08:37:38 INFO     index: check have temp_dir is True
2022-03-14 10:57:28 INFO     Into Get Index
2022-03-14 10:57:28 INFO     inpex: temp_dir part: C:\Windows\Temp\python_zf_1di6k2ff
2022-03-14 10:57:28 INFO     index: check have temp_dir is True
2022-03-14 10:58:07 INFO     into upload post
2022-03-14 10:58:07 INFO     upload: check have temp_dir is True
2022-03-14 10:58:07 INFO     upload: path temp_dir: C:\Windows\Temp\python_zf_1di6k2ff
2022-03-14 10:58:07 INFO     upload: name file: 2018-018.pdf
2022-03-14 10:58:07 INFO     C:\Windows\Temp\python_zf_1di6k2ff\2018-018.pdf
2022-03-14 10:58:07 INFO     save file success
2022-03-14 10:58:07 INFO     upload: saved files in uploads success
2022-03-14 10:58:17 INFO     into upload post
2022-03-14 10:58:17 INFO     upload: check have temp_dir is True
2022-03-14 10:58:17 INFO     upload: path temp_dir: C:\Windows\Temp\python_zf_1di6k2ff
2022-03-14 10:58:17 INFO     upload: name file: 2018-015.pdf
2022-03-14 10:58:17 INFO     C:\Windows\Temp\python_zf_1di6k2ff\2018-015.pdf
2022-03-14 10:58:17 INFO     save file success
2022-03-14 10:58:17 INFO     upload: saved files in uploads success
2022-03-14 10:58:19 INFO     into upload post
2022-03-14 10:58:19 INFO     upload: check have temp_dir is True
2022-03-14 10:58:19 INFO     upload: path temp_dir: C:\Windows\Temp\python_zf_1di6k2ff
2022-03-14 10:58:19 INFO     upload: name file: 2018-018.pdf
2022-03-14 10:58:19 INFO     C:\Windows\Temp\python_zf_1di6k2ff\2018-018.pdf
2022-03-14 10:58:19 INFO     save file success
2022-03-14 10:58:19 INFO     upload: saved files in uploads success
2022-03-14 10:58:23 INFO     into upload post
2022-03-14 10:58:23 INFO     upload: check have temp_dir is True
2022-03-14 10:58:23 INFO     upload: path temp_dir: C:\Windows\Temp\python_zf_1di6k2ff
2022-03-14 10:58:23 INFO     upload: name file: 2018-022.pdf
2022-03-14 10:58:23 INFO     C:\Windows\Temp\python_zf_1di6k2ff\2018-022.pdf
2022-03-14 10:58:23 INFO     save file success
2022-03-14 10:58:23 INFO     upload: saved files in uploads success
2022-03-14 10:58:26 INFO     into upload post
2022-03-14 10:58:26 INFO     upload: check have temp_dir is True
2022-03-14 10:58:26 INFO     upload: path temp_dir: C:\Windows\Temp\python_zf_1di6k2ff
2022-03-14 10:58:26 INFO     upload: name file: 2018-029.pdf
2022-03-14 10:58:26 INFO     C:\Windows\Temp\python_zf_1di6k2ff\2018-029.pdf
2022-03-14 10:58:26 INFO     save file success
2022-03-14 10:58:26 INFO     upload: saved files in uploads success
2022-03-14 10:58:27 INFO     export: Selected filename2018-018.pdf, 2018-015.pdf, 2018-018.pdf, 2018-022.pdf, 2018-029.pdf, 
2022-03-14 10:58:27 INFO     export: file in tempdir:2018-015.pdf, 2018-018.pdf, 2018-022.pdf, 2018-029.pdf
2022-03-14 10:58:27 INFO     export: create zipfile success
2022-03-14 10:58:27 INFO     export: response zipfile success
2022-03-14 10:58:27 INFO     export: temp_dir cleanup
2022-03-14 10:58:42 INFO     export: into auto save password
2022-03-14 10:58:52 INFO     export: into refresh
2022-03-14 10:58:52 INFO     export: temp_dir cleanup
2022-03-14 10:58:52 INFO     Into Get Index
2022-03-14 10:58:52 INFO     index: check is have session temp_dir C:\Windows\Temp\python_zf_1di6k2ff
2022-03-14 10:58:52 INFO     inpex: temp_dir part: C:\Windows\Temp\python_zf_avv56sh7
2022-03-14 10:58:52 INFO     index: check have temp_dir is True
2022-03-14 10:58:58 INFO     into upload post
2022-03-14 10:58:58 INFO     upload: check have temp_dir is True
2022-03-14 10:58:58 INFO     upload: path temp_dir: C:\Windows\Temp\python_zf_avv56sh7
2022-03-14 10:58:58 INFO     upload: name file: 2019-032.pdf
2022-03-14 10:58:58 INFO     C:\Windows\Temp\python_zf_avv56sh7\2019-032.pdf
2022-03-14 10:58:58 INFO     save file success
2022-03-14 10:58:58 INFO     upload: saved files in uploads success
2022-03-14 10:59:01 INFO     into upload post
2022-03-14 10:59:01 INFO     upload: check have temp_dir is True
2022-03-14 10:59:01 INFO     upload: path temp_dir: C:\Windows\Temp\python_zf_avv56sh7
2022-03-14 10:59:01 INFO     upload: name file: 2019-035.pdf
2022-03-14 10:59:01 INFO     C:\Windows\Temp\python_zf_avv56sh7\2019-035.pdf
2022-03-14 10:59:01 INFO     save file success
2022-03-14 10:59:01 INFO     upload: saved files in uploads success
2022-03-14 10:59:04 INFO     into upload post
2022-03-14 10:59:04 INFO     upload: check have temp_dir is True
2022-03-14 10:59:04 INFO     upload: path temp_dir: C:\Windows\Temp\python_zf_avv56sh7
2022-03-14 10:59:04 INFO     upload: name file: 2019-053.pdf
2022-03-14 10:59:04 INFO     C:\Windows\Temp\python_zf_avv56sh7\2019-053.pdf
2022-03-14 10:59:04 INFO     save file success
2022-03-14 10:59:04 INFO     upload: saved files in uploads success
2022-03-14 10:59:06 INFO     into upload post
2022-03-14 10:59:06 INFO     upload: check have temp_dir is True
2022-03-14 10:59:06 INFO     upload: path temp_dir: C:\Windows\Temp\python_zf_avv56sh7
2022-03-14 10:59:06 INFO     upload: name file: 01032018104731.pdf
2022-03-14 10:59:06 INFO     C:\Windows\Temp\python_zf_avv56sh7\01032018104731.pdf
2022-03-14 10:59:06 INFO     save file success
2022-03-14 10:59:06 INFO     upload: saved files in uploads success
2022-03-14 10:59:09 INFO     into upload post
2022-03-14 10:59:09 INFO     upload: check have temp_dir is True
2022-03-14 10:59:09 INFO     upload: path temp_dir: C:\Windows\Temp\python_zf_avv56sh7
2022-03-14 10:59:09 INFO     upload: name file: 01122017163140.pdf
2022-03-14 10:59:09 INFO     C:\Windows\Temp\python_zf_avv56sh7\01122017163140.pdf
2022-03-14 10:59:09 INFO     save file success
2022-03-14 10:59:09 INFO     upload: saved files in uploads success
2022-03-14 10:59:12 INFO     into upload post
2022-03-14 10:59:12 INFO     upload: check have temp_dir is True
2022-03-14 10:59:12 INFO     upload: path temp_dir: C:\Windows\Temp\python_zf_avv56sh7
2022-03-14 10:59:12 INFO     upload: name file: 03122018182432.pdf
2022-03-14 10:59:12 INFO     C:\Windows\Temp\python_zf_avv56sh7\03122018182432.pdf
2022-03-14 10:59:12 INFO     save file success
2022-03-14 10:59:12 INFO     upload: saved files in uploads success
2022-03-14 10:59:15 INFO     into upload post
2022-03-14 10:59:15 INFO     upload: check have temp_dir is True
2022-03-14 10:59:15 INFO     upload: path temp_dir: C:\Windows\Temp\python_zf_avv56sh7
2022-03-14 10:59:15 INFO     upload: name file: 06022020130934.pdf
2022-03-14 10:59:15 INFO     C:\Windows\Temp\python_zf_avv56sh7\06022020130934.pdf
2022-03-14 10:59:15 INFO     save file success
2022-03-14 10:59:15 INFO     upload: saved files in uploads success
2022-03-14 10:59:18 INFO     export: Selected filename2019-032.pdf, 2019-035.pdf, 2019-053.pdf, 01032018104731.pdf, 01122017163140.pdf, 03122018182432.pdf, 06022020130934.pdf, 
2022-03-14 10:59:18 INFO     export: file in tempdir:01032018104731.pdf, 01122017163140.pdf, 03122018182432.pdf, 06022020130934.pdf, 2019-032.pdf, 2019-035.pdf, 2019-053.pdf
2022-03-14 10:59:18 INFO     export: create zipfile success
2022-03-14 10:59:18 INFO     export: response zipfile success
2022-03-14 10:59:18 INFO     export: temp_dir cleanup
2022-03-14 10:59:24 INFO     export: into auto save password
2022-03-14 11:02:03 INFO     Into Get Index
2022-03-14 11:02:03 INFO     inpex: temp_dir part: C:\Windows\Temp\python_zf_jopvmuw9
2022-03-14 11:02:03 INFO     index: check have temp_dir is True
2022-03-14 11:02:29 INFO     into upload post
2022-03-14 11:02:29 INFO     upload: check have temp_dir is True
2022-03-14 11:02:29 INFO     upload: path temp_dir: C:\Windows\Temp\python_zf_jopvmuw9
2022-03-14 11:02:29 INFO     upload: name file: (タイ語）内部統制基本方針と内部統制組織(2011.7.15△2改訂）.pdf
2022-03-14 11:02:29 INFO     C:\Windows\Temp\python_zf_jopvmuw9\(タイ語）内部統制基本方針と内部統制組織(2011.7.15△2改訂）.pdf
2022-03-14 11:02:29 INFO     save file success
2022-03-14 11:02:29 INFO     upload: saved files in uploads success
2022-03-14 11:02:38 INFO     into upload post
2022-03-14 11:02:38 INFO     upload: check have temp_dir is True
2022-03-14 11:02:38 INFO     upload: path temp_dir: C:\Windows\Temp\python_zf_jopvmuw9
2022-03-14 11:02:38 INFO     upload: name file: 1. Occupational Health Safety and Environment Working Policy.pdf
2022-03-14 11:02:38 INFO     C:\Windows\Temp\python_zf_jopvmuw9\1. Occupational Health Safety and Environment Working Policy.pdf
2022-03-14 11:02:38 INFO     save file success
2022-03-14 11:02:38 INFO     upload: saved files in uploads success
2022-03-14 11:02:40 INFO     into upload post
2022-03-14 11:02:40 INFO     upload: check have temp_dir is True
2022-03-14 11:02:40 INFO     upload: path temp_dir: C:\Windows\Temp\python_zf_jopvmuw9
2022-03-14 11:02:40 INFO     upload: name file: 2. Policy of Anti-corruption and anti-bribery.pdf
2022-03-14 11:02:40 INFO     C:\Windows\Temp\python_zf_jopvmuw9\2. Policy of Anti-corruption and anti-bribery.pdf
2022-03-14 11:02:40 INFO     save file success
2022-03-14 11:02:40 INFO     upload: saved files in uploads success
2022-03-14 11:02:50 INFO     into upload post
2022-03-14 11:02:50 INFO     upload: check have temp_dir is True
2022-03-14 11:02:50 INFO     upload: path temp_dir: C:\Windows\Temp\python_zf_jopvmuw9
2022-03-14 11:02:50 INFO     upload: name file: ②$4,277.50.pdf
2022-03-14 11:02:50 INFO     C:\Windows\Temp\python_zf_jopvmuw9\②$4,277.50.pdf
2022-03-14 11:02:50 INFO     save file success
2022-03-14 11:02:50 INFO     upload: saved files in uploads success
2022-03-14 11:02:53 INFO     into upload post
2022-03-14 11:02:53 INFO     upload: check have temp_dir is True
2022-03-14 11:02:53 INFO     upload: path temp_dir: C:\Windows\Temp\python_zf_jopvmuw9
2022-03-14 11:02:53 INFO     upload: name file: 2013　NRV販売経費計算.pdf
2022-03-14 11:02:53 INFO     C:\Windows\Temp\python_zf_jopvmuw9\2013　NRV販売経費計算.pdf
2022-03-14 11:02:53 INFO     save file success
2022-03-14 11:02:53 INFO     upload: saved files in uploads success
2022-03-14 11:02:57 INFO     into upload post
2022-03-14 11:02:57 INFO     upload: check have temp_dir is True
2022-03-14 11:02:57 INFO     upload: path temp_dir: C:\Windows\Temp\python_zf_jopvmuw9
2022-03-14 11:02:57 INFO     upload: name file: 2013.12.4付価格.pdf
2022-03-14 11:02:57 INFO     C:\Windows\Temp\python_zf_jopvmuw9\2013.12.4付価格.pdf
2022-03-14 11:02:57 INFO     save file success
2022-03-14 11:02:57 INFO     upload: saved files in uploads success
2022-03-14 11:03:00 INFO     export: Selected filename(タイ語）内部統制基本方針と内部統制組織(2011.7.15△2改訂）.pdf, 1. Occupational Health Safety and Environment Working Policy.pdf, 2. Policy of Anti-corruption and anti-bribery.pdf, ②$4,277.50.pdf, 2013　NRV販売経費計算.pdf, 2013.12.4付価格.pdf, 
2022-03-14 11:03:00 INFO     export: file in tempdir:(タイ語）内部統制基本方針と内部統制組織(2011.7.15△2改訂）.pdf, 1. Occupational Health Safety and Environment Working Policy.pdf, 2. Policy of Anti-corruption and anti-bribery.pdf, 2013.12.4付価格.pdf, 2013　NRV販売経費計算.pdf, ②$4,277.50.pdf
2022-03-14 11:03:00 ERROR    error in exception export method
2022-03-14 11:03:00 INFO     Into Get Index
2022-03-14 11:03:00 INFO     index: check is have session temp_dir C:\Windows\Temp\python_zf_jopvmuw9
2022-03-14 11:03:00 INFO     inpex: temp_dir part: C:\Windows\Temp\python_zf_y1jvklu2
2022-03-14 11:03:00 INFO     index: check have temp_dir is True
2022-03-14 11:03:28 INFO     into upload post
2022-03-14 11:03:28 INFO     upload: check have temp_dir is True
2022-03-14 11:03:28 INFO     upload: path temp_dir: C:\Windows\Temp\python_zf_y1jvklu2
2022-03-14 11:03:28 INFO     upload: name file: 1. Occupational Health Safety and Environment Working Policy.pdf
2022-03-14 11:03:28 INFO     C:\Windows\Temp\python_zf_y1jvklu2\1. Occupational Health Safety and Environment Working Policy.pdf
2022-03-14 11:03:28 INFO     save file success
2022-03-14 11:03:28 INFO     upload: saved files in uploads success
2022-03-14 11:03:32 INFO     into upload post
2022-03-14 11:03:32 INFO     upload: check have temp_dir is True
2022-03-14 11:03:32 INFO     upload: path temp_dir: C:\Windows\Temp\python_zf_y1jvklu2
2022-03-14 11:03:32 INFO     upload: name file: ②$4,277.50.pdf
2022-03-14 11:03:32 INFO     C:\Windows\Temp\python_zf_y1jvklu2\②$4,277.50.pdf
2022-03-14 11:03:32 INFO     save file success
2022-03-14 11:03:32 INFO     upload: saved files in uploads success
2022-03-14 11:03:35 INFO     into upload post
2022-03-14 11:03:35 INFO     upload: check have temp_dir is True
2022-03-14 11:03:35 INFO     upload: path temp_dir: C:\Windows\Temp\python_zf_y1jvklu2
2022-03-14 11:03:35 INFO     upload: name file: 2. Policy of Anti-corruption and anti-bribery.pdf
2022-03-14 11:03:35 INFO     C:\Windows\Temp\python_zf_y1jvklu2\2. Policy of Anti-corruption and anti-bribery.pdf
2022-03-14 11:03:35 INFO     save file success
2022-03-14 11:03:35 INFO     upload: saved files in uploads success
2022-03-14 11:03:40 INFO     into upload post
2022-03-14 11:03:40 INFO     upload: check have temp_dir is True
2022-03-14 11:03:40 INFO     upload: path temp_dir: C:\Windows\Temp\python_zf_y1jvklu2
2022-03-14 11:03:40 INFO     upload: name file: ②$4,277.50.pdf
2022-03-14 11:03:40 INFO     C:\Windows\Temp\python_zf_y1jvklu2\②$4,277.50.pdf
2022-03-14 11:03:40 INFO     save file success
2022-03-14 11:03:40 INFO     upload: saved files in uploads success
2022-03-14 11:03:43 INFO     into upload post
2022-03-14 11:03:43 INFO     upload: check have temp_dir is True
2022-03-14 11:03:43 INFO     upload: path temp_dir: C:\Windows\Temp\python_zf_y1jvklu2
2022-03-14 11:03:43 INFO     upload: name file: 11.11.16　中国製　Aプラ　CKHM納入見積REV-02.xls
2022-03-14 11:03:43 INFO     C:\Windows\Temp\python_zf_y1jvklu2\11.11.16　中国製　Aプラ　CKHM納入見積REV-02.xls
2022-03-14 11:03:43 INFO     save file success
2022-03-14 11:03:43 INFO     upload: saved files in uploads success
2022-03-14 11:03:45 INFO     export: Selected filename1. Occupational Health Safety and Environment Working Policy.pdf, ②$4,277.50.pdf, 2. Policy of Anti-corruption and anti-bribery.pdf, ②$4,277.50.pdf, 11.11.16　中国製　Aプラ　CKHM納入見積REV-02.xls, 
2022-03-14 11:03:45 INFO     export: file in tempdir:1. Occupational Health Safety and Environment Working Policy.pdf, 11.11.16　中国製　Aプラ　CKHM納入見積REV-02.xls, 2. Policy of Anti-corruption and anti-bribery.pdf, ②$4,277.50.pdf
2022-03-14 11:03:45 ERROR    error in exception export method
2022-03-14 11:03:45 INFO     Into Get Index
2022-03-14 11:03:45 INFO     index: check is have session temp_dir C:\Windows\Temp\python_zf_y1jvklu2
2022-03-14 11:03:45 INFO     inpex: temp_dir part: C:\Windows\Temp\python_zf_6udrvm5m
2022-03-14 11:03:45 INFO     index: check have temp_dir is True
2022-03-14 11:03:50 INFO     into upload post
2022-03-14 11:03:50 INFO     upload: check have temp_dir is True
2022-03-14 11:03:50 INFO     upload: path temp_dir: C:\Windows\Temp\python_zf_6udrvm5m
2022-03-14 11:03:50 INFO     upload: name file: 11.11.16　中国製　Aプラ　CKHM納入見積REV-02.xls
2022-03-14 11:03:50 INFO     C:\Windows\Temp\python_zf_6udrvm5m\11.11.16　中国製　Aプラ　CKHM納入見積REV-02.xls
2022-03-14 11:03:50 INFO     save file success
2022-03-14 11:03:50 INFO     upload: saved files in uploads success
2022-03-14 11:03:51 INFO     export: Selected filename11.11.16　中国製　Aプラ　CKHM納入見積REV-02.xls, 
2022-03-14 11:03:51 INFO     export: file in tempdir:11.11.16　中国製　Aプラ　CKHM納入見積REV-02.xls
2022-03-14 11:03:51 ERROR    error in exception export method
2022-03-14 11:03:51 INFO     Into Get Index
2022-03-14 11:03:51 INFO     index: check is have session temp_dir C:\Windows\Temp\python_zf_6udrvm5m
2022-03-14 11:03:51 INFO     inpex: temp_dir part: C:\Windows\Temp\python_zf_7trpcv6c
2022-03-14 11:03:51 INFO     index: check have temp_dir is True
2022-03-14 11:04:52 INFO     export: into refresh
2022-03-14 11:04:52 INFO     export: temp_dir cleanup
2022-03-14 11:04:52 INFO     Into Get Index
2022-03-14 11:04:52 INFO     index: check is have session temp_dir C:\Windows\Temp\python_zf_7trpcv6c
2022-03-14 11:04:52 INFO     inpex: temp_dir part: C:\Windows\Temp\python_zf_5vzh3axf
2022-03-14 11:04:52 INFO     index: check have temp_dir is True
2022-03-14 11:04:57 INFO     into upload post
2022-03-14 11:04:57 INFO     upload: check have temp_dir is True
2022-03-14 11:04:57 INFO     upload: path temp_dir: C:\Windows\Temp\python_zf_5vzh3axf
2022-03-14 11:04:57 INFO     upload: name file: 2013　NRV販売経費計算.pdf
2022-03-14 11:04:57 INFO     C:\Windows\Temp\python_zf_5vzh3axf\2013　NRV販売経費計算.pdf
2022-03-14 11:04:57 INFO     save file success
2022-03-14 11:04:57 INFO     upload: saved files in uploads success
2022-03-14 11:04:58 INFO     export: Selected filename2013　NRV販売経費計算.pdf, 
2022-03-14 11:04:58 INFO     export: file in tempdir:2013　NRV販売経費計算.pdf
2022-03-14 11:04:58 ERROR    error in exception export method
2022-03-14 11:04:58 INFO     Into Get Index
2022-03-14 11:04:58 INFO     index: check is have session temp_dir C:\Windows\Temp\python_zf_5vzh3axf
2022-03-14 11:04:58 INFO     inpex: temp_dir part: C:\Windows\Temp\python_zf_f3abwmww
2022-03-14 11:04:58 INFO     index: check have temp_dir is True
2022-03-14 11:05:15 INFO     export: into refresh
2022-03-14 11:05:15 INFO     export: temp_dir cleanup
2022-03-14 11:05:15 INFO     Into Get Index
2022-03-14 11:05:15 INFO     index: check is have session temp_dir C:\Windows\Temp\python_zf_f3abwmww
2022-03-14 11:05:15 INFO     inpex: temp_dir part: C:\Windows\Temp\python_zf_kpghqg85
2022-03-14 11:05:15 INFO     index: check have temp_dir is True
2022-03-14 11:05:19 INFO     into upload post
2022-03-14 11:05:19 INFO     upload: check have temp_dir is True
2022-03-14 11:05:19 INFO     upload: path temp_dir: C:\Windows\Temp\python_zf_kpghqg85
2022-03-14 11:05:19 INFO     upload: name file: 2013NRV振替伝票.pdf
2022-03-14 11:05:19 INFO     C:\Windows\Temp\python_zf_kpghqg85\2013NRV振替伝票.pdf
2022-03-14 11:05:19 INFO     save file success
2022-03-14 11:05:19 INFO     upload: saved files in uploads success
2022-03-14 11:05:21 INFO     export: Selected filename2013NRV振替伝票.pdf, 
2022-03-14 11:05:21 INFO     export: file in tempdir:2013NRV振替伝票.pdf
2022-03-14 11:05:21 ERROR    error in exception export method
2022-03-14 11:05:21 INFO     Into Get Index
2022-03-14 11:05:21 INFO     index: check is have session temp_dir C:\Windows\Temp\python_zf_kpghqg85
2022-03-14 11:05:21 INFO     inpex: temp_dir part: C:\Windows\Temp\python_zf_mxaeci9a
2022-03-14 11:05:21 INFO     index: check have temp_dir is True
2022-03-14 11:05:29 INFO     into upload post
2022-03-14 11:05:29 INFO     upload: check have temp_dir is True
2022-03-14 11:05:29 INFO     upload: path temp_dir: C:\Windows\Temp\python_zf_mxaeci9a
2022-03-14 11:05:29 INFO     upload: name file: 2018-014.pdf
2022-03-14 11:05:29 INFO     C:\Windows\Temp\python_zf_mxaeci9a\2018-014.pdf
2022-03-14 11:05:29 INFO     save file success
2022-03-14 11:05:29 INFO     upload: saved files in uploads success
2022-03-14 11:05:31 INFO     export: Selected filename2018-014.pdf, 
2022-03-14 11:05:31 INFO     export: file in tempdir:2018-014.pdf
2022-03-14 11:05:31 INFO     export: create zipfile success
2022-03-14 11:05:31 INFO     export: response zipfile success
2022-03-14 11:05:31 INFO     export: temp_dir cleanup
2022-03-14 11:05:43 INFO     into upload post
2022-03-14 11:05:43 INFO     upload: check have temp_dir is False
2022-03-14 11:05:43 INFO     upload: path temp_dir: C:\Windows\Temp\python_zf_mxaeci9a
2022-03-14 11:05:43 INFO     upload: name file: $4,555.08Invoice.pdf
2022-03-14 11:05:43 INFO     C:\Windows\Temp\python_zf_mxaeci9a\$4,555.08Invoice.pdf
2022-03-14 11:05:43 ERROR    upload: error upload method
2022-03-14 11:05:43 ERROR    upload: temp_dir cleanup
2022-03-14 11:05:43 INFO     Into Get Index
2022-03-14 11:05:43 INFO     index: check is have session temp_dir C:\Windows\Temp\python_zf_mxaeci9a
2022-03-14 11:05:43 INFO     inpex: temp_dir part: C:\Windows\Temp\python_zf_gs9dssza
2022-03-14 11:05:43 INFO     index: check have temp_dir is True
2022-03-14 11:05:44 INFO     export: Selected filename2018-014.pdf, $4,555.08Invoice.pdf, 
2022-03-14 11:05:44 INFO     export: file in tempdir:
2022-03-14 11:05:44 ERROR    export: No file(s) matching in temp_dir (file_path list is null)
2022-03-14 11:05:44 INFO     Into Get Index
2022-03-14 11:05:44 INFO     index: check is have session temp_dir C:\Windows\Temp\python_zf_gs9dssza
2022-03-14 11:05:44 INFO     index: Remove temp_dir 
2022-03-14 11:05:44 INFO     inpex: temp_dir part: C:\Windows\Temp\python_zf_68gxxorj
2022-03-14 11:05:44 INFO     index: check have temp_dir is True
2022-03-14 11:06:11 INFO     export: into refresh
2022-03-14 11:06:11 INFO     export: temp_dir cleanup
2022-03-14 11:06:11 INFO     Into Get Index
2022-03-14 11:06:11 INFO     index: check is have session temp_dir C:\Windows\Temp\python_zf_68gxxorj
2022-03-14 11:06:11 INFO     inpex: temp_dir part: C:\Windows\Temp\python_zf_hp5qt2ms
2022-03-14 11:06:11 INFO     index: check have temp_dir is True
2022-03-14 11:06:14 INFO     into upload post
2022-03-14 11:06:14 INFO     upload: check have temp_dir is True
2022-03-14 11:06:14 INFO     upload: path temp_dir: C:\Windows\Temp\python_zf_hp5qt2ms
2022-03-14 11:06:14 INFO     upload: name file: $4,555.08Invoice.pdf
2022-03-14 11:06:14 INFO     C:\Windows\Temp\python_zf_hp5qt2ms\$4,555.08Invoice.pdf
2022-03-14 11:06:14 INFO     save file success
2022-03-14 11:06:14 INFO     upload: saved files in uploads success
2022-03-14 11:06:16 INFO     export: Selected filename$4,555.08Invoice.pdf, 
2022-03-14 11:06:16 INFO     export: file in tempdir:$4,555.08Invoice.pdf
2022-03-14 11:06:16 INFO     export: create zipfile success
2022-03-14 11:06:16 INFO     export: response zipfile success
2022-03-14 11:06:16 INFO     export: temp_dir cleanup
2022-03-14 11:06:21 INFO     into upload post
2022-03-14 11:06:21 INFO     upload: check have temp_dir is False
2022-03-14 11:06:21 INFO     upload: path temp_dir: C:\Windows\Temp\python_zf_hp5qt2ms
2022-03-14 11:06:21 INFO     upload: name file: $9,512.83Invoice.pdf
2022-03-14 11:06:21 INFO     C:\Windows\Temp\python_zf_hp5qt2ms\$9,512.83Invoice.pdf
2022-03-14 11:06:21 ERROR    upload: error upload method
2022-03-14 11:06:21 ERROR    upload: temp_dir cleanup
2022-03-14 11:06:21 INFO     Into Get Index
2022-03-14 11:06:21 INFO     index: check is have session temp_dir C:\Windows\Temp\python_zf_hp5qt2ms
2022-03-14 11:06:21 INFO     inpex: temp_dir part: C:\Windows\Temp\python_zf_ur35hc9u
2022-03-14 11:06:21 INFO     index: check have temp_dir is True
2022-03-14 11:06:22 INFO     export: Selected filename$4,555.08Invoice.pdf, $9,512.83Invoice.pdf, 
2022-03-14 11:06:22 INFO     export: file in tempdir:
2022-03-14 11:06:22 ERROR    export: No file(s) matching in temp_dir (file_path list is null)
2022-03-14 11:06:22 INFO     Into Get Index
2022-03-14 11:06:22 INFO     index: check is have session temp_dir C:\Windows\Temp\python_zf_ur35hc9u
2022-03-14 11:06:22 INFO     index: Remove temp_dir 
2022-03-14 11:06:22 INFO     inpex: temp_dir part: C:\Windows\Temp\python_zf_e07lpw9b
2022-03-14 11:06:22 INFO     index: check have temp_dir is True
2022-03-14 11:09:26 INFO     export: into refresh
2022-03-14 11:09:26 INFO     export: temp_dir cleanup
2022-03-14 11:09:26 INFO     Into Get Index
2022-03-14 11:09:26 INFO     index: check is have session temp_dir C:\Windows\Temp\python_zf_e07lpw9b
2022-03-14 11:09:26 INFO     inpex: temp_dir part: C:\Windows\Temp\python_zf_0rawb6k0
2022-03-14 11:09:26 INFO     index: check have temp_dir is True
2022-03-14 11:09:29 INFO     into upload post
2022-03-14 11:09:29 INFO     upload: check have temp_dir is True
2022-03-14 11:09:29 INFO     upload: path temp_dir: C:\Windows\Temp\python_zf_0rawb6k0
2022-03-14 11:09:29 INFO     upload: name file: 2013.12.4付価格.pdf
2022-03-14 11:09:29 INFO     C:\Windows\Temp\python_zf_0rawb6k0\2013.12.4付価格.pdf
2022-03-14 11:09:29 INFO     save file success
2022-03-14 11:09:29 INFO     upload: saved files in uploads success
2022-03-14 11:09:33 INFO     export: Selected filename2013.12.4付価格.pdf, 
2022-03-14 11:09:33 INFO     export: file in tempdir:2013.12.4付価格.pdf
2022-03-14 11:09:33 ERROR    error in exception export method
2022-03-14 11:09:33 INFO     Into Get Index
2022-03-14 11:09:33 INFO     index: check is have session temp_dir C:\Windows\Temp\python_zf_0rawb6k0
2022-03-14 11:09:33 INFO     inpex: temp_dir part: C:\Windows\Temp\python_zf_517wo4q4
2022-03-14 11:09:33 INFO     index: check have temp_dir is True
2022-03-14 11:09:55 INFO     export: into refresh
2022-03-14 11:09:55 INFO     export: temp_dir cleanup
2022-03-14 11:09:55 INFO     Into Get Index
2022-03-14 11:09:55 INFO     index: check is have session temp_dir C:\Windows\Temp\python_zf_517wo4q4
2022-03-14 11:09:55 INFO     inpex: temp_dir part: C:\Windows\Temp\python_zf_ruzb4lxy
2022-03-14 11:09:55 INFO     index: check have temp_dir is True
2022-03-14 11:09:58 INFO     into upload post
2022-03-14 11:09:58 INFO     upload: check have temp_dir is True
2022-03-14 11:09:58 INFO     upload: path temp_dir: C:\Windows\Temp\python_zf_ruzb4lxy
2022-03-14 11:09:58 INFO     upload: name file: 2013.12.27付価格.pdf
2022-03-14 11:09:58 INFO     C:\Windows\Temp\python_zf_ruzb4lxy\2013.12.27付価格.pdf
2022-03-14 11:09:58 INFO     save file success
2022-03-14 11:09:58 INFO     upload: saved files in uploads success
2022-03-14 11:10:00 INFO     export: Selected filename2013.12.27付価格.pdf, 
2022-03-14 11:10:00 INFO     export: file in tempdir:2013.12.27付価格.pdf
2022-03-14 11:10:00 ERROR    error in exception export method
2022-03-14 11:10:00 INFO     Into Get Index
2022-03-14 11:10:00 INFO     index: check is have session temp_dir C:\Windows\Temp\python_zf_ruzb4lxy
2022-03-14 11:10:00 INFO     inpex: temp_dir part: C:\Windows\Temp\python_zf_3aifo16q
2022-03-14 11:10:00 INFO     index: check have temp_dir is True
2022-03-14 11:10:08 INFO     export: into refresh
2022-03-14 11:10:08 INFO     export: temp_dir cleanup
2022-03-14 11:10:09 INFO     Into Get Index
2022-03-14 11:10:09 INFO     index: check is have session temp_dir C:\Windows\Temp\python_zf_3aifo16q
2022-03-14 11:10:09 INFO     inpex: temp_dir part: C:\Windows\Temp\python_zf_48ufoh7p
2022-03-14 11:10:09 INFO     index: check have temp_dir is True
2022-03-14 11:10:14 INFO     into upload post
2022-03-14 11:10:14 INFO     upload: check have temp_dir is True
2022-03-14 11:10:14 INFO     upload: path temp_dir: C:\Windows\Temp\python_zf_48ufoh7p
2022-03-14 11:10:14 INFO     upload: name file: 2017 Compare exchange rate for BOT VS  Budget TTS 35.50 TTB 35.50.xls
2022-03-14 11:10:14 INFO     C:\Windows\Temp\python_zf_48ufoh7p\2017 Compare exchange rate for BOT VS  Budget TTS 35.50 TTB 35.50.xls
2022-03-14 11:10:14 INFO     save file success
2022-03-14 11:10:14 INFO     upload: saved files in uploads success
2022-03-14 11:10:15 INFO     export: Selected filename2017 Compare exchange rate for BOT VS  Budget TTS 35.50 TTB 35.50.xls, 
2022-03-14 11:10:15 INFO     export: file in tempdir:2017 Compare exchange rate for BOT VS  Budget TTS 35.50 TTB 35.50.xls
2022-03-14 11:10:15 INFO     export: create zipfile success
2022-03-14 11:10:15 INFO     export: response zipfile success
2022-03-14 11:10:15 INFO     export: temp_dir cleanup
2022-03-14 11:10:23 INFO     export: into refresh
2022-03-14 11:10:23 INFO     export: temp_dir cleanup
2022-03-14 11:10:23 INFO     Into Get Index
2022-03-14 11:10:23 INFO     index: check is have session temp_dir C:\Windows\Temp\python_zf_48ufoh7p
2022-03-14 11:10:23 INFO     inpex: temp_dir part: C:\Windows\Temp\python_zf_3tqjeu95
2022-03-14 11:10:23 INFO     index: check have temp_dir is True
2022-03-14 11:10:26 INFO     into upload post
2022-03-14 11:10:26 INFO     upload: check have temp_dir is True
2022-03-14 11:10:26 INFO     upload: path temp_dir: C:\Windows\Temp\python_zf_3tqjeu95
2022-03-14 11:10:26 INFO     upload: name file: 13.　Ｄｅｆｅｒｒｅｄ　Ｔａｘ(繰り延べ税金）.pdf
2022-03-14 11:10:26 INFO     C:\Windows\Temp\python_zf_3tqjeu95\13.　Ｄｅｆｅｒｒｅｄ　Ｔａｘ(繰り延べ税金）.pdf
2022-03-14 11:10:26 INFO     save file success
2022-03-14 11:10:26 INFO     upload: saved files in uploads success
2022-03-14 11:10:27 INFO     export: Selected filename13.　Ｄｅｆｅｒｒｅｄ　Ｔａｘ(繰り延べ税金）.pdf, 
2022-03-14 11:10:27 INFO     export: file in tempdir:13.　Ｄｅｆｅｒｒｅｄ　Ｔａｘ(繰り延べ税金）.pdf
2022-03-14 11:10:27 ERROR    error in exception export method
2022-03-14 11:10:27 INFO     Into Get Index
2022-03-14 11:10:27 INFO     index: check is have session temp_dir C:\Windows\Temp\python_zf_3tqjeu95
2022-03-14 11:10:27 INFO     inpex: temp_dir part: C:\Windows\Temp\python_zf_unb16qru
2022-03-14 11:10:27 INFO     index: check have temp_dir is True
2022-03-14 11:10:34 INFO     export: into refresh
2022-03-14 11:10:34 INFO     export: temp_dir cleanup
2022-03-14 11:10:34 INFO     Into Get Index
2022-03-14 11:10:34 INFO     index: check is have session temp_dir C:\Windows\Temp\python_zf_unb16qru
2022-03-14 11:10:34 INFO     inpex: temp_dir part: C:\Windows\Temp\python_zf_0r6g23p1
2022-03-14 11:10:34 INFO     index: check have temp_dir is True
2022-03-14 11:10:38 INFO     into upload post
2022-03-14 11:10:38 INFO     upload: check have temp_dir is True
2022-03-14 11:10:38 INFO     upload: path temp_dir: C:\Windows\Temp\python_zf_0r6g23p1
2022-03-14 11:10:38 INFO     upload: name file: 2018-017.pdf
2022-03-14 11:10:38 INFO     C:\Windows\Temp\python_zf_0r6g23p1\2018-017.pdf
2022-03-14 11:10:38 INFO     save file success
2022-03-14 11:10:38 INFO     upload: saved files in uploads success
2022-03-14 11:10:39 INFO     export: Selected filename2018-017.pdf, 
2022-03-14 11:10:39 INFO     export: file in tempdir:2018-017.pdf
2022-03-14 11:10:39 INFO     export: create zipfile success
2022-03-14 11:10:39 INFO     export: response zipfile success
2022-03-14 11:10:39 INFO     export: temp_dir cleanup
2022-03-14 11:10:50 INFO     export: into refresh
2022-03-14 11:10:50 INFO     export: temp_dir cleanup
2022-03-14 11:10:50 INFO     Into Get Index
2022-03-14 11:10:50 INFO     index: check is have session temp_dir C:\Windows\Temp\python_zf_0r6g23p1
2022-03-14 11:10:50 INFO     inpex: temp_dir part: C:\Windows\Temp\python_zf_z7v392dr
2022-03-14 11:10:50 INFO     index: check have temp_dir is True
2022-03-14 11:10:52 INFO     into upload post
2022-03-14 11:10:52 INFO     upload: check have temp_dir is True
2022-03-14 11:10:52 INFO     upload: path temp_dir: C:\Windows\Temp\python_zf_z7v392dr
2022-03-14 11:10:52 INFO     upload: name file: 2020.4-9 輸入品見積補助資料.pdf
2022-03-14 11:10:52 INFO     C:\Windows\Temp\python_zf_z7v392dr\2020.4-9 輸入品見積補助資料.pdf
2022-03-14 11:10:52 INFO     save file success
2022-03-14 11:10:52 INFO     upload: saved files in uploads success
2022-03-14 11:10:54 INFO     export: Selected filename2020.4-9 輸入品見積補助資料.pdf, 
2022-03-14 11:10:54 INFO     export: file in tempdir:2020.4-9 輸入品見積補助資料.pdf
2022-03-14 11:10:54 ERROR    error in exception export method
2022-03-14 11:10:54 INFO     Into Get Index
2022-03-14 11:10:54 INFO     index: check is have session temp_dir C:\Windows\Temp\python_zf_z7v392dr
2022-03-14 11:10:54 INFO     inpex: temp_dir part: C:\Windows\Temp\python_zf_3hzf8xu6
2022-03-14 11:10:54 INFO     index: check have temp_dir is True
2022-03-14 11:11:08 INFO     into upload post
2022-03-14 11:11:08 INFO     upload: check have temp_dir is True
2022-03-14 11:11:08 INFO     upload: path temp_dir: C:\Windows\Temp\python_zf_3hzf8xu6
2022-03-14 11:11:08 INFO     upload: name file: 05092019081851 - ショートカット.lnk
2022-03-14 11:11:08 INFO     C:\Windows\Temp\python_zf_3hzf8xu6\05092019081851 - ショートカット.lnk
2022-03-14 11:11:08 INFO     save file success
2022-03-14 11:11:08 INFO     upload: saved files in uploads success
2022-03-14 11:11:10 INFO     export: Selected filename05092019081851 - ショートカット.lnk, 
2022-03-14 11:11:10 INFO     export: file in tempdir:05092019081851 - ショートカット.lnk
2022-03-14 11:11:10 ERROR    error in exception export method
2022-03-14 11:11:10 INFO     Into Get Index
2022-03-14 11:11:10 INFO     index: check is have session temp_dir C:\Windows\Temp\python_zf_3hzf8xu6
2022-03-14 11:11:10 INFO     inpex: temp_dir part: C:\Windows\Temp\python_zf_8_53yfct
2022-03-14 11:11:10 INFO     index: check have temp_dir is True
2022-03-14 11:11:19 INFO     into upload post
2022-03-14 11:11:19 INFO     upload: check have temp_dir is True
2022-03-14 11:11:19 INFO     upload: path temp_dir: C:\Windows\Temp\python_zf_8_53yfct
2022-03-14 11:11:19 INFO     upload: name file: 05112019153049.pdf
2022-03-14 11:11:19 INFO     C:\Windows\Temp\python_zf_8_53yfct\05112019153049.pdf
2022-03-14 11:11:19 INFO     save file success
2022-03-14 11:11:19 INFO     upload: saved files in uploads success
2022-03-14 11:11:20 INFO     export: Selected filename05112019153049.pdf, 
2022-03-14 11:11:20 INFO     export: file in tempdir:05112019153049.pdf
2022-03-14 11:11:20 INFO     export: create zipfile success
2022-03-14 11:11:20 INFO     export: response zipfile success
2022-03-14 11:11:20 INFO     export: temp_dir cleanup
2022-03-14 11:11:34 INFO     into upload post
2022-03-14 11:11:34 INFO     upload: check have temp_dir is False
2022-03-14 11:11:34 INFO     upload: path temp_dir: C:\Windows\Temp\python_zf_8_53yfct
2022-03-14 11:11:34 INFO     upload: name file: 自己点検－受注売上.pdf
2022-03-14 11:11:34 INFO     C:\Windows\Temp\python_zf_8_53yfct\自己点検－受注売上.pdf
2022-03-14 11:11:34 ERROR    upload: error upload method
2022-03-14 11:11:34 ERROR    upload: temp_dir cleanup
2022-03-14 11:11:34 INFO     Into Get Index
2022-03-14 11:11:34 INFO     index: check is have session temp_dir C:\Windows\Temp\python_zf_8_53yfct
2022-03-14 11:11:34 INFO     inpex: temp_dir part: C:\Windows\Temp\python_zf_sekd1vh2
2022-03-14 11:11:34 INFO     index: check have temp_dir is True
2022-03-14 11:11:35 INFO     export: Selected filename05112019153049.pdf, 自己点検－受注売上.pdf, 
2022-03-14 11:11:35 INFO     export: file in tempdir:
2022-03-14 11:11:35 ERROR    export: No file(s) matching in temp_dir (file_path list is null)
2022-03-14 11:11:35 INFO     Into Get Index
2022-03-14 11:11:35 INFO     index: check is have session temp_dir C:\Windows\Temp\python_zf_sekd1vh2
2022-03-14 11:11:35 INFO     index: Remove temp_dir 
2022-03-14 11:11:35 INFO     inpex: temp_dir part: C:\Windows\Temp\python_zf_2qiyd154
2022-03-14 11:11:35 INFO     index: check have temp_dir is True
2022-03-14 11:11:39 INFO     into upload post
2022-03-14 11:11:39 INFO     upload: check have temp_dir is True
2022-03-14 11:11:39 INFO     upload: path temp_dir: C:\Windows\Temp\python_zf_2qiyd154
2022-03-14 11:11:39 INFO     upload: name file: 自己点検－受注売上.pdf
2022-03-14 11:11:39 INFO     C:\Windows\Temp\python_zf_2qiyd154\自己点検－受注売上.pdf
2022-03-14 11:11:39 INFO     save file success
2022-03-14 11:11:39 INFO     upload: saved files in uploads success
2022-03-14 11:11:40 INFO     export: Selected filename自己点検－受注売上.pdf, 
2022-03-14 11:11:40 INFO     export: file in tempdir:自己点検－受注売上.pdf
2022-03-14 11:11:40 ERROR    error in exception export method
2022-03-14 11:11:40 INFO     Into Get Index
2022-03-14 11:11:40 INFO     index: check is have session temp_dir C:\Windows\Temp\python_zf_2qiyd154
2022-03-14 11:11:40 INFO     inpex: temp_dir part: C:\Windows\Temp\python_zf_me3uvjmk
2022-03-14 11:11:40 INFO     index: check have temp_dir is True
2022-03-14 11:11:43 INFO     export: into refresh
2022-03-14 11:11:43 INFO     export: temp_dir cleanup
2022-03-14 11:11:43 INFO     Into Get Index
2022-03-14 11:11:43 INFO     index: check is have session temp_dir C:\Windows\Temp\python_zf_me3uvjmk
2022-03-14 11:11:43 INFO     inpex: temp_dir part: C:\Windows\Temp\python_zf_a8ln0ji7
2022-03-14 11:11:43 INFO     index: check have temp_dir is True
2022-03-14 11:11:45 INFO     into upload post
2022-03-14 11:11:45 INFO     upload: check have temp_dir is True
2022-03-14 11:11:45 INFO     upload: path temp_dir: C:\Windows\Temp\python_zf_a8ln0ji7
2022-03-14 11:11:45 INFO     upload: name file: 自己点検－売掛金.pdf
2022-03-14 11:11:45 INFO     C:\Windows\Temp\python_zf_a8ln0ji7\自己点検－売掛金.pdf
2022-03-14 11:11:45 INFO     save file success
2022-03-14 11:11:45 INFO     upload: saved files in uploads success
2022-03-14 11:11:47 INFO     export: Selected filename自己点検－売掛金.pdf, 
2022-03-14 11:11:47 INFO     export: file in tempdir:自己点検－売掛金.pdf
2022-03-14 11:11:47 ERROR    error in exception export method
2022-03-14 11:11:47 INFO     Into Get Index
2022-03-14 11:11:47 INFO     index: check is have session temp_dir C:\Windows\Temp\python_zf_a8ln0ji7
2022-03-14 11:11:47 INFO     inpex: temp_dir part: C:\Windows\Temp\python_zf_p9gj688w
2022-03-14 11:11:47 INFO     index: check have temp_dir is True
2022-03-14 11:11:50 INFO     into upload post
2022-03-14 11:11:50 INFO     upload: check have temp_dir is True
2022-03-14 11:11:50 INFO     upload: path temp_dir: C:\Windows\Temp\python_zf_p9gj688w
2022-03-14 11:11:50 INFO     upload: name file: 見積用図面.pdf
2022-03-14 11:11:50 INFO     C:\Windows\Temp\python_zf_p9gj688w\見積用図面.pdf
2022-03-14 11:11:50 INFO     save file success
2022-03-14 11:11:50 INFO     upload: saved files in uploads success
2022-03-14 11:11:52 INFO     export: Selected filename見積用図面.pdf, 
2022-03-14 11:11:52 INFO     export: file in tempdir:見積用図面.pdf
2022-03-14 11:11:52 ERROR    error in exception export method
2022-03-14 11:11:52 INFO     Into Get Index
2022-03-14 11:11:52 INFO     index: check is have session temp_dir C:\Windows\Temp\python_zf_p9gj688w
2022-03-14 11:11:52 INFO     inpex: temp_dir part: C:\Windows\Temp\python_zf_kd5asvx1
2022-03-14 11:11:52 INFO     index: check have temp_dir is True
2022-03-14 11:11:54 INFO     export: into refresh
2022-03-14 11:11:54 INFO     export: temp_dir cleanup
2022-03-14 11:11:54 INFO     Into Get Index
2022-03-14 11:11:54 INFO     index: check is have session temp_dir C:\Windows\Temp\python_zf_kd5asvx1
2022-03-14 11:11:54 INFO     inpex: temp_dir part: C:\Windows\Temp\python_zf_ohqycosj
2022-03-14 11:11:54 INFO     index: check have temp_dir is True
2022-03-14 11:12:00 INFO     into upload post
2022-03-14 11:12:00 INFO     upload: check have temp_dir is True
2022-03-14 11:12:00 INFO     upload: path temp_dir: C:\Windows\Temp\python_zf_ohqycosj
2022-03-14 11:12:00 INFO     upload: name file: 試用期間について.pdf
2022-03-14 11:12:00 INFO     C:\Windows\Temp\python_zf_ohqycosj\試用期間について.pdf
2022-03-14 11:12:00 INFO     save file success
2022-03-14 11:12:00 INFO     upload: saved files in uploads success
2022-03-14 11:12:02 INFO     export: Selected filename試用期間について.pdf, 
2022-03-14 11:12:02 INFO     export: file in tempdir:試用期間について.pdf
2022-03-14 11:12:02 ERROR    error in exception export method
2022-03-14 11:12:02 INFO     Into Get Index
2022-03-14 11:12:02 INFO     index: check is have session temp_dir C:\Windows\Temp\python_zf_ohqycosj
2022-03-14 11:12:02 INFO     inpex: temp_dir part: C:\Windows\Temp\python_zf_r9i55_26
2022-03-14 11:12:02 INFO     index: check have temp_dir is True
2022-03-14 11:12:05 INFO     export: into refresh
2022-03-14 11:12:05 INFO     export: temp_dir cleanup
2022-03-14 11:12:05 INFO     Into Get Index
2022-03-14 11:12:05 INFO     index: check is have session temp_dir C:\Windows\Temp\python_zf_r9i55_26
2022-03-14 11:12:05 INFO     inpex: temp_dir part: C:\Windows\Temp\python_zf_ob9v249q
2022-03-14 11:12:05 INFO     index: check have temp_dir is True
2022-03-14 11:12:15 INFO     export: into refresh
2022-03-14 11:12:15 INFO     export: temp_dir cleanup
2022-03-14 11:12:15 INFO     Into Get Index
2022-03-14 11:12:15 INFO     index: check is have session temp_dir C:\Windows\Temp\python_zf_ob9v249q
2022-03-14 11:12:15 INFO     inpex: temp_dir part: C:\Windows\Temp\python_zf_1mmwliu7
2022-03-14 11:12:15 INFO     index: check have temp_dir is True
2022-03-14 11:12:17 INFO     into upload post
2022-03-14 11:12:17 INFO     upload: check have temp_dir is True
2022-03-14 11:12:17 INFO     upload: path temp_dir: C:\Windows\Temp\python_zf_1mmwliu7
2022-03-14 11:12:17 INFO     upload: name file: 稟議2019-012.pdf
2022-03-14 11:12:17 INFO     C:\Windows\Temp\python_zf_1mmwliu7\稟議2019-012.pdf
2022-03-14 11:12:17 INFO     save file success
2022-03-14 11:12:17 INFO     upload: saved files in uploads success
2022-03-14 11:12:19 INFO     export: Selected filename稟議2019-012.pdf, 
2022-03-14 11:12:19 INFO     export: file in tempdir:稟議2019-012.pdf
2022-03-14 11:12:19 ERROR    error in exception export method
2022-03-14 11:12:19 INFO     Into Get Index
2022-03-14 11:12:19 INFO     index: check is have session temp_dir C:\Windows\Temp\python_zf_1mmwliu7
2022-03-14 11:12:19 INFO     inpex: temp_dir part: C:\Windows\Temp\python_zf_66twbs0z
2022-03-14 11:12:19 INFO     index: check have temp_dir is True
2022-03-14 11:12:33 INFO     into upload post
2022-03-14 11:12:33 INFO     upload: check have temp_dir is True
2022-03-14 11:12:33 INFO     upload: path temp_dir: C:\Windows\Temp\python_zf_66twbs0z
2022-03-14 11:12:33 INFO     upload: name file: 税効果会計手順書（English).pdf
2022-03-14 11:12:33 INFO     C:\Windows\Temp\python_zf_66twbs0z\税効果会計手順書（English).pdf
2022-03-14 11:12:33 INFO     save file success
2022-03-14 11:12:33 INFO     upload: saved files in uploads success
2022-03-14 11:12:36 INFO     export: Selected filename税効果会計手順書（English).pdf, 
2022-03-14 11:12:36 INFO     export: file in tempdir:税効果会計手順書（English).pdf
2022-03-14 11:12:36 ERROR    error in exception export method
2022-03-14 11:12:36 INFO     Into Get Index
2022-03-14 11:12:36 INFO     index: check is have session temp_dir C:\Windows\Temp\python_zf_66twbs0z
2022-03-14 11:12:36 INFO     inpex: temp_dir part: C:\Windows\Temp\python_zf_p8zqddt0
2022-03-14 11:12:36 INFO     index: check have temp_dir is True
2022-03-14 11:12:53 INFO     into upload post
2022-03-14 11:12:53 INFO     upload: check have temp_dir is True
2022-03-14 11:12:53 INFO     upload: path temp_dir: C:\Windows\Temp\python_zf_p8zqddt0
2022-03-14 11:12:53 INFO     upload: name file: Valeo-Invocie sample-2.pdf
2022-03-14 11:12:53 INFO     C:\Windows\Temp\python_zf_p8zqddt0\Valeo-Invocie sample-2.pdf
2022-03-14 11:12:53 INFO     save file success
2022-03-14 11:12:53 INFO     upload: saved files in uploads success
2022-03-14 11:12:54 INFO     export: Selected filenameValeo-Invocie sample-2.pdf, 
2022-03-14 11:12:54 INFO     export: file in tempdir:Valeo-Invocie sample-2.pdf
2022-03-14 11:12:54 INFO     export: create zipfile success
2022-03-14 11:12:54 INFO     export: response zipfile success
2022-03-14 11:12:54 INFO     export: temp_dir cleanup
2022-03-14 11:14:17 INFO     into upload post
2022-03-14 11:14:17 INFO     upload: check have temp_dir is False
2022-03-14 11:14:17 INFO     upload: path temp_dir: C:\Windows\Temp\python_zf_p8zqddt0
2022-03-14 11:14:17 INFO     upload: name file: Valeo-Quotation (revised).pdf
2022-03-14 11:14:17 INFO     C:\Windows\Temp\python_zf_p8zqddt0\Valeo-Quotation (revised).pdf
2022-03-14 11:14:17 ERROR    upload: error upload method
2022-03-14 11:14:17 ERROR    upload: temp_dir cleanup
2022-03-14 11:14:17 INFO     Into Get Index
2022-03-14 11:14:17 INFO     index: check is have session temp_dir C:\Windows\Temp\python_zf_p8zqddt0
2022-03-14 11:14:17 INFO     inpex: temp_dir part: C:\Windows\Temp\python_zf_agnuvdbq
2022-03-14 11:14:17 INFO     index: check have temp_dir is True
2022-03-14 11:14:19 INFO     export: Selected filenameValeo-Invocie sample-2.pdf, Valeo-Quotation (revised).pdf, 
2022-03-14 11:14:19 INFO     export: file in tempdir:
2022-03-14 11:14:19 ERROR    export: No file(s) matching in temp_dir (file_path list is null)
2022-03-14 11:14:19 INFO     Into Get Index
2022-03-14 11:14:19 INFO     index: check is have session temp_dir C:\Windows\Temp\python_zf_agnuvdbq
2022-03-14 11:14:19 INFO     index: Remove temp_dir 
2022-03-14 11:14:19 INFO     inpex: temp_dir part: C:\Windows\Temp\python_zf_ddgp359w
2022-03-14 11:14:19 INFO     index: check have temp_dir is True
2022-03-14 11:47:33 INFO     Into Get Index
2022-03-14 11:47:33 INFO     index: check is have session temp_dir C:\Windows\Temp\python_zf_ddgp359w
2022-03-14 11:47:33 INFO     index: Remove temp_dir 
2022-03-14 11:47:33 INFO     inpex: temp_dir part: C:\Windows\Temp\python_zf_caziq1sb
2022-03-14 11:47:33 INFO     index: check have temp_dir is True
2022-03-14 11:59:08 INFO     Into Get Index
2022-03-14 11:59:08 INFO     inpex: temp_dir part: C:\Windows\Temp\python_zf_vwd6shxa
2022-03-14 11:59:08 INFO     index: check have temp_dir is True
2022-03-14 11:59:55 INFO     into upload post
2022-03-14 11:59:55 INFO     upload: check have temp_dir is True
2022-03-14 11:59:55 INFO     upload: path temp_dir: C:\Windows\Temp\python_zf_vwd6shxa
2022-03-14 11:59:55 INFO     upload: name file: 2013　NRV販売経費計算.pdf
2022-03-14 11:59:55 INFO     C:\Windows\Temp\python_zf_vwd6shxa\2013　NRV販売経費計算.pdf
2022-03-14 11:59:55 INFO     save file success
2022-03-14 11:59:55 INFO     upload: name file: 2013.12.4付価格.pdf
2022-03-14 11:59:55 INFO     C:\Windows\Temp\python_zf_vwd6shxa\2013.12.4付価格.pdf
2022-03-14 11:59:55 INFO     save file success
2022-03-14 11:59:55 INFO     upload: name file: 2013.12.27付価格.pdf
2022-03-14 11:59:55 INFO     C:\Windows\Temp\python_zf_vwd6shxa\2013.12.27付価格.pdf
2022-03-14 11:59:55 INFO     save file success
2022-03-14 11:59:55 INFO     upload: name file: 2013NRV振替伝票.pdf
2022-03-14 11:59:55 INFO     C:\Windows\Temp\python_zf_vwd6shxa\2013NRV振替伝票.pdf
2022-03-14 11:59:55 INFO     save file success
2022-03-14 11:59:55 INFO     upload: name file: 2013NRV計算明細.pdf
2022-03-14 11:59:55 INFO     C:\Windows\Temp\python_zf_vwd6shxa\2013NRV計算明細.pdf
2022-03-14 11:59:55 INFO     save file success
2022-03-14 11:59:55 INFO     upload: name file: 2018-006.pdf
2022-03-14 11:59:55 INFO     C:\Windows\Temp\python_zf_vwd6shxa\2018-006.pdf
2022-03-14 11:59:55 INFO     save file success
2022-03-14 11:59:55 INFO     upload: name file: 2018-007.pdf
2022-03-14 11:59:55 INFO     C:\Windows\Temp\python_zf_vwd6shxa\2018-007.pdf
2022-03-14 11:59:55 INFO     save file success
2022-03-14 11:59:55 INFO     upload: saved files in uploads success
2022-03-14 12:00:27 INFO     export: Selected filename2013　NRV販売経費計算.pdf, 2013.12.4付価格.pdf, 2013.12.27付価格.pdf, 2013NRV振替伝票.pdf, 2013NRV計算明細.pdf, 2018-006.pdf, 2018-007.pdf, 
2022-03-14 12:00:27 INFO     export: file in tempdir:2013.12.27付価格.pdf, 2013.12.4付価格.pdf, 2013NRV振替伝票.pdf, 2013NRV計算明細.pdf, 2013　NRV販売経費計算.pdf, 2018-006.pdf, 2018-007.pdf
2022-03-14 12:00:27 ERROR    error in exception export method
2022-03-14 12:00:27 INFO     Into Get Index
2022-03-14 12:00:27 INFO     index: check is have session temp_dir C:\Windows\Temp\python_zf_vwd6shxa
2022-03-14 12:00:27 INFO     inpex: temp_dir part: C:\Windows\Temp\python_zf_2ljore4r
2022-03-14 12:00:27 INFO     index: check have temp_dir is True
2022-03-14 12:00:46 INFO     export: into refresh
2022-03-14 12:00:46 INFO     export: temp_dir cleanup
2022-03-14 12:00:46 INFO     Into Get Index
2022-03-14 12:00:46 INFO     index: check is have session temp_dir C:\Windows\Temp\python_zf_2ljore4r
2022-03-14 12:00:46 INFO     inpex: temp_dir part: C:\Windows\Temp\python_zf_d8bj66a2
2022-03-14 12:00:46 INFO     index: check have temp_dir is True
2022-03-14 12:01:07 INFO     into upload post
2022-03-14 12:01:07 INFO     upload: check have temp_dir is True
2022-03-14 12:01:07 INFO     upload: path temp_dir: C:\Windows\Temp\python_zf_d8bj66a2
2022-03-14 12:01:07 INFO     upload: name file: 2013　NRV販売経費計算.pdf
2022-03-14 12:01:07 INFO     C:\Windows\Temp\python_zf_d8bj66a2\2013　NRV販売経費計算.pdf
2022-03-14 12:01:07 INFO     save file success
2022-03-14 12:01:07 INFO     upload: name file: 2013.12.4付価格.pdf
2022-03-14 12:01:07 INFO     C:\Windows\Temp\python_zf_d8bj66a2\2013.12.4付価格.pdf
2022-03-14 12:01:07 INFO     save file success
2022-03-14 12:01:07 INFO     upload: name file: 2013.12.27付価格.pdf
2022-03-14 12:01:07 INFO     C:\Windows\Temp\python_zf_d8bj66a2\2013.12.27付価格.pdf
2022-03-14 12:01:07 INFO     save file success
2022-03-14 12:01:07 INFO     upload: saved files in uploads success
2022-03-14 12:01:09 INFO     export: Selected filename2013　NRV販売経費計算.pdf, 2013.12.4付価格.pdf, 2013.12.27付価格.pdf, 
2022-03-14 12:01:09 INFO     export: file in tempdir:2013.12.27付価格.pdf, 2013.12.4付価格.pdf, 2013　NRV販売経費計算.pdf
2022-03-14 12:01:09 ERROR    error in exception export method
2022-03-14 12:01:09 INFO     Into Get Index
2022-03-14 12:01:09 INFO     index: check is have session temp_dir C:\Windows\Temp\python_zf_d8bj66a2
2022-03-14 12:01:09 INFO     inpex: temp_dir part: C:\Windows\Temp\python_zf_oxulzfd0
2022-03-14 12:01:09 INFO     index: check have temp_dir is True
2022-03-14 12:04:47 INFO     Into Get Index
2022-03-14 12:04:47 INFO     index: check is have session temp_dir C:\Windows\Temp\python_zf_9uvwwk16
2022-03-14 12:04:47 INFO     index: Remove temp_dir 
2022-03-14 12:04:47 INFO     inpex: temp_dir part: C:\Windows\Temp\python_zf_wbyxxwoz
2022-03-14 12:04:47 INFO     index: check have temp_dir is True
2022-03-14 12:05:15 INFO     into upload post
2022-03-14 12:05:15 INFO     upload: check have temp_dir is True
2022-03-14 12:05:15 INFO     upload: path temp_dir: C:\Windows\Temp\python_zf_wbyxxwoz
2022-03-14 12:05:15 INFO     upload: name file: 法雷奥限用物质确认.txt
2022-03-14 12:05:15 INFO     C:\Windows\Temp\python_zf_wbyxxwoz\法雷奥限用物质确认.txt
2022-03-14 12:05:15 INFO     save file success
2022-03-14 12:05:15 INFO     upload: saved files in uploads success
2022-03-14 12:05:17 INFO     export: Selected filename法雷奥限用物质确认.txt, 
2022-03-14 12:05:17 INFO     export: file in tempdir:法雷奥限用物质确认.txt
2022-03-14 12:05:17 ERROR    error in exception export method
2022-03-14 12:05:17 INFO     Into Get Index
2022-03-14 12:05:17 INFO     index: check is have session temp_dir C:\Windows\Temp\python_zf_wbyxxwoz
2022-03-14 12:05:17 INFO     inpex: temp_dir part: C:\Windows\Temp\python_zf_msrm2sfx
2022-03-14 12:05:17 INFO     index: check have temp_dir is True
2022-03-14 12:05:55 INFO     into upload post
2022-03-14 12:05:55 INFO     upload: check have temp_dir is True
2022-03-14 12:05:55 INFO     upload: path temp_dir: C:\Windows\Temp\python_zf_msrm2sfx
2022-03-14 12:05:55 INFO     upload: name file: 法雷奧限用物質確認.txt
2022-03-14 12:05:55 INFO     C:\Windows\Temp\python_zf_msrm2sfx\法雷奧限用物質確認.txt
2022-03-14 12:05:55 INFO     save file success
2022-03-14 12:05:55 INFO     upload: saved files in uploads success
2022-03-14 12:05:56 INFO     export: Selected filename法雷奧限用物質確認.txt, 
2022-03-14 12:05:56 INFO     export: file in tempdir:法雷奧限用物質確認.txt
2022-03-14 12:05:56 ERROR    error in exception export method
2022-03-14 12:05:56 INFO     Into Get Index
2022-03-14 12:05:56 INFO     index: check is have session temp_dir C:\Windows\Temp\python_zf_msrm2sfx
2022-03-14 12:05:56 INFO     inpex: temp_dir part: C:\Windows\Temp\python_zf_9tolfojh
2022-03-14 12:05:56 INFO     index: check have temp_dir is True
2022-03-14 12:06:02 INFO     into upload post
2022-03-14 12:06:02 INFO     upload: check have temp_dir is True
2022-03-14 12:06:02 INFO     upload: path temp_dir: C:\Windows\Temp\python_zf_9tolfojh
2022-03-14 12:06:02 INFO     upload: name file: หกหแอดเิะ้ะพะิะพ้พะ.txt
2022-03-14 12:06:02 INFO     C:\Windows\Temp\python_zf_9tolfojh\หกหแอดเิะ้ะพะิะพ้พะ.txt
2022-03-14 12:06:02 INFO     save file success
2022-03-14 12:06:02 INFO     upload: saved files in uploads success
2022-03-14 12:06:03 INFO     export: Selected filenameหกหแอดเิะ้ะพะิะพ้พะ.txt, 
2022-03-14 12:06:03 INFO     export: file in tempdir:หกหแอดเิะ้ะพะิะพ้พะ.txt
2022-03-14 12:06:03 ERROR    error in exception export method
2022-03-14 12:06:03 INFO     Into Get Index
2022-03-14 12:06:03 INFO     index: check is have session temp_dir C:\Windows\Temp\python_zf_9tolfojh
2022-03-14 12:06:03 INFO     inpex: temp_dir part: C:\Windows\Temp\python_zf_72r56rib
2022-03-14 12:06:03 INFO     index: check have temp_dir is True
2022-03-14 12:06:13 INFO     into upload post
2022-03-14 12:06:13 INFO     upload: check have temp_dir is True
2022-03-14 12:06:13 INFO     upload: path temp_dir: C:\Windows\Temp\python_zf_72r56rib
2022-03-14 12:06:13 INFO     upload: name file: tet.txt
2022-03-14 12:06:13 INFO     C:\Windows\Temp\python_zf_72r56rib\tet.txt
2022-03-14 12:06:13 INFO     save file success
2022-03-14 12:06:13 INFO     upload: saved files in uploads success
2022-03-14 12:06:14 INFO     export: Selected filenametet.txt, 
2022-03-14 12:06:14 INFO     export: file in tempdir:tet.txt
2022-03-14 12:06:14 INFO     export: create zipfile success
2022-03-14 12:06:14 INFO     export: response zipfile success
2022-03-14 12:06:14 INFO     export: temp_dir cleanup
2022-03-14 12:06:31 INFO     export: into auto save password
2022-03-14 12:11:07 INFO     export: into refresh
2022-03-14 12:11:07 INFO     export: temp_dir cleanup
2022-03-14 12:11:07 INFO     Into Get Index
2022-03-14 12:11:07 INFO     index: check is have session temp_dir C:\Windows\Temp\python_zf_oxulzfd0
2022-03-14 12:11:07 INFO     inpex: temp_dir part: C:\Windows\Temp\python_zf_pj3ixv2f
2022-03-14 12:11:07 INFO     index: check have temp_dir is True
2022-03-14 12:11:18 INFO     into upload post
2022-03-14 12:11:18 INFO     upload: check have temp_dir is True
2022-03-14 12:11:18 INFO     upload: path temp_dir: C:\Windows\Temp\python_zf_pj3ixv2f
2022-03-14 12:11:18 INFO     upload: name file: 2012固定資産有無.pdf
2022-03-14 12:11:18 INFO     C:\Windows\Temp\python_zf_pj3ixv2f\2012固定資産有無.pdf
2022-03-14 12:11:18 INFO     save file success
2022-03-14 12:11:18 INFO     upload: saved files in uploads success
2022-03-14 12:11:26 INFO     export: Selected filename2012固定資産有無.pdf, 
2022-03-14 12:11:26 INFO     export: file in tempdir:2012固定資産有無.pdf
2022-03-14 12:11:26 ERROR    error in exception export method
2022-03-14 12:11:26 INFO     Into Get Index
2022-03-14 12:11:26 INFO     index: check is have session temp_dir C:\Windows\Temp\python_zf_pj3ixv2f
2022-03-14 12:11:26 INFO     inpex: temp_dir part: C:\Windows\Temp\python_zf_61xr1xh3
2022-03-14 12:11:26 INFO     index: check have temp_dir is True
2022-03-14 12:11:43 INFO     into upload post
2022-03-14 12:11:43 INFO     upload: check have temp_dir is True
2022-03-14 12:11:43 INFO     upload: path temp_dir: C:\Windows\Temp\python_zf_61xr1xh3
2022-03-14 12:11:43 INFO     upload: name file: 2013NRV振替伝票.pdf
2022-03-14 12:11:43 INFO     C:\Windows\Temp\python_zf_61xr1xh3\2013NRV振替伝票.pdf
2022-03-14 12:11:43 INFO     save file success
2022-03-14 12:11:43 INFO     upload: saved files in uploads success
2022-03-14 12:11:49 INFO     export: Selected filename2013NRV振替伝票.pdf, 
2022-03-14 12:11:49 INFO     export: file in tempdir:2013NRV振替伝票.pdf
2022-03-14 12:11:49 ERROR    error in exception export method
2022-03-14 12:11:49 INFO     Into Get Index
2022-03-14 12:11:49 INFO     index: check is have session temp_dir C:\Windows\Temp\python_zf_61xr1xh3
2022-03-14 12:11:49 INFO     inpex: temp_dir part: C:\Windows\Temp\python_zf_6svi0nci
2022-03-14 12:11:49 INFO     index: check have temp_dir is True
2022-03-14 12:12:10 INFO     Into Get Index
2022-03-14 12:12:10 INFO     index: check is have session temp_dir C:\Windows\Temp\python_zf_avv56sh7
2022-03-14 12:12:10 INFO     inpex: temp_dir part: C:\Windows\Temp\python_zf_6yswz84_
2022-03-14 12:12:10 INFO     index: check have temp_dir is True
2022-03-14 12:12:52 INFO     into upload post
2022-03-14 12:12:52 INFO     upload: check have temp_dir is True
2022-03-14 12:12:52 INFO     upload: path temp_dir: C:\Windows\Temp\python_zf_6yswz84_
2022-03-14 12:12:52 INFO     upload: name file: TMS action report 2020.4-6.pdf
2022-03-14 12:12:52 INFO     C:\Windows\Temp\python_zf_6yswz84_\TMS action report 2020.4-6.pdf
2022-03-14 12:12:52 INFO     save file success
2022-03-14 12:12:52 INFO     upload: saved files in uploads success
2022-03-14 12:12:56 INFO     export: into refresh
2022-03-14 12:12:56 INFO     export: temp_dir cleanup
2022-03-14 12:12:56 INFO     Into Get Index
2022-03-14 12:12:56 INFO     index: check is have session temp_dir C:\Windows\Temp\python_zf_6yswz84_
2022-03-14 12:12:56 INFO     inpex: temp_dir part: C:\Windows\Temp\python_zf_vqg32iwk
2022-03-14 12:12:56 INFO     index: check have temp_dir is True
2022-03-14 12:13:01 INFO     Into Get Index
2022-03-14 12:13:01 INFO     index: check is have session temp_dir C:\Windows\Temp\python_zf_6svi0nci
2022-03-14 12:13:01 INFO     index: Remove temp_dir 
2022-03-14 12:13:01 INFO     inpex: temp_dir part: C:\Windows\Temp\python_zf__r1qigqz
2022-03-14 12:13:01 INFO     index: check have temp_dir is True
2022-03-14 12:13:38 INFO     Into Get Index
2022-03-14 12:13:38 INFO     index: check is have session temp_dir C:\Windows\Temp\python_zf__r1qigqz
2022-03-14 12:13:38 INFO     index: Remove temp_dir 
2022-03-14 12:13:38 INFO     inpex: temp_dir part: C:\Windows\Temp\python_zf_nb6yf2y9
2022-03-14 12:13:38 INFO     index: check have temp_dir is True
2022-03-14 12:13:40 INFO     Into Get Index
2022-03-14 12:13:40 INFO     index: check is have session temp_dir C:\Windows\Temp\python_zf_nb6yf2y9
2022-03-14 12:13:40 INFO     index: Remove temp_dir 
2022-03-14 12:13:40 INFO     inpex: temp_dir part: C:\Windows\Temp\python_zf_dowo1w28
2022-03-14 12:13:40 INFO     index: check have temp_dir is True
2022-03-14 12:13:42 INFO     Into Get Index
2022-03-14 12:13:42 INFO     index: check is have session temp_dir C:\Windows\Temp\python_zf_dowo1w28
2022-03-14 12:13:42 INFO     index: Remove temp_dir 
2022-03-14 12:13:42 INFO     inpex: temp_dir part: C:\Windows\Temp\python_zf__kxyosbu
2022-03-14 12:13:42 INFO     index: check have temp_dir is True
2022-03-14 12:13:42 INFO     into upload post
2022-03-14 12:13:42 INFO     upload: check have temp_dir is True
2022-03-14 12:13:42 INFO     upload: path temp_dir: C:\Windows\Temp\python_zf_vqg32iwk
2022-03-14 12:13:42 INFO     upload: name file: หกหแอดเิะ้ะพะิะพ้พะ.txt
2022-03-14 12:13:42 INFO     C:\Windows\Temp\python_zf_vqg32iwk\หกหแอดเิะ้ะพะิะพ้พะ.txt
2022-03-14 12:13:42 INFO     save file success
2022-03-14 12:13:42 INFO     upload: saved files in uploads success
2022-03-14 12:13:43 INFO     export: Selected filenameหกหแอดเิะ้ะพะิะพ้พะ.txt, 
2022-03-14 12:13:43 INFO     export: file in tempdir:หกหแอดเิะ้ะพะิะพ้พะ.txt
2022-03-14 12:13:43 ERROR    error in exception export method
2022-03-14 12:13:43 INFO     Into Get Index
2022-03-14 12:13:43 INFO     index: check is have session temp_dir C:\Windows\Temp\python_zf_vqg32iwk
2022-03-14 12:13:43 INFO     inpex: temp_dir part: C:\Windows\Temp\python_zf_vr242u7l
2022-03-14 12:13:43 INFO     index: check have temp_dir is True
2022-03-14 12:13:48 INFO     into upload post
2022-03-14 12:13:48 INFO     upload: check have temp_dir is True
2022-03-14 12:13:48 INFO     upload: path temp_dir: C:\Windows\Temp\python_zf__kxyosbu
2022-03-14 12:13:48 INFO     upload: name file: 2013　NRV販売経費計算.pdf
2022-03-14 12:13:48 INFO     C:\Windows\Temp\python_zf__kxyosbu\2013　NRV販売経費計算.pdf
2022-03-14 12:13:48 INFO     save file success
2022-03-14 12:13:48 INFO     upload: saved files in uploads success
2022-03-14 12:13:50 INFO     export: Selected filename2013　NRV販売経費計算.pdf, 
2022-03-14 12:13:50 INFO     export: file in tempdir:2013　NRV販売経費計算.pdf
2022-03-14 12:13:50 ERROR    error in exception export method
2022-03-14 12:13:50 INFO     Into Get Index
2022-03-14 12:13:50 INFO     index: check is have session temp_dir C:\Windows\Temp\python_zf__kxyosbu
2022-03-14 12:13:50 INFO     inpex: temp_dir part: C:\Windows\Temp\python_zf_yncfc2_d
2022-03-14 12:13:50 INFO     index: check have temp_dir is True
2022-03-14 12:13:52 INFO     into upload post
2022-03-14 12:13:52 INFO     upload: check have temp_dir is True
2022-03-14 12:13:52 INFO     upload: path temp_dir: C:\Windows\Temp\python_zf_vr242u7l
2022-03-14 12:13:52 INFO     upload: name file: หกหแอดเิะ้ะพะิะพ้พะ.txt
2022-03-14 12:13:52 INFO     C:\Windows\Temp\python_zf_vr242u7l\หกหแอดเิะ้ะพะิะพ้พะ.txt
2022-03-14 12:13:52 INFO     save file success
2022-03-14 12:13:52 INFO     upload: saved files in uploads success
2022-03-14 12:13:52 INFO     Into Get Index
2022-03-14 12:13:52 INFO     index: check is have session temp_dir C:\Windows\Temp\python_zf_yncfc2_d
2022-03-14 12:13:52 INFO     index: Remove temp_dir 
2022-03-14 12:13:52 INFO     inpex: temp_dir part: C:\Windows\Temp\python_zf_v51c_5x3
2022-03-14 12:13:52 INFO     index: check have temp_dir is True
2022-03-14 12:13:53 INFO     export: Selected filenameหกหแอดเิะ้ะพะิะพ้พะ.txt, 
2022-03-14 12:13:53 INFO     export: file in tempdir:หกหแอดเิะ้ะพะิะพ้พะ.txt
2022-03-14 12:13:53 ERROR    error in exception export method
2022-03-14 12:13:53 INFO     Into Get Index
2022-03-14 12:13:53 INFO     index: check is have session temp_dir C:\Windows\Temp\python_zf_vr242u7l
2022-03-14 12:13:53 INFO     inpex: temp_dir part: C:\Windows\Temp\python_zf_y2x84ibr
2022-03-14 12:13:53 INFO     index: check have temp_dir is True
2022-03-14 12:14:06 INFO     into upload post
2022-03-14 12:14:06 INFO     upload: check have temp_dir is True
2022-03-14 12:14:06 INFO     upload: path temp_dir: C:\Windows\Temp\python_zf_y2x84ibr
2022-03-14 12:14:06 INFO     upload: name file: 法雷奥限用物质确认.txt
2022-03-14 12:14:06 INFO     C:\Windows\Temp\python_zf_y2x84ibr\法雷奥限用物质确认.txt
2022-03-14 12:14:06 INFO     save file success
2022-03-14 12:14:06 INFO     upload: saved files in uploads success
2022-03-14 12:14:07 INFO     export: Selected filename法雷奥限用物质确认.txt, 
2022-03-14 12:14:07 INFO     export: file in tempdir:法雷奥限用物质确认.txt
2022-03-14 12:14:07 ERROR    error in exception export method
2022-03-14 12:14:07 INFO     Into Get Index
2022-03-14 12:14:07 INFO     index: check is have session temp_dir C:\Windows\Temp\python_zf_y2x84ibr
2022-03-14 12:14:07 INFO     inpex: temp_dir part: C:\Windows\Temp\python_zf_60z81swj
2022-03-14 12:14:07 INFO     index: check have temp_dir is True
2022-03-14 12:14:20 INFO     into upload post
2022-03-14 12:14:20 INFO     upload: check have temp_dir is True
2022-03-14 12:14:20 INFO     upload: path temp_dir: C:\Windows\Temp\python_zf_60z81swj
2022-03-14 12:14:20 INFO     upload: name file: write_tempfile.txt
2022-03-14 12:14:20 INFO     C:\Windows\Temp\python_zf_60z81swj\write_tempfile.txt
2022-03-14 12:14:20 INFO     save file success
2022-03-14 12:14:20 INFO     upload: saved files in uploads success
2022-03-14 12:14:20 INFO     export: Selected filenamewrite_tempfile.txt, 
2022-03-14 12:14:20 INFO     export: file in tempdir:write_tempfile.txt
2022-03-14 12:14:20 INFO     export: create zipfile success
2022-03-14 12:14:20 INFO     export: response zipfile success
2022-03-14 12:14:20 INFO     export: temp_dir cleanup
2022-03-14 12:14:36 INFO     Into Get Index
2022-03-14 12:14:36 INFO     inpex: temp_dir part: C:\Windows\Temp\python_zf_u81w2cli
2022-03-14 12:14:36 INFO     index: check have temp_dir is True
2022-03-14 12:14:40 INFO     into upload post
2022-03-14 12:14:40 INFO     upload: check have temp_dir is True
2022-03-14 12:14:40 INFO     upload: path temp_dir: C:\Windows\Temp\python_zf_u81w2cli
2022-03-14 12:14:40 INFO     upload: name file: 2013　NRV販売経費計算.pdf
2022-03-14 12:14:40 INFO     C:\Windows\Temp\python_zf_u81w2cli\2013　NRV販売経費計算.pdf
2022-03-14 12:14:40 INFO     save file success
2022-03-14 12:14:40 INFO     upload: saved files in uploads success
2022-03-14 12:14:41 INFO     export: into refresh
2022-03-14 12:14:41 INFO     export: temp_dir cleanup
2022-03-14 12:14:41 INFO     Into Get Index
2022-03-14 12:14:41 INFO     index: check is have session temp_dir C:\Windows\Temp\python_zf_u81w2cli
2022-03-14 12:14:41 INFO     inpex: temp_dir part: C:\Windows\Temp\python_zf_pciyhs6a
2022-03-14 12:14:41 INFO     index: check have temp_dir is True
2022-03-14 12:14:46 INFO     into upload post
2022-03-14 12:14:46 INFO     upload: check have temp_dir is True
2022-03-14 12:14:46 INFO     upload: path temp_dir: C:\Windows\Temp\python_zf_pciyhs6a
2022-03-14 12:14:46 INFO     upload: name file: 2016.12.09賞与情報　1-125社.pdf
2022-03-14 12:14:46 INFO     C:\Windows\Temp\python_zf_pciyhs6a\2016.12.09賞与情報　1-125社.pdf
2022-03-14 12:14:46 INFO     save file success
2022-03-14 12:14:46 INFO     upload: saved files in uploads success
2022-03-14 12:14:49 INFO     export: into refresh
2022-03-14 12:14:49 INFO     export: temp_dir cleanup
2022-03-14 12:14:49 INFO     Into Get Index
2022-03-14 12:14:49 INFO     index: check is have session temp_dir C:\Windows\Temp\python_zf_pciyhs6a
2022-03-14 12:14:49 INFO     inpex: temp_dir part: C:\Windows\Temp\python_zf_rfjm1755
2022-03-14 12:14:49 INFO     index: check have temp_dir is True
2022-03-14 12:14:57 INFO     into upload post
2022-03-14 12:14:57 INFO     upload: check have temp_dir is True
2022-03-14 12:14:57 INFO     upload: path temp_dir: C:\Windows\Temp\python_zf_rfjm1755
2022-03-14 12:14:57 INFO     upload: name file: 2013　NRV販売経費計算.pdf
2022-03-14 12:14:57 INFO     C:\Windows\Temp\python_zf_rfjm1755\2013　NRV販売経費計算.pdf
2022-03-14 12:14:57 INFO     save file success
2022-03-14 12:14:57 INFO     upload: saved files in uploads success
2022-03-14 12:14:58 INFO     export: Selected filename2013　NRV販売経費計算.pdf, 
2022-03-14 12:14:58 INFO     export: file in tempdir:2013　NRV販売経費計算.pdf
2022-03-14 12:14:58 ERROR    error in exception export method
2022-03-14 12:14:58 INFO     Into Get Index
2022-03-14 12:14:58 INFO     index: check is have session temp_dir C:\Windows\Temp\python_zf_rfjm1755
2022-03-14 12:14:58 INFO     inpex: temp_dir part: C:\Windows\Temp\python_zf_cig2oso_
2022-03-14 12:14:58 INFO     index: check have temp_dir is True
2022-03-14 12:16:20 INFO     Into Get Index
2022-03-14 12:16:20 INFO     inpex: temp_dir part: C:\Windows\Temp\python_zf_15f0ttmg
2022-03-14 12:16:20 INFO     index: check have temp_dir is True
2022-03-14 12:16:40 INFO     into upload post
2022-03-14 12:16:40 INFO     upload: check have temp_dir is True
2022-03-14 12:16:40 INFO     upload: path temp_dir: C:\Windows\Temp\python_zf_15f0ttmg
2022-03-14 12:16:40 INFO     upload: name file: 2020.4-9 輸入品見積補助資料.pdf
2022-03-14 12:16:40 INFO     C:\Windows\Temp\python_zf_15f0ttmg\2020.4-9 輸入品見積補助資料.pdf
2022-03-14 12:16:40 INFO     save file success
2022-03-14 12:16:40 INFO     upload: saved files in uploads success
2022-03-14 12:16:43 INFO     export: Selected filename2020.4-9 輸入品見積補助資料.pdf, 
2022-03-14 12:16:43 INFO     export: file in tempdir:2020.4-9 輸入品見積補助資料.pdf
2022-03-14 12:16:43 ERROR    error in exception export method
2022-03-14 12:16:43 INFO     Into Get Index
2022-03-14 12:16:43 INFO     index: check is have session temp_dir C:\Windows\Temp\python_zf_15f0ttmg
2022-03-14 12:16:43 INFO     inpex: temp_dir part: C:\Windows\Temp\python_zf_pxxro5h8
2022-03-14 12:16:43 INFO     index: check have temp_dir is True
2022-03-14 12:17:58 INFO     Into Get Index
2022-03-14 12:17:58 INFO     inpex: temp_dir part: C:\Windows\Temp\python_zf_eeuvbdsx
2022-03-14 12:17:58 INFO     index: check have temp_dir is True
2022-03-14 12:18:05 INFO     into upload post
2022-03-14 12:18:05 INFO     upload: check have temp_dir is True
2022-03-14 12:18:05 INFO     upload: path temp_dir: C:\Windows\Temp\python_zf_eeuvbdsx
2022-03-14 12:18:05 INFO     upload: name file: (タイ語）内部統制基本方針と内部統制組織(2011.7.15△2改訂）.pdf
2022-03-14 12:18:05 INFO     C:\Windows\Temp\python_zf_eeuvbdsx\(タイ語）内部統制基本方針と内部統制組織(2011.7.15△2改訂）.pdf
2022-03-14 12:18:05 INFO     save file success
2022-03-14 12:18:05 INFO     upload: saved files in uploads success
2022-03-14 12:18:06 INFO     export: Selected filename(タイ語）内部統制基本方針と内部統制組織(2011.7.15△2改訂）.pdf, 
2022-03-14 12:18:06 INFO     export: file in tempdir:(タイ語）内部統制基本方針と内部統制組織(2011.7.15△2改訂）.pdf
2022-03-14 12:18:06 ERROR    error in exception export method
2022-03-14 12:18:06 INFO     Into Get Index
2022-03-14 12:18:06 INFO     index: check is have session temp_dir C:\Windows\Temp\python_zf_eeuvbdsx
2022-03-14 12:18:06 INFO     inpex: temp_dir part: C:\Windows\Temp\python_zf_g6ewhrlw
2022-03-14 12:18:06 INFO     index: check have temp_dir is True
2022-03-14 12:19:35 INFO     Into Get Index
2022-03-14 12:19:35 INFO     index: check is have session temp_dir C:\Windows\Temp\python_zf_caziq1sb
2022-03-14 12:19:35 INFO     index: Remove temp_dir 
2022-03-14 12:19:35 INFO     inpex: temp_dir part: C:\Windows\Temp\python_zf_r5mp2t8g
2022-03-14 12:19:35 INFO     index: check have temp_dir is True
2022-03-14 13:33:13 INFO     Into Get Index
2022-03-14 13:33:13 INFO     index: check is have session temp_dir C:\Windows\Temp\python_zf_g6ewhrlw
2022-03-14 13:33:13 INFO     index: Remove temp_dir 
2022-03-14 13:33:13 INFO     inpex: temp_dir part: C:\Windows\Temp\python_zf_w5k8npo7
2022-03-14 13:33:13 INFO     index: check have temp_dir is True
2022-03-14 13:33:24 INFO     into upload post
2022-03-14 13:33:24 INFO     upload: check have temp_dir is True
2022-03-14 13:33:24 INFO     upload: path temp_dir: C:\Windows\Temp\python_zf_w5k8npo7
2022-03-14 13:33:24 INFO     upload: name file: OCT-IS-FM037 (1).pdf
2022-03-14 13:33:24 INFO     C:\Windows\Temp\python_zf_w5k8npo7\OCT-IS-FM037 (1).pdf
2022-03-14 13:33:24 INFO     save file success
2022-03-14 13:33:24 INFO     upload: saved files in uploads success
2022-03-14 13:33:25 INFO     export: Selected filenameOCT-IS-FM037 (1).pdf, 
2022-03-14 13:33:25 INFO     export: file in tempdir:OCT-IS-FM037 (1).pdf
2022-03-14 13:33:25 INFO     export: create zipfile success
2022-03-14 13:33:25 INFO     export: response zipfile success
2022-03-14 13:33:25 INFO     export: temp_dir cleanup
2022-03-15 08:15:29 INFO     Into Get Index
2022-03-15 08:15:29 INFO     index: check is have session temp_dir C:\Windows\Temp\python_zf_72r56rib
2022-03-15 08:15:29 INFO     inpex: temp_dir part: C:\Windows\Temp\python_zf_wi_malwx
2022-03-15 08:15:29 INFO     index: check have temp_dir is True
2022-03-15 08:15:34 INFO     Into Get Index
2022-03-15 08:15:34 INFO     index: check is have session temp_dir C:\Windows\Temp\python_zf_wi_malwx
2022-03-15 08:15:34 INFO     index: Remove temp_dir 
2022-03-15 08:15:34 INFO     inpex: temp_dir part: C:\Windows\Temp\python_zf_l2_tm8dl
2022-03-15 08:15:34 INFO     index: check have temp_dir is True
2022-03-15 08:25:55 INFO     Into Get Index
2022-03-15 08:25:55 INFO     inpex: temp_dir part: C:\Windows\Temp\python_zf_y2yt7nn1
2022-03-15 08:25:55 INFO     index: check have temp_dir is True
2022-03-15 08:28:30 INFO     Into Get Index
2022-03-15 08:28:30 INFO     inpex: temp_dir part: C:\Windows\Temp\python_zf_lnos72qj
2022-03-15 08:28:30 INFO     index: check have temp_dir is True
2022-03-15 08:30:07 INFO     Into Get Index
2022-03-15 08:30:07 INFO     inpex: temp_dir part: C:\Windows\Temp\python_zf_9ozrfhrs
2022-03-15 08:30:07 INFO     index: check have temp_dir is True
2022-03-15 08:31:37 INFO     Into Get Index
2022-03-15 08:31:37 INFO     index: check is have session temp_dir C:\Windows\Temp\python_zf_y2yt7nn1
2022-03-15 08:31:37 INFO     index: Remove temp_dir 
2022-03-15 08:31:37 INFO     inpex: temp_dir part: C:\Windows\Temp\python_zf_cnhhnv7w
2022-03-15 08:31:37 INFO     index: check have temp_dir is True
2022-03-15 08:32:47 INFO     Into Get Index
2022-03-15 08:32:47 INFO     inpex: temp_dir part: C:\Windows\Temp\python_zf_6a5j2imn
2022-03-15 08:32:47 INFO     index: check have temp_dir is True
2022-03-15 08:32:57 INFO     Into Get Index
2022-03-15 08:32:57 INFO     inpex: temp_dir part: C:\Windows\Temp\python_zf_ownhs98r
2022-03-15 08:32:57 INFO     index: check have temp_dir is True
2022-03-15 08:42:27 INFO     Into Get Index
2022-03-15 08:42:27 INFO     index: check is have session temp_dir C:\Windows\Temp\python_zf_cnhhnv7w
2022-03-15 08:42:27 INFO     index: Remove temp_dir 
2022-03-15 08:42:27 INFO     inpex: temp_dir part: C:\Windows\Temp\python_zf_ab59sxof
2022-03-15 08:42:27 INFO     index: check have temp_dir is True
2022-03-15 08:42:27 INFO     Into Get Index
2022-03-15 08:42:27 INFO     index: check is have session temp_dir C:\Windows\Temp\python_zf_ab59sxof
2022-03-15 08:42:27 INFO     index: Remove temp_dir 
2022-03-15 08:42:27 INFO     inpex: temp_dir part: C:\Windows\Temp\python_zf_c2lgg4hv
2022-03-15 08:42:27 INFO     index: check have temp_dir is True
2022-03-15 08:42:34 INFO     Into Get Index
2022-03-15 08:42:34 INFO     index: check is have session temp_dir C:\Windows\Temp\python_zf_c2lgg4hv
2022-03-15 08:42:34 INFO     index: Remove temp_dir 
2022-03-15 08:42:34 INFO     inpex: temp_dir part: C:\Windows\Temp\python_zf_x7e83j85
2022-03-15 08:42:34 INFO     index: check have temp_dir is True
2022-03-15 10:45:09 INFO     Into Get Index
2022-03-15 10:45:09 INFO     index: check is have session temp_dir C:\Windows\Temp\python_zf_l2_tm8dl
2022-03-15 10:45:09 INFO     index: Remove temp_dir 
2022-03-15 10:45:09 INFO     inpex: temp_dir part: C:\Windows\Temp\python_zf_5hmw0a2p
2022-03-15 10:45:09 INFO     index: check have temp_dir is True
2022-03-15 10:45:44 INFO     into upload post
2022-03-15 10:45:44 INFO     upload: check have temp_dir is True
2022-03-15 10:45:44 INFO     upload: path temp_dir: C:\Windows\Temp\python_zf_5hmw0a2p
2022-03-15 10:45:44 INFO     upload: name file: 2013NRV振替伝票.pdf
2022-03-15 10:45:44 INFO     C:\Windows\Temp\python_zf_5hmw0a2p\2013NRV振替伝票.pdf
2022-03-15 10:45:44 INFO     save file success
2022-03-15 10:45:44 INFO     upload: saved files in uploads success
2022-03-15 10:45:46 INFO     export: Selected filename2013NRV振替伝票.pdf, 
2022-03-15 10:45:46 INFO     export: file in tempdir:2013NRV振替伝票.pdf
2022-03-15 10:45:46 INFO     export: create zipfile success
2022-03-15 10:45:46 INFO     export: response zipfile success
2022-03-15 10:45:46 INFO     export: temp_dir cleanup
2022-03-15 10:45:57 INFO     into upload post
2022-03-15 10:45:57 INFO     upload: check have temp_dir is False
2022-03-15 10:45:57 ERROR    upload: Zip File has been exported or files in temporary directory deleted, Please select files again. 
2022-03-15 10:45:57 INFO     Into Get Index
2022-03-15 10:45:57 INFO     index: check is have session temp_dir C:\Windows\Temp\python_zf_5hmw0a2p
2022-03-15 10:45:57 INFO     inpex: temp_dir part: C:\Windows\Temp\python_zf_8guptf4d
2022-03-15 10:45:57 INFO     index: check have temp_dir is True
2022-03-15 10:45:59 INFO     export: Selected filename2013NRV振替伝票.pdf, 2016.12.09賞与情報　1-125社.pdf, 
2022-03-15 10:45:59 INFO     export: file in tempdir:
2022-03-15 10:45:59 ERROR    export: No file(s) matching in temp_dir (file_path list is null)
2022-03-15 10:45:59 INFO     Into Get Index
2022-03-15 10:45:59 INFO     index: check is have session temp_dir C:\Windows\Temp\python_zf_8guptf4d
2022-03-15 10:45:59 INFO     index: Remove temp_dir 
2022-03-15 10:45:59 INFO     inpex: temp_dir part: C:\Windows\Temp\python_zf_rb4t_ihu
2022-03-15 10:45:59 INFO     index: check have temp_dir is True
2022-03-15 10:46:01 INFO     export: into refresh
2022-03-15 10:46:01 INFO     export: temp_dir cleanup
2022-03-15 10:46:01 INFO     Into Get Index
2022-03-15 10:46:01 INFO     index: check is have session temp_dir C:\Windows\Temp\python_zf_rb4t_ihu
2022-03-15 10:46:01 INFO     inpex: temp_dir part: C:\Windows\Temp\python_zf_3mb3xv13
2022-03-15 10:46:01 INFO     index: check have temp_dir is True
2022-03-15 10:46:05 INFO     into upload post
2022-03-15 10:46:05 INFO     upload: check have temp_dir is True
2022-03-15 10:46:05 INFO     upload: path temp_dir: C:\Windows\Temp\python_zf_3mb3xv13
2022-03-15 10:46:05 INFO     upload: name file: 2013　NRV販売経費計算.pdf
2022-03-15 10:46:05 INFO     C:\Windows\Temp\python_zf_3mb3xv13\2013　NRV販売経費計算.pdf
2022-03-15 10:46:05 INFO     save file success
2022-03-15 10:46:05 INFO     upload: saved files in uploads success
2022-03-15 10:46:07 INFO     export: Selected filename2013　NRV販売経費計算.pdf, 
2022-03-15 10:46:07 INFO     export: file in tempdir:2013　NRV販売経費計算.pdf
2022-03-15 10:46:07 INFO     export: create zipfile success
2022-03-15 10:46:07 INFO     export: response zipfile success
2022-03-15 10:46:07 INFO     export: temp_dir cleanup
2022-03-15 10:46:16 INFO     export: into refresh
2022-03-15 10:46:16 INFO     export: temp_dir cleanup
2022-03-15 10:46:16 INFO     Into Get Index
2022-03-15 10:46:16 INFO     index: check is have session temp_dir C:\Windows\Temp\python_zf_3mb3xv13
2022-03-15 10:46:16 INFO     inpex: temp_dir part: C:\Windows\Temp\python_zf_m9vflb3t
2022-03-15 10:46:16 INFO     index: check have temp_dir is True
2022-03-15 10:46:19 INFO     into upload post
2022-03-15 10:46:19 INFO     upload: check have temp_dir is True
2022-03-15 10:46:19 INFO     upload: path temp_dir: C:\Windows\Temp\python_zf_m9vflb3t
2022-03-15 10:46:19 INFO     upload: name file: (タイ語）内部統制基本方針と内部統制組織(2011.7.15△2改訂）.pdf
2022-03-15 10:46:19 INFO     C:\Windows\Temp\python_zf_m9vflb3t\(タイ語）内部統制基本方針と内部統制組織(2011.7.15△2改訂）.pdf
2022-03-15 10:46:19 INFO     save file success
2022-03-15 10:46:19 INFO     upload: saved files in uploads success
2022-03-15 10:46:21 INFO     export: Selected filename(タイ語）内部統制基本方針と内部統制組織(2011.7.15△2改訂）.pdf, 
2022-03-15 10:46:21 INFO     export: file in tempdir:(タイ語）内部統制基本方針と内部統制組織(2011.7.15△2改訂）.pdf
2022-03-15 10:46:21 INFO     export: create zipfile success
2022-03-15 10:46:21 INFO     export: response zipfile success
2022-03-15 10:46:21 INFO     export: temp_dir cleanup
2022-03-15 10:46:29 INFO     export: into refresh
2022-03-15 10:46:29 INFO     export: temp_dir cleanup
2022-03-15 10:46:29 INFO     Into Get Index
2022-03-15 10:46:29 INFO     index: check is have session temp_dir C:\Windows\Temp\python_zf_m9vflb3t
2022-03-15 10:46:29 INFO     inpex: temp_dir part: C:\Windows\Temp\python_zf_320tzv3t
2022-03-15 10:46:29 INFO     index: check have temp_dir is True
2022-03-15 10:46:47 INFO     into upload post
2022-03-15 10:46:47 INFO     upload: check have temp_dir is True
2022-03-15 10:46:47 INFO     upload: path temp_dir: C:\Windows\Temp\python_zf_320tzv3t
2022-03-15 10:46:47 INFO     upload: name file: 12.  会計システムへのアクセス.pdf
2022-03-15 10:46:47 INFO     C:\Windows\Temp\python_zf_320tzv3t\12.  会計システムへのアクセス.pdf
2022-03-15 10:46:47 INFO     save file success
2022-03-15 10:46:47 INFO     upload: name file: 12. Tax Rate Analysis(税率差異分析）.pdf
2022-03-15 10:46:47 INFO     C:\Windows\Temp\python_zf_320tzv3t\12. Tax Rate Analysis(税率差異分析）.pdf
2022-03-15 10:46:47 INFO     save file success
2022-03-15 10:46:47 INFO     upload: name file: 12-2 経理スタッフ研修終了証(ゲオさん）.pdf
2022-03-15 10:46:47 INFO     C:\Windows\Temp\python_zf_320tzv3t\12-2 経理スタッフ研修終了証(ゲオさん）.pdf
2022-03-15 10:46:47 INFO     save file success
2022-03-15 10:46:47 INFO     upload: name file: 13.　Ｄｅｆｅｒｒｅｄ　Ｔａｘ(繰り延べ税金）.pdf
2022-03-15 10:46:47 INFO     C:\Windows\Temp\python_zf_320tzv3t\13.　Ｄｅｆｅｒｒｅｄ　Ｔａｘ(繰り延べ税金）.pdf
2022-03-15 10:46:47 INFO     save file success
2022-03-15 10:46:47 INFO     upload: name file: 14.Tax Provision.pdf
2022-03-15 10:46:47 INFO     C:\Windows\Temp\python_zf_320tzv3t\14.Tax Provision.pdf
2022-03-15 10:46:47 INFO     save file success
2022-03-15 10:46:47 INFO     upload: name file: 2012固定資産有無.pdf
2022-03-15 10:46:47 INFO     C:\Windows\Temp\python_zf_320tzv3t\2012固定資産有無.pdf
2022-03-15 10:46:47 INFO     save file success
2022-03-15 10:46:47 INFO     upload: name file: 2013　NRV販売経費計算.pdf
2022-03-15 10:46:47 INFO     C:\Windows\Temp\python_zf_320tzv3t\2013　NRV販売経費計算.pdf
2022-03-15 10:46:47 INFO     save file success
2022-03-15 10:46:47 INFO     upload: name file: 2013.12.4付価格.pdf
2022-03-15 10:46:47 INFO     C:\Windows\Temp\python_zf_320tzv3t\2013.12.4付価格.pdf
2022-03-15 10:46:47 INFO     save file success
2022-03-15 10:46:47 INFO     upload: name file: 2013.12.27付価格.pdf
2022-03-15 10:46:47 INFO     C:\Windows\Temp\python_zf_320tzv3t\2013.12.27付価格.pdf
2022-03-15 10:46:47 INFO     save file success
2022-03-15 10:46:47 INFO     upload: name file: 2013NRV振替伝票.pdf
2022-03-15 10:46:47 INFO     C:\Windows\Temp\python_zf_320tzv3t\2013NRV振替伝票.pdf
2022-03-15 10:46:47 INFO     save file success
2022-03-15 10:46:47 INFO     upload: name file: 2013NRV計算明細.pdf
2022-03-15 10:46:47 INFO     C:\Windows\Temp\python_zf_320tzv3t\2013NRV計算明細.pdf
2022-03-15 10:46:47 INFO     save file success
2022-03-15 10:46:47 INFO     upload: name file: 2013RF-OCT.zip
2022-03-15 10:46:47 INFO     C:\Windows\Temp\python_zf_320tzv3t\2013RF-OCT.zip
2022-03-15 10:46:47 INFO     save file success
2022-03-15 10:46:47 INFO     upload: name file: $9,512.83Invoice.pdf
2022-03-15 10:46:47 INFO     C:\Windows\Temp\python_zf_320tzv3t\$9,512.83Invoice.pdf
2022-03-15 10:46:47 INFO     save file success
2022-03-15 10:46:47 INFO     upload: name file: $14,269.25 Invoice.pdf
2022-03-15 10:46:47 INFO     C:\Windows\Temp\python_zf_320tzv3t\$14,269.25 Invoice.pdf
2022-03-15 10:46:47 INFO     save file success
2022-03-15 10:46:47 INFO     upload: name file: (タイ語）内部統制基本方針と内部統制組織(2011.7.15△2改訂）.pdf
2022-03-15 10:46:47 INFO     C:\Windows\Temp\python_zf_320tzv3t\(タイ語）内部統制基本方針と内部統制組織(2011.7.15△2改訂）.pdf
2022-03-15 10:46:47 INFO     save file success
2022-03-15 10:46:47 INFO     upload: name file: ①＄470.pdf
2022-03-15 10:46:47 INFO     C:\Windows\Temp\python_zf_320tzv3t\①＄470.pdf
2022-03-15 10:46:47 INFO     save file success
2022-03-15 10:46:47 INFO     upload: name file: 1. Occupational Health Safety and Environment Working Policy.pdf
2022-03-15 10:46:47 INFO     C:\Windows\Temp\python_zf_320tzv3t\1. Occupational Health Safety and Environment Working Policy.pdf
2022-03-15 10:46:47 INFO     save file success
2022-03-15 10:46:47 INFO     upload: name file: ②$4,277.50.pdf
2022-03-15 10:46:47 INFO     C:\Windows\Temp\python_zf_320tzv3t\②$4,277.50.pdf
2022-03-15 10:46:47 INFO     save file success
2022-03-15 10:46:47 INFO     upload: name file: 2. Policy of Anti-corruption and anti-bribery.pdf
2022-03-15 10:46:47 INFO     C:\Windows\Temp\python_zf_320tzv3t\2. Policy of Anti-corruption and anti-bribery.pdf
2022-03-15 10:46:47 INFO     save file success
2022-03-15 10:46:47 INFO     upload: name file: 11.5　売上伝票.pdf
2022-03-15 10:46:47 INFO     C:\Windows\Temp\python_zf_320tzv3t\11.5　売上伝票.pdf
2022-03-15 10:46:47 INFO     save file success
2022-03-15 10:46:47 INFO     upload: name file: 11.11.16　中国製　Aプラ　CKHM納入見積REV-02.xls
2022-03-15 10:46:47 INFO     C:\Windows\Temp\python_zf_320tzv3t\11.11.16　中国製　Aプラ　CKHM納入見積REV-02.xls
2022-03-15 10:46:47 INFO     save file success
2022-03-15 10:46:47 INFO     upload: saved files in uploads success
2022-03-15 10:47:01 INFO     export: Selected filename12.  会計システムへのアクセス.pdf, 12. Tax Rate Analysis(税率差異分析）.pdf, 12-2 経理スタッフ研修終了証(ゲオさん）.pdf, 13.　Ｄｅｆｅｒｒｅｄ　Ｔａｘ(繰り延べ税金）.pdf, 14.Tax Provision.pdf, 2012固定資産有無.pdf, 2013　NRV販売経費計算.pdf, 2013.12.4付価格.pdf, 2013.12.27付価格.pdf, 2013NRV振替伝票.pdf, 2013NRV計算明細.pdf, 2013RF-OCT.zip, $9,512.83Invoice.pdf, $14,269.25 Invoice.pdf, (タイ語）内部統制基本方針と内部統制組織(2011.7.15△2改訂）.pdf, ①＄470.pdf, 1. Occupational Health Safety and Environment Working Policy.pdf, ②$4,277.50.pdf, 2. Policy of Anti-corruption and anti-bribery.pdf, 11.5　売上伝票.pdf, 11.11.16　中国製　Aプラ　CKHM納入見積REV-02.xls, 
2022-03-15 10:47:01 INFO     export: file in tempdir:$14,269.25 Invoice.pdf, $9,512.83Invoice.pdf, (タイ語）内部統制基本方針と内部統制組織(2011.7.15△2改訂）.pdf, 1. Occupational Health Safety and Environment Working Policy.pdf, 11.11.16　中国製　Aプラ　CKHM納入見積REV-02.xls, 11.5　売上伝票.pdf, 12-2 経理スタッフ研修終了証(ゲオさん）.pdf, 12.  会計システムへのアクセス.pdf, 12. Tax Rate Analysis(税率差異分析）.pdf, 13.　Ｄｅｆｅｒｒｅｄ　Ｔａｘ(繰り延べ税金）.pdf, 14.Tax Provision.pdf, 2. Policy of Anti-corruption and anti-bribery.pdf, 2012固定資産有無.pdf, 2013.12.27付価格.pdf, 2013.12.4付価格.pdf, 2013NRV振替伝票.pdf, 2013NRV計算明細.pdf, 2013RF-OCT.zip, 2013　NRV販売経費計算.pdf, ①＄470.pdf, ②$4,277.50.pdf
2022-03-15 10:47:01 INFO     export: create zipfile success
2022-03-15 10:47:01 INFO     export: response zipfile success
2022-03-15 10:47:01 INFO     export: temp_dir cleanup
2022-03-15 10:50:13 INFO     export: into refresh
2022-03-15 10:50:13 INFO     export: temp_dir cleanup
2022-03-15 10:50:13 INFO     Into Get Index
2022-03-15 10:50:13 INFO     index: check is have session temp_dir C:\Windows\Temp\python_zf_320tzv3t
2022-03-15 10:50:13 INFO     inpex: temp_dir part: C:\Windows\Temp\python_zf_mc2ghx6y
2022-03-15 10:50:13 INFO     index: check have temp_dir is True
2022-03-15 10:50:17 INFO     export: into refresh
2022-03-15 10:50:17 INFO     export: temp_dir cleanup
2022-03-15 10:50:17 INFO     Into Get Index
2022-03-15 10:50:17 INFO     index: check is have session temp_dir C:\Windows\Temp\python_zf_mc2ghx6y
2022-03-15 10:50:17 INFO     inpex: temp_dir part: C:\Windows\Temp\python_zf_z1e31v0e
2022-03-15 10:50:17 INFO     index: check have temp_dir is True
2022-03-15 10:50:20 INFO     export: into refresh
2022-03-15 10:50:20 INFO     export: temp_dir cleanup
2022-03-15 10:50:20 INFO     Into Get Index
2022-03-15 10:50:20 INFO     index: check is have session temp_dir C:\Windows\Temp\python_zf_z1e31v0e
2022-03-15 10:50:20 INFO     inpex: temp_dir part: C:\Windows\Temp\python_zf_fwi3v924
2022-03-15 10:50:20 INFO     index: check have temp_dir is True
2022-03-15 10:50:28 INFO     Into Get Index
2022-03-15 10:50:28 INFO     index: check is have session temp_dir C:\Windows\Temp\python_zf_fwi3v924
2022-03-15 10:50:28 INFO     index: Remove temp_dir 
2022-03-15 10:50:28 INFO     inpex: temp_dir part: C:\Windows\Temp\python_zf__zzdzag3
2022-03-15 10:50:28 INFO     index: check have temp_dir is True
2022-03-15 10:50:32 INFO     Into Get Index
2022-03-15 10:50:32 INFO     index: check is have session temp_dir C:\Windows\Temp\python_zf__zzdzag3
2022-03-15 10:50:32 INFO     index: Remove temp_dir 
2022-03-15 10:50:32 INFO     inpex: temp_dir part: C:\Windows\Temp\python_zf_oha1brfu
2022-03-15 10:50:32 INFO     index: check have temp_dir is True
2022-03-15 10:50:34 INFO     Into Get Index
2022-03-15 10:50:34 INFO     index: check is have session temp_dir C:\Windows\Temp\python_zf_oha1brfu
2022-03-15 10:50:34 INFO     index: Remove temp_dir 
2022-03-15 10:50:34 INFO     inpex: temp_dir part: C:\Windows\Temp\python_zf_e4emls2q
2022-03-15 10:50:34 INFO     index: check have temp_dir is True
2022-03-15 10:51:43 INFO     Into Get Index
2022-03-15 10:51:43 INFO     index: check is have session temp_dir C:\Windows\Temp\python_zf_e4emls2q
2022-03-15 10:51:43 INFO     index: Remove temp_dir 
2022-03-15 10:51:43 INFO     inpex: temp_dir part: C:\Windows\Temp\python_zf_fa55pw05
2022-03-15 10:51:43 INFO     index: check have temp_dir is True
2022-03-15 10:51:50 INFO     Into Get Index
2022-03-15 10:51:50 INFO     index: check is have session temp_dir C:\Windows\Temp\python_zf_fa55pw05
2022-03-15 10:51:50 INFO     index: Remove temp_dir 
2022-03-15 10:51:50 INFO     inpex: temp_dir part: C:\Windows\Temp\python_zf_h3imj4s4
2022-03-15 10:51:50 INFO     index: check have temp_dir is True
2022-03-15 10:52:46 INFO     Into Get Index
2022-03-15 10:52:46 INFO     inpex: temp_dir part: C:\Windows\Temp\python_zf__fheedqo
2022-03-15 10:52:46 INFO     index: check have temp_dir is True
2022-03-15 10:54:23 INFO     into upload post
2022-03-15 10:54:23 INFO     upload: check have temp_dir is True
2022-03-15 10:54:23 INFO     upload: path temp_dir: C:\Windows\Temp\python_zf__fheedqo
2022-03-15 10:54:23 INFO     upload: name file: 12. Tax Rate Analysis(税率差異分析）.pdf
2022-03-15 10:54:23 INFO     C:\Windows\Temp\python_zf__fheedqo\12. Tax Rate Analysis(税率差異分析）.pdf
2022-03-15 10:54:23 INFO     save file success
2022-03-15 10:54:23 INFO     upload: name file: 12-2 経理スタッフ研修終了証(ゲオさん）.pdf
2022-03-15 10:54:23 INFO     C:\Windows\Temp\python_zf__fheedqo\12-2 経理スタッフ研修終了証(ゲオさん）.pdf
2022-03-15 10:54:23 INFO     save file success
2022-03-15 10:54:23 INFO     upload: name file: 13.　Ｄｅｆｅｒｒｅｄ　Ｔａｘ(繰り延べ税金）.pdf
2022-03-15 10:54:23 INFO     C:\Windows\Temp\python_zf__fheedqo\13.　Ｄｅｆｅｒｒｅｄ　Ｔａｘ(繰り延べ税金）.pdf
2022-03-15 10:54:23 INFO     save file success
2022-03-15 10:54:23 INFO     upload: name file: 14.Tax Provision.pdf
2022-03-15 10:54:23 INFO     C:\Windows\Temp\python_zf__fheedqo\14.Tax Provision.pdf
2022-03-15 10:54:23 INFO     save file success
2022-03-15 10:54:23 INFO     upload: name file: 2012固定資産有無.pdf
2022-03-15 10:54:23 INFO     C:\Windows\Temp\python_zf__fheedqo\2012固定資産有無.pdf
2022-03-15 10:54:23 INFO     save file success
2022-03-15 10:54:23 INFO     upload: name file: 2013　NRV販売経費計算.pdf
2022-03-15 10:54:23 INFO     C:\Windows\Temp\python_zf__fheedqo\2013　NRV販売経費計算.pdf
2022-03-15 10:54:23 INFO     save file success
2022-03-15 10:54:23 INFO     upload: name file: 2013.12.4付価格.pdf
2022-03-15 10:54:23 INFO     C:\Windows\Temp\python_zf__fheedqo\2013.12.4付価格.pdf
2022-03-15 10:54:23 INFO     save file success
2022-03-15 10:54:23 INFO     upload: name file: 2013.12.27付価格.pdf
2022-03-15 10:54:23 INFO     C:\Windows\Temp\python_zf__fheedqo\2013.12.27付価格.pdf
2022-03-15 10:54:23 INFO     save file success
2022-03-15 10:54:23 INFO     upload: name file: 2013NRV振替伝票.pdf
2022-03-15 10:54:23 INFO     C:\Windows\Temp\python_zf__fheedqo\2013NRV振替伝票.pdf
2022-03-15 10:54:23 INFO     save file success
2022-03-15 10:54:23 INFO     upload: name file: 2013NRV計算明細.pdf
2022-03-15 10:54:23 INFO     C:\Windows\Temp\python_zf__fheedqo\2013NRV計算明細.pdf
2022-03-15 10:54:23 INFO     save file success
2022-03-15 10:54:23 INFO     upload: name file: 2013RF-OCT.zip
2022-03-15 10:54:23 INFO     C:\Windows\Temp\python_zf__fheedqo\2013RF-OCT.zip
2022-03-15 10:54:23 INFO     save file success
2022-03-15 10:54:23 INFO     upload: name file: $9,512.83Invoice.pdf
2022-03-15 10:54:23 INFO     C:\Windows\Temp\python_zf__fheedqo\$9,512.83Invoice.pdf
2022-03-15 10:54:23 INFO     save file success
2022-03-15 10:54:23 INFO     upload: name file: $14,269.25 Invoice.pdf
2022-03-15 10:54:23 INFO     C:\Windows\Temp\python_zf__fheedqo\$14,269.25 Invoice.pdf
2022-03-15 10:54:23 INFO     save file success
2022-03-15 10:54:23 INFO     upload: name file: (タイ語）内部統制基本方針と内部統制組織(2011.7.15△2改訂）.pdf
2022-03-15 10:54:23 INFO     C:\Windows\Temp\python_zf__fheedqo\(タイ語）内部統制基本方針と内部統制組織(2011.7.15△2改訂）.pdf
2022-03-15 10:54:23 INFO     save file success
2022-03-15 10:54:23 INFO     upload: name file: ①＄470.pdf
2022-03-15 10:54:23 INFO     C:\Windows\Temp\python_zf__fheedqo\①＄470.pdf
2022-03-15 10:54:23 INFO     save file success
2022-03-15 10:54:23 INFO     upload: name file: 1. Occupational Health Safety and Environment Working Policy.pdf
2022-03-15 10:54:23 INFO     C:\Windows\Temp\python_zf__fheedqo\1. Occupational Health Safety and Environment Working Policy.pdf
2022-03-15 10:54:23 INFO     save file success
2022-03-15 10:54:23 INFO     upload: name file: ②$4,277.50.pdf
2022-03-15 10:54:23 INFO     C:\Windows\Temp\python_zf__fheedqo\②$4,277.50.pdf
2022-03-15 10:54:23 INFO     save file success
2022-03-15 10:54:23 INFO     upload: name file: 2. Policy of Anti-corruption and anti-bribery.pdf
2022-03-15 10:54:23 INFO     C:\Windows\Temp\python_zf__fheedqo\2. Policy of Anti-corruption and anti-bribery.pdf
2022-03-15 10:54:23 INFO     save file success
2022-03-15 10:54:23 INFO     upload: name file: 11.5　売上伝票.pdf
2022-03-15 10:54:23 INFO     C:\Windows\Temp\python_zf__fheedqo\11.5　売上伝票.pdf
2022-03-15 10:54:23 INFO     save file success
2022-03-15 10:54:23 INFO     upload: name file: 11.11.16　中国製　Aプラ　CKHM納入見積REV-02.xls
2022-03-15 10:54:23 INFO     C:\Windows\Temp\python_zf__fheedqo\11.11.16　中国製　Aプラ　CKHM納入見積REV-02.xls
2022-03-15 10:54:23 INFO     save file success
2022-03-15 10:54:23 INFO     upload: name file: 12.  会計システムへのアクセス.pdf
2022-03-15 10:54:23 INFO     C:\Windows\Temp\python_zf__fheedqo\12.  会計システムへのアクセス.pdf
2022-03-15 10:54:23 INFO     save file success
2022-03-15 10:54:23 INFO     upload: saved files in uploads success
2022-03-15 10:54:36 INFO     export: Selected filename12. Tax Rate Analysis(税率差異分析）.pdf, 12-2 経理スタッフ研修終了証(ゲオさん）.pdf, 13.　Ｄｅｆｅｒｒｅｄ　Ｔａｘ(繰り延べ税金）.pdf, 14.Tax Provision.pdf, 2012固定資産有無.pdf, 2013　NRV販売経費計算.pdf, 2013.12.4付価格.pdf, 2013.12.27付価格.pdf, 2013NRV振替伝票.pdf, 2013NRV計算明細.pdf, 2013RF-OCT.zip, $9,512.83Invoice.pdf, $14,269.25 Invoice.pdf, (タイ語）内部統制基本方針と内部統制組織(2011.7.15△2改訂）.pdf, ①＄470.pdf, 1. Occupational Health Safety and Environment Working Policy.pdf, ②$4,277.50.pdf, 2. Policy of Anti-corruption and anti-bribery.pdf, 11.5　売上伝票.pdf, 11.11.16　中国製　Aプラ　CKHM納入見積REV-02.xls, 12.  会計システムへのアクセス.pdf, 
2022-03-15 10:54:36 INFO     export: file in tempdir:$14,269.25 Invoice.pdf, $9,512.83Invoice.pdf, (タイ語）内部統制基本方針と内部統制組織(2011.7.15△2改訂）.pdf, 1. Occupational Health Safety and Environment Working Policy.pdf, 11.11.16　中国製　Aプラ　CKHM納入見積REV-02.xls, 11.5　売上伝票.pdf, 12-2 経理スタッフ研修終了証(ゲオさん）.pdf, 12.  会計システムへのアクセス.pdf, 12. Tax Rate Analysis(税率差異分析）.pdf, 13.　Ｄｅｆｅｒｒｅｄ　Ｔａｘ(繰り延べ税金）.pdf, 14.Tax Provision.pdf, 2. Policy of Anti-corruption and anti-bribery.pdf, 2012固定資産有無.pdf, 2013.12.27付価格.pdf, 2013.12.4付価格.pdf, 2013NRV振替伝票.pdf, 2013NRV計算明細.pdf, 2013RF-OCT.zip, 2013　NRV販売経費計算.pdf, ①＄470.pdf, ②$4,277.50.pdf
2022-03-15 10:54:36 INFO     export: create zipfile success
2022-03-15 10:54:36 INFO     export: response zipfile success
2022-03-15 10:54:36 INFO     export: temp_dir cleanup
2022-03-15 10:54:51 INFO     export: into auto save password
2022-03-15 10:55:51 INFO     export: into refresh
2022-03-15 10:55:51 INFO     export: temp_dir cleanup
2022-03-15 10:55:51 INFO     Into Get Index
2022-03-15 10:55:51 INFO     index: check is have session temp_dir C:\Windows\Temp\python_zf__fheedqo
2022-03-15 10:55:51 INFO     inpex: temp_dir part: C:\Windows\Temp\python_zf_8qrc_5ot
2022-03-15 10:55:51 INFO     index: check have temp_dir is True
2022-03-15 10:57:41 INFO     Into Get Index
2022-03-15 10:57:41 INFO     inpex: temp_dir part: C:\Windows\Temp\python_zf_gf3_93bk
2022-03-15 10:57:41 INFO     index: check have temp_dir is True
2022-03-15 10:59:55 INFO     Into Get Index
2022-03-15 10:59:55 INFO     index: check is have session temp_dir C:\Windows\Temp\python_zf_gf3_93bk
2022-03-15 10:59:55 INFO     index: Remove temp_dir 
2022-03-15 10:59:55 INFO     inpex: temp_dir part: C:\Windows\Temp\python_zf_wqgavjnr
2022-03-15 10:59:55 INFO     index: check have temp_dir is True
2022-03-15 11:00:09 INFO     Into Get Index
2022-03-15 11:00:09 INFO     index: check is have session temp_dir C:\Windows\Temp\python_zf_wqgavjnr
2022-03-15 11:00:09 INFO     index: Remove temp_dir 
2022-03-15 11:00:09 INFO     inpex: temp_dir part: C:\Windows\Temp\python_zf_rmth665r
2022-03-15 11:00:09 INFO     index: check have temp_dir is True
2022-03-15 11:00:11 INFO     export: into refresh
2022-03-15 11:00:11 INFO     export: temp_dir cleanup
2022-03-15 11:00:11 INFO     Into Get Index
2022-03-15 11:00:11 INFO     index: check is have session temp_dir C:\Windows\Temp\python_zf_rmth665r
2022-03-15 11:00:11 INFO     inpex: temp_dir part: C:\Windows\Temp\python_zf_y1awu1b9
2022-03-15 11:00:11 INFO     index: check have temp_dir is True
2022-03-15 11:00:17 INFO     into upload post
2022-03-15 11:00:17 INFO     upload: check have temp_dir is True
2022-03-15 11:00:17 INFO     upload: path temp_dir: C:\Windows\Temp\python_zf_y1awu1b9
2022-03-15 11:00:17 INFO     upload: name file: 2014 OCT 売上予算.pdf
2022-03-15 11:00:17 INFO     C:\Windows\Temp\python_zf_y1awu1b9\2014 OCT 売上予算.pdf
2022-03-15 11:00:17 INFO     save file success
2022-03-15 11:00:17 INFO     upload: name file: 2014.12月　AR 売掛金エイジングリスト.pdf
2022-03-15 11:00:17 INFO     C:\Windows\Temp\python_zf_y1awu1b9\2014.12月　AR 売掛金エイジングリスト.pdf
2022-03-15 11:00:17 INFO     save file success
2022-03-15 11:00:17 INFO     upload: name file: 2015.4-6　Emori見積.pdf
2022-03-15 11:00:17 INFO     C:\Windows\Temp\python_zf_y1awu1b9\2015.4-6　Emori見積.pdf
2022-03-15 11:00:17 INFO     save file success
2022-03-15 11:00:17 INFO     upload: name file: 2016.12.09賞与情報　1-125社.pdf
2022-03-15 11:00:17 INFO     C:\Windows\Temp\python_zf_y1awu1b9\2016.12.09賞与情報　1-125社.pdf
2022-03-15 11:00:17 INFO     save file success
2022-03-15 11:00:17 INFO     upload: saved files in uploads success
2022-03-15 11:00:20 INFO     into upload post
2022-03-15 11:00:20 INFO     upload: check have temp_dir is True
2022-03-15 11:00:20 INFO     upload: path temp_dir: C:\Windows\Temp\python_zf_y1awu1b9
2022-03-15 11:00:20 INFO     upload: name file: $4,555.08Invoice.pdf
2022-03-15 11:00:20 INFO     C:\Windows\Temp\python_zf_y1awu1b9\$4,555.08Invoice.pdf
2022-03-15 11:00:20 INFO     save file success
2022-03-15 11:00:20 INFO     upload: name file: $9,512.83Invoice.pdf
2022-03-15 11:00:20 INFO     C:\Windows\Temp\python_zf_y1awu1b9\$9,512.83Invoice.pdf
2022-03-15 11:00:20 INFO     save file success
2022-03-15 11:00:20 INFO     upload: name file: $14,269.25 Invoice.pdf
2022-03-15 11:00:20 INFO     C:\Windows\Temp\python_zf_y1awu1b9\$14,269.25 Invoice.pdf
2022-03-15 11:00:20 INFO     save file success
2022-03-15 11:00:20 INFO     upload: name file: (タイ語）内部統制基本方針と内部統制組織(2011.7.15△2改訂）.pdf
2022-03-15 11:00:20 INFO     C:\Windows\Temp\python_zf_y1awu1b9\(タイ語）内部統制基本方針と内部統制組織(2011.7.15△2改訂）.pdf
2022-03-15 11:00:20 INFO     save file success
2022-03-15 11:00:20 INFO     upload: saved files in uploads success
2022-03-15 11:00:27 INFO     into upload post
2022-03-15 11:00:27 INFO     upload: check have temp_dir is True
2022-03-15 11:00:27 INFO     upload: path temp_dir: C:\Windows\Temp\python_zf_y1awu1b9
2022-03-15 11:00:27 INFO     upload: name file: 2015.4-6　Emori見積.pdf
2022-03-15 11:00:27 INFO     C:\Windows\Temp\python_zf_y1awu1b9\2015.4-6　Emori見積.pdf
2022-03-15 11:00:27 INFO     save file success
2022-03-15 11:00:27 INFO     upload: name file: 2016.12.09賞与情報　1-125社.pdf
2022-03-15 11:00:27 INFO     C:\Windows\Temp\python_zf_y1awu1b9\2016.12.09賞与情報　1-125社.pdf
2022-03-15 11:00:27 INFO     save file success
2022-03-15 11:00:27 INFO     upload: name file: 2016.12.09賞与情報126-154社.pdf
2022-03-15 11:00:27 INFO     C:\Windows\Temp\python_zf_y1awu1b9\2016.12.09賞与情報126-154社.pdf
2022-03-15 11:00:27 INFO     save file success
2022-03-15 11:00:27 INFO     upload: name file: 2017 Compare exchange rate for BOT VS  Budget TTS 35.50 TTB 35.50.xls
2022-03-15 11:00:27 INFO     C:\Windows\Temp\python_zf_y1awu1b9\2017 Compare exchange rate for BOT VS  Budget TTS 35.50 TTB 35.50.xls
2022-03-15 11:00:27 INFO     save file success
2022-03-15 11:00:27 INFO     upload: saved files in uploads success
2022-03-15 11:00:32 INFO     export: Selected filename2014 OCT 売上予算.pdf, 2014.12月　AR 売掛金エイジングリスト.pdf, 2015.4-6　Emori見積.pdf, 2016.12.09賞与情報　1-125社.pdf, $4,555.08Invoice.pdf, $9,512.83Invoice.pdf, 2017 Compare exchange rate for BOT VS  Budget TTS 35.50 TTB 35.50.xls, 
2022-03-15 11:00:32 INFO     export: file in tempdir:$14,269.25 Invoice.pdf, $4,555.08Invoice.pdf, $9,512.83Invoice.pdf, (タイ語）内部統制基本方針と内部統制組織(2011.7.15△2改訂）.pdf, 2014 OCT 売上予算.pdf, 2014.12月　AR 売掛金エイジングリスト.pdf, 2015.4-6　Emori見積.pdf, 2016.12.09賞与情報126-154社.pdf, 2016.12.09賞与情報　1-125社.pdf, 2017 Compare exchange rate for BOT VS  Budget TTS 35.50 TTB 35.50.xls
2022-03-15 11:00:32 INFO     export: create zipfile success
2022-03-15 11:00:32 INFO     export: response zipfile success
2022-03-15 11:00:32 INFO     export: temp_dir cleanup
2022-03-15 11:00:37 INFO     export: into auto save password
2022-03-15 11:00:46 INFO     export: into refresh
2022-03-15 11:00:46 INFO     export: temp_dir cleanup
2022-03-15 11:00:46 INFO     Into Get Index
2022-03-15 11:00:46 INFO     index: check is have session temp_dir C:\Windows\Temp\python_zf_y1awu1b9
2022-03-15 11:00:46 INFO     inpex: temp_dir part: C:\Windows\Temp\python_zf_ibalz5a7
2022-03-15 11:00:46 INFO     index: check have temp_dir is True
2022-03-15 11:00:51 INFO     into upload post
2022-03-15 11:00:51 INFO     upload: check have temp_dir is True
2022-03-15 11:00:51 INFO     upload: path temp_dir: C:\Windows\Temp\python_zf_ibalz5a7
2022-03-15 11:00:51 INFO     upload: name file: 2018-026.pdf
2022-03-15 11:00:51 INFO     C:\Windows\Temp\python_zf_ibalz5a7\2018-026.pdf
2022-03-15 11:00:51 INFO     save file success
2022-03-15 11:00:51 INFO     upload: saved files in uploads success
2022-03-15 11:00:54 INFO     into upload post
2022-03-15 11:00:54 INFO     upload: check have temp_dir is True
2022-03-15 11:00:54 INFO     upload: path temp_dir: C:\Windows\Temp\python_zf_ibalz5a7
2022-03-15 11:00:54 INFO     upload: name file: 2018-022.pdf
2022-03-15 11:00:54 INFO     C:\Windows\Temp\python_zf_ibalz5a7\2018-022.pdf
2022-03-15 11:00:54 INFO     save file success
2022-03-15 11:00:54 INFO     upload: saved files in uploads success
2022-03-15 11:01:02 INFO     into upload post
2022-03-15 11:01:02 INFO     upload: check have temp_dir is True
2022-03-15 11:01:02 INFO     upload: path temp_dir: C:\Windows\Temp\python_zf_ibalz5a7
2022-03-15 11:01:02 INFO     upload: name file: GKN　Lassi Liu購買責任者来社・打合せ概要報告.eml
2022-03-15 11:01:02 INFO     C:\Windows\Temp\python_zf_ibalz5a7\GKN　Lassi Liu購買責任者来社・打合せ概要報告.eml
2022-03-15 11:01:02 INFO     save file success
2022-03-15 11:01:02 INFO     upload: saved files in uploads success
2022-03-15 11:01:06 INFO     export: Selected filename2018-026.pdf, 2018-022.pdf, GKN　Lassi Liu購買責任者来社・打合せ概要報告.eml, 
2022-03-15 11:01:06 INFO     export: file in tempdir:2018-022.pdf, 2018-026.pdf, GKN　Lassi Liu購買責任者来社・打合せ概要報告.eml
2022-03-15 11:01:06 INFO     export: create zipfile success
2022-03-15 11:01:06 INFO     export: response zipfile success
2022-03-15 11:01:06 INFO     export: temp_dir cleanup
2022-03-15 11:01:09 INFO     export: into auto save password
2022-03-15 11:01:13 INFO     export: into refresh
2022-03-15 11:01:13 INFO     export: temp_dir cleanup
2022-03-15 11:01:13 INFO     Into Get Index
2022-03-15 11:01:13 INFO     index: check is have session temp_dir C:\Windows\Temp\python_zf_ibalz5a7
2022-03-15 11:01:13 INFO     inpex: temp_dir part: C:\Windows\Temp\python_zf_zxeh878q
2022-03-15 11:01:13 INFO     index: check have temp_dir is True
2022-03-15 11:02:52 INFO     into upload post
2022-03-15 11:02:52 INFO     upload: check have temp_dir is True
2022-03-15 11:02:52 INFO     upload: path temp_dir: C:\Windows\Temp\python_zf_zxeh878q
2022-03-15 11:02:52 INFO     upload: name file: 送金－WH Tax①②.pdf
2022-03-15 11:02:52 INFO     C:\Windows\Temp\python_zf_zxeh878q\送金－WH Tax①②.pdf
2022-03-15 11:02:52 INFO     save file success
2022-03-15 11:02:52 INFO     upload: name file: 送金－WH Tax③.pdf
2022-03-15 11:02:52 INFO     C:\Windows\Temp\python_zf_zxeh878q\送金－WH Tax③.pdf
2022-03-15 11:02:52 INFO     save file success
2022-03-15 11:02:52 INFO     upload: name file: 送金指示書.pdf
2022-03-15 11:02:52 INFO     C:\Windows\Temp\python_zf_zxeh878q\送金指示書.pdf
2022-03-15 11:02:52 INFO     save file success
2022-03-15 11:02:52 INFO     upload: name file: 送金明細.pdf
2022-03-15 11:02:52 INFO     C:\Windows\Temp\python_zf_zxeh878q\送金明細.pdf
2022-03-15 11:02:52 INFO     save file success
2022-03-15 11:02:52 INFO     upload: name file: 適用為替レート変更に伴うSPOT処理.pdf
2022-03-15 11:02:52 INFO     C:\Windows\Temp\python_zf_zxeh878q\適用為替レート変更に伴うSPOT処理.pdf
2022-03-15 11:02:52 INFO     save file success
2022-03-15 11:02:52 INFO     upload: name file: 金子氏招聘状.pdf
2022-03-15 11:02:52 INFO     C:\Windows\Temp\python_zf_zxeh878q\金子氏招聘状.pdf
2022-03-15 11:02:52 INFO     save file success
2022-03-15 11:02:52 INFO     upload: name file: 銀行＋リーズ残(2014.12.31).pdf
2022-03-15 11:02:52 INFO     C:\Windows\Temp\python_zf_zxeh878q\銀行＋リーズ残(2014.12.31).pdf
2022-03-15 11:02:52 INFO     save file success
2022-03-15 11:02:52 INFO     upload: name file: 鍛造投入重量削減ローター2型式について.eml
2022-03-15 11:02:52 INFO     C:\Windows\Temp\python_zf_zxeh878q\鍛造投入重量削減ローター2型式について.eml
2022-03-15 11:02:52 INFO     save file success
2022-03-15 11:02:52 INFO     upload: name file: 長期滞留在庫（完成品）.pdf
2022-03-15 11:02:52 INFO     C:\Windows\Temp\python_zf_zxeh878q\長期滞留在庫（完成品）.pdf
2022-03-15 11:02:52 INFO     save file success
2022-03-15 11:02:52 INFO     upload: name file: 関税事後監査ー記事.pdf
2022-03-15 11:02:52 INFO     C:\Windows\Temp\python_zf_zxeh878q\関税事後監査ー記事.pdf
2022-03-15 11:02:52 INFO     save file success
2022-03-15 11:02:52 INFO     upload: saved files in uploads success
2022-03-15 11:03:02 INFO     export: Selected filename送金－WH Tax①②.pdf, 送金－WH Tax③.pdf, 送金指示書.pdf, 送金明細.pdf, 適用為替レート変更に伴うSPOT処理.pdf, 金子氏招聘状.pdf, 銀行＋リーズ残(2014.12.31).pdf, 鍛造投入重量削減ローター2型式について.eml, 長期滞留在庫（完成品）.pdf, 関税事後監査ー記事.pdf, 
2022-03-15 11:03:02 INFO     export: file in tempdir:送金指示書.pdf, 送金明細.pdf, 送金－WH Tax①②.pdf, 送金－WH Tax③.pdf, 適用為替レート変更に伴うSPOT処理.pdf, 金子氏招聘状.pdf, 銀行＋リーズ残(2014.12.31).pdf, 鍛造投入重量削減ローター2型式について.eml, 長期滞留在庫（完成品）.pdf, 関税事後監査ー記事.pdf
2022-03-15 11:03:02 INFO     export: create zipfile success
2022-03-15 11:03:02 INFO     export: response zipfile success
2022-03-15 11:03:02 INFO     export: temp_dir cleanup
2022-03-15 11:03:09 INFO     export: into auto save password
2022-03-15 11:03:32 INFO     export: into refresh
2022-03-15 11:03:32 INFO     export: temp_dir cleanup
2022-03-15 11:03:32 INFO     Into Get Index
2022-03-15 11:03:32 INFO     index: check is have session temp_dir C:\Windows\Temp\python_zf_zxeh878q
2022-03-15 11:03:32 INFO     inpex: temp_dir part: C:\Windows\Temp\python_zf_7j_i2nbc
2022-03-15 11:03:32 INFO     index: check have temp_dir is True
2022-03-15 11:04:31 INFO     export: into refresh
2022-03-15 11:04:31 INFO     export: temp_dir cleanup
2022-03-15 11:04:31 INFO     Into Get Index
2022-03-15 11:04:31 INFO     index: check is have session temp_dir C:\Windows\Temp\python_zf_7j_i2nbc
2022-03-15 11:04:31 INFO     inpex: temp_dir part: C:\Windows\Temp\python_zf_uedl6kua
2022-03-15 11:04:31 INFO     index: check have temp_dir is True
2022-03-15 11:04:37 INFO     export: into refresh
2022-03-15 11:04:37 INFO     export: temp_dir cleanup
2022-03-15 11:04:37 INFO     Into Get Index
2022-03-15 11:04:37 INFO     index: check is have session temp_dir C:\Windows\Temp\python_zf_8qrc_5ot
2022-03-15 11:04:37 INFO     inpex: temp_dir part: C:\Windows\Temp\python_zf_ds5gcccf
2022-03-15 11:04:37 INFO     index: check have temp_dir is True
2022-03-15 11:06:04 INFO     export: into refresh
2022-03-15 11:06:04 INFO     export: temp_dir cleanup
2022-03-15 11:06:04 INFO     Into Get Index
2022-03-15 11:06:04 INFO     index: check is have session temp_dir C:\Windows\Temp\python_zf_h3imj4s4
2022-03-15 11:06:04 INFO     inpex: temp_dir part: C:\Windows\Temp\python_zf_1o8a113d
2022-03-15 11:06:04 INFO     index: check have temp_dir is True
2022-03-15 11:11:50 INFO     Into Get Index
2022-03-15 11:11:50 INFO     index: check is have session temp_dir C:\Windows\Temp\python_zf_x7e83j85
2022-03-15 11:11:50 INFO     index: Remove temp_dir 
2022-03-15 11:11:50 INFO     inpex: temp_dir part: C:\Windows\Temp\python_zf_oke4gr6t
2022-03-15 11:11:50 INFO     index: check have temp_dir is True
2022-03-15 11:12:10 INFO     into upload post
2022-03-15 11:12:10 INFO     upload: check have temp_dir is True
2022-03-15 11:12:10 INFO     upload: path temp_dir: C:\Windows\Temp\python_zf_oke4gr6t
2022-03-15 11:12:10 INFO     upload: name file: 2013NRV振替伝票.pdf
2022-03-15 11:12:10 INFO     C:\Windows\Temp\python_zf_oke4gr6t\2013NRV振替伝票.pdf
2022-03-15 11:12:10 INFO     save file success
2022-03-15 11:12:10 INFO     upload: saved files in uploads success
2022-03-15 11:12:12 INFO     export: Selected filename2013NRV振替伝票.pdf, 
2022-03-15 11:12:12 INFO     export: file in tempdir:2013NRV振替伝票.pdf
2022-03-15 11:12:12 INFO     export: create zipfile success
2022-03-15 11:12:12 INFO     export: response zipfile success
2022-03-15 11:12:12 INFO     export: temp_dir cleanup
2022-03-15 11:14:32 INFO     into upload post
2022-03-15 11:14:32 INFO     upload: check have temp_dir is True
2022-03-15 11:14:32 INFO     upload: path temp_dir: C:\Windows\Temp\python_zf_ds5gcccf
2022-03-15 11:14:32 INFO     upload: name file: 2019年中川決算資料.pdf
2022-03-15 11:14:32 INFO     C:\Windows\Temp\python_zf_ds5gcccf\2019年中川決算資料.pdf
2022-03-15 11:14:32 INFO     save file success
2022-03-15 11:14:32 INFO     upload: saved files in uploads success
2022-03-15 11:14:36 INFO     into upload post
2022-03-15 11:14:36 INFO     upload: check have temp_dir is True
2022-03-15 11:14:36 INFO     upload: path temp_dir: C:\Windows\Temp\python_zf_ds5gcccf
2022-03-15 11:14:36 INFO     upload: name file: 2020.4-9 輸入品見積補助資料.pdf
2022-03-15 11:14:36 INFO     C:\Windows\Temp\python_zf_ds5gcccf\2020.4-9 輸入品見積補助資料.pdf
2022-03-15 11:14:36 INFO     save file success
2022-03-15 11:14:36 INFO     upload: saved files in uploads success
2022-03-15 11:14:39 INFO     into upload post
2022-03-15 11:14:39 INFO     upload: check have temp_dir is True
2022-03-15 11:14:39 INFO     upload: path temp_dir: C:\Windows\Temp\python_zf_ds5gcccf
2022-03-15 11:14:39 INFO     upload: name file: 2013NRV振替伝票.pdf
2022-03-15 11:14:39 INFO     C:\Windows\Temp\python_zf_ds5gcccf\2013NRV振替伝票.pdf
2022-03-15 11:14:39 INFO     save file success
2022-03-15 11:14:39 INFO     upload: saved files in uploads success
2022-03-15 11:14:41 INFO     into upload post
2022-03-15 11:14:41 INFO     upload: check have temp_dir is True
2022-03-15 11:14:41 INFO     upload: path temp_dir: C:\Windows\Temp\python_zf_ds5gcccf
2022-03-15 11:14:41 INFO     upload: name file: 2013　NRV販売経費計算.pdf
2022-03-15 11:14:41 INFO     C:\Windows\Temp\python_zf_ds5gcccf\2013　NRV販売経費計算.pdf
2022-03-15 11:14:41 INFO     save file success
2022-03-15 11:14:41 INFO     upload: saved files in uploads success
2022-03-15 11:14:43 INFO     export: into auto save password
2022-03-15 11:14:52 INFO     into upload post
2022-03-15 11:14:52 INFO     upload: check have temp_dir is True
2022-03-15 11:14:52 INFO     upload: path temp_dir: C:\Windows\Temp\python_zf_ds5gcccf
2022-03-15 11:14:52 INFO     upload: name file: 13.　Ｄｅｆｅｒｒｅｄ　Ｔａｘ(繰り延べ税金）.pdf
2022-03-15 11:14:52 INFO     C:\Windows\Temp\python_zf_ds5gcccf\13.　Ｄｅｆｅｒｒｅｄ　Ｔａｘ(繰り延べ税金）.pdf
2022-03-15 11:14:52 INFO     save file success
2022-03-15 11:14:52 INFO     upload: saved files in uploads success
2022-03-15 11:14:53 INFO     export: Selected filename2019年中川決算資料.pdf, 2020.4-9 輸入品見積補助資料.pdf, 2013NRV振替伝票.pdf, 2013　NRV販売経費計算.pdf, 13.　Ｄｅｆｅｒｒｅｄ　Ｔａｘ(繰り延べ税金）.pdf, 
2022-03-15 11:14:53 INFO     export: file in tempdir:13.　Ｄｅｆｅｒｒｅｄ　Ｔａｘ(繰り延べ税金）.pdf, 2013NRV振替伝票.pdf, 2013　NRV販売経費計算.pdf, 2019年中川決算資料.pdf, 2020.4-9 輸入品見積補助資料.pdf
2022-03-15 11:14:53 INFO     export: create zipfile success
2022-03-15 11:14:53 INFO     export: response zipfile success
2022-03-15 11:14:53 INFO     export: temp_dir cleanup
2022-03-15 11:15:06 INFO     export: into refresh
2022-03-15 11:15:06 INFO     export: temp_dir cleanup
2022-03-15 11:15:06 INFO     Into Get Index
2022-03-15 11:15:06 INFO     index: check is have session temp_dir C:\Windows\Temp\python_zf_ds5gcccf
2022-03-15 11:15:06 INFO     inpex: temp_dir part: C:\Windows\Temp\python_zf_thu1jh6w
2022-03-15 11:15:06 INFO     index: check have temp_dir is True
2022-03-15 11:15:17 INFO     into upload post
2022-03-15 11:15:17 INFO     upload: check have temp_dir is True
2022-03-15 11:15:17 INFO     upload: path temp_dir: C:\Windows\Temp\python_zf_thu1jh6w
2022-03-15 11:15:17 INFO     upload: name file: 12. Tax Rate Analysis(税率差異分析）.pdf
2022-03-15 11:15:17 INFO     C:\Windows\Temp\python_zf_thu1jh6w\12. Tax Rate Analysis(税率差異分析）.pdf
2022-03-15 11:15:17 INFO     save file success
2022-03-15 11:15:17 INFO     upload: saved files in uploads success
2022-03-15 11:15:19 INFO     into upload post
2022-03-15 11:15:19 INFO     upload: check have temp_dir is True
2022-03-15 11:15:19 INFO     upload: path temp_dir: C:\Windows\Temp\python_zf_thu1jh6w
2022-03-15 11:15:19 INFO     upload: name file: 13.　Ｄｅｆｅｒｒｅｄ　Ｔａｘ(繰り延べ税金）.pdf
2022-03-15 11:15:19 INFO     C:\Windows\Temp\python_zf_thu1jh6w\13.　Ｄｅｆｅｒｒｅｄ　Ｔａｘ(繰り延べ税金）.pdf
2022-03-15 11:15:19 INFO     save file success
2022-03-15 11:15:19 INFO     upload: saved files in uploads success
2022-03-15 11:17:38 INFO     export: into refresh
2022-03-15 11:17:38 INFO     export: temp_dir cleanup
2022-03-15 11:17:38 INFO     Into Get Index
2022-03-15 11:17:38 INFO     index: check is have session temp_dir C:\Windows\Temp\python_zf_oke4gr6t
2022-03-15 11:17:38 INFO     inpex: temp_dir part: C:\Windows\Temp\python_zf_n2uhej2i
2022-03-15 11:17:38 INFO     index: check have temp_dir is True
2022-03-15 11:17:43 INFO     export: into manual save password
2022-03-15 11:18:06 INFO     export: Selected filename12. Tax Rate Analysis(税率差異分析）.pdf, 13.　Ｄｅｆｅｒｒｅｄ　Ｔａｘ(繰り延べ税金）.pdf, 
2022-03-15 11:18:06 INFO     export: file in tempdir:12. Tax Rate Analysis(税率差異分析）.pdf, 13.　Ｄｅｆｅｒｒｅｄ　Ｔａｘ(繰り延べ税金）.pdf
2022-03-15 11:18:06 INFO     export: create zipfile success
2022-03-15 11:18:06 INFO     export: response zipfile success
2022-03-15 11:18:06 INFO     export: temp_dir cleanup
2022-03-15 11:18:25 INFO     into upload post
2022-03-15 11:18:25 INFO     upload: check have temp_dir is True
2022-03-15 11:18:25 INFO     upload: path temp_dir: C:\Windows\Temp\python_zf_n2uhej2i
2022-03-15 11:18:25 INFO     upload: name file: 2013NRV振替伝票.pdf
2022-03-15 11:18:25 INFO     C:\Windows\Temp\python_zf_n2uhej2i\2013NRV振替伝票.pdf
2022-03-15 11:18:25 INFO     save file success
2022-03-15 11:18:25 INFO     upload: name file: 2013NRV計算明細.pdf
2022-03-15 11:18:25 INFO     C:\Windows\Temp\python_zf_n2uhej2i\2013NRV計算明細.pdf
2022-03-15 11:18:25 INFO     save file success
2022-03-15 11:18:25 INFO     upload: name file: 14.Tax Provision.pdf
2022-03-15 11:18:25 INFO     C:\Windows\Temp\python_zf_n2uhej2i\14.Tax Provision.pdf
2022-03-15 11:18:25 INFO     save file success
2022-03-15 11:18:25 INFO     upload: name file: 2012固定資産有無.pdf
2022-03-15 11:18:25 INFO     C:\Windows\Temp\python_zf_n2uhej2i\2012固定資産有無.pdf
2022-03-15 11:18:25 INFO     save file success
2022-03-15 11:18:25 INFO     upload: name file: 2013　NRV販売経費計算.pdf
2022-03-15 11:18:25 INFO     C:\Windows\Temp\python_zf_n2uhej2i\2013　NRV販売経費計算.pdf
2022-03-15 11:18:25 INFO     save file success
2022-03-15 11:18:25 INFO     upload: name file: 2013.12.4付価格.pdf
2022-03-15 11:18:25 INFO     C:\Windows\Temp\python_zf_n2uhej2i\2013.12.4付価格.pdf
2022-03-15 11:18:25 INFO     save file success
2022-03-15 11:18:25 INFO     upload: name file: 2013.12.27付価格.pdf
2022-03-15 11:18:25 INFO     C:\Windows\Temp\python_zf_n2uhej2i\2013.12.27付価格.pdf
2022-03-15 11:18:25 INFO     save file success
2022-03-15 11:18:25 INFO     upload: saved files in uploads success
2022-03-15 11:19:53 INFO     Into Get Index
2022-03-15 11:19:53 INFO     index: check is have session temp_dir C:\Windows\Temp\python_zf_n2uhej2i
2022-03-15 11:19:53 INFO     index: Remove temp_dir 
2022-03-15 11:19:53 INFO     inpex: temp_dir part: C:\Windows\Temp\python_zf_tets3sek
2022-03-15 11:19:53 INFO     index: check have temp_dir is True
2022-03-15 11:20:02 INFO     into upload post
2022-03-15 11:20:02 INFO     upload: check have temp_dir is True
2022-03-15 11:20:02 INFO     upload: path temp_dir: C:\Windows\Temp\python_zf_tets3sek
2022-03-15 11:20:02 INFO     upload: name file: 14.Tax Provision.pdf
2022-03-15 11:20:02 INFO     C:\Windows\Temp\python_zf_tets3sek\14.Tax Provision.pdf
2022-03-15 11:20:02 INFO     save file success
2022-03-15 11:20:02 INFO     upload: name file: 2012固定資産有無.pdf
2022-03-15 11:20:02 INFO     C:\Windows\Temp\python_zf_tets3sek\2012固定資産有無.pdf
2022-03-15 11:20:02 INFO     save file success
2022-03-15 11:20:02 INFO     upload: name file: 2013　NRV販売経費計算.pdf
2022-03-15 11:20:02 INFO     C:\Windows\Temp\python_zf_tets3sek\2013　NRV販売経費計算.pdf
2022-03-15 11:20:02 INFO     save file success
2022-03-15 11:20:02 INFO     upload: name file: 2013.12.4付価格.pdf
2022-03-15 11:20:02 INFO     C:\Windows\Temp\python_zf_tets3sek\2013.12.4付価格.pdf
2022-03-15 11:20:02 INFO     save file success
2022-03-15 11:20:02 INFO     upload: name file: 2013.12.27付価格.pdf
2022-03-15 11:20:02 INFO     C:\Windows\Temp\python_zf_tets3sek\2013.12.27付価格.pdf
2022-03-15 11:20:02 INFO     save file success
2022-03-15 11:20:02 INFO     upload: name file: 2013NRV振替伝票.pdf
2022-03-15 11:20:02 INFO     C:\Windows\Temp\python_zf_tets3sek\2013NRV振替伝票.pdf
2022-03-15 11:20:02 INFO     save file success
2022-03-15 11:20:02 INFO     upload: name file: 2013NRV計算明細.pdf
2022-03-15 11:20:02 INFO     C:\Windows\Temp\python_zf_tets3sek\2013NRV計算明細.pdf
2022-03-15 11:20:02 INFO     save file success
2022-03-15 11:20:02 INFO     upload: saved files in uploads success
2022-03-15 11:20:04 INFO     Into Get Index
2022-03-15 11:20:04 INFO     index: check is have session temp_dir C:\Windows\Temp\python_zf_tets3sek
2022-03-15 11:20:04 INFO     index: Remove temp_dir 
2022-03-15 11:20:04 INFO     inpex: temp_dir part: C:\Windows\Temp\python_zf_d1_qfqcp
2022-03-15 11:20:04 INFO     index: check have temp_dir is True
2022-03-15 11:20:14 INFO     export: into refresh
2022-03-15 11:20:14 INFO     export: temp_dir cleanup
2022-03-15 11:20:14 INFO     Into Get Index
2022-03-15 11:20:14 INFO     index: check is have session temp_dir C:\Windows\Temp\python_zf_d1_qfqcp
2022-03-15 11:20:14 INFO     inpex: temp_dir part: C:\Windows\Temp\python_zf_lqr9ws4y
2022-03-15 11:20:14 INFO     index: check have temp_dir is True
2022-03-15 11:20:20 INFO     Into Get Index
2022-03-15 11:20:20 INFO     index: check is have session temp_dir C:\Windows\Temp\python_zf_lqr9ws4y
2022-03-15 11:20:20 INFO     index: Remove temp_dir 
2022-03-15 11:20:20 INFO     inpex: temp_dir part: C:\Windows\Temp\python_zf_9hxqpm4r
2022-03-15 11:20:20 INFO     index: check have temp_dir is True
2022-03-15 11:20:31 INFO     into upload post
2022-03-15 11:20:31 INFO     upload: check have temp_dir is True
2022-03-15 11:20:31 INFO     upload: path temp_dir: C:\Windows\Temp\python_zf_9hxqpm4r
2022-03-15 11:20:31 INFO     upload: name file: 2013　NRV販売経費計算.pdf
2022-03-15 11:20:31 INFO     C:\Windows\Temp\python_zf_9hxqpm4r\2013　NRV販売経費計算.pdf
2022-03-15 11:20:31 INFO     save file success
2022-03-15 11:20:31 INFO     upload: name file: 2013.12.4付価格.pdf
2022-03-15 11:20:31 INFO     C:\Windows\Temp\python_zf_9hxqpm4r\2013.12.4付価格.pdf
2022-03-15 11:20:31 INFO     save file success
2022-03-15 11:20:31 INFO     upload: name file: 2013.12.27付価格.pdf
2022-03-15 11:20:31 INFO     C:\Windows\Temp\python_zf_9hxqpm4r\2013.12.27付価格.pdf
2022-03-15 11:20:31 INFO     save file success
2022-03-15 11:20:31 INFO     upload: name file: 2013NRV振替伝票.pdf
2022-03-15 11:20:31 INFO     C:\Windows\Temp\python_zf_9hxqpm4r\2013NRV振替伝票.pdf
2022-03-15 11:20:31 INFO     save file success
2022-03-15 11:20:31 INFO     upload: name file: 2013NRV計算明細.pdf
2022-03-15 11:20:31 INFO     C:\Windows\Temp\python_zf_9hxqpm4r\2013NRV計算明細.pdf
2022-03-15 11:20:31 INFO     save file success
2022-03-15 11:20:31 INFO     upload: name file: 14.Tax Provision.pdf
2022-03-15 11:20:31 INFO     C:\Windows\Temp\python_zf_9hxqpm4r\14.Tax Provision.pdf
2022-03-15 11:20:31 INFO     save file success
2022-03-15 11:20:31 INFO     upload: name file: 2012固定資産有無.pdf
2022-03-15 11:20:31 INFO     C:\Windows\Temp\python_zf_9hxqpm4r\2012固定資産有無.pdf
2022-03-15 11:20:31 INFO     save file success
2022-03-15 11:20:31 INFO     upload: saved files in uploads success
2022-03-15 11:20:32 INFO     Into Get Index
2022-03-15 11:20:32 INFO     index: check is have session temp_dir C:\Windows\Temp\python_zf_9hxqpm4r
2022-03-15 11:20:32 INFO     index: Remove temp_dir 
2022-03-15 11:20:32 INFO     inpex: temp_dir part: C:\Windows\Temp\python_zf_k64_o7qv
2022-03-15 11:20:32 INFO     index: check have temp_dir is True
2022-03-15 11:20:32 INFO     Into Get Index
2022-03-15 11:20:32 INFO     index: check is have session temp_dir C:\Windows\Temp\python_zf_k64_o7qv
2022-03-15 11:20:32 INFO     index: Remove temp_dir 
2022-03-15 11:20:32 INFO     inpex: temp_dir part: C:\Windows\Temp\python_zf_0f4y_bhs
2022-03-15 11:20:32 INFO     index: check have temp_dir is True
2022-03-15 11:20:32 INFO     Into Get Index
2022-03-15 11:20:32 INFO     index: check is have session temp_dir C:\Windows\Temp\python_zf_0f4y_bhs
2022-03-15 11:20:32 INFO     index: Remove temp_dir 
2022-03-15 11:20:32 INFO     inpex: temp_dir part: C:\Windows\Temp\python_zf_vy_bl7nl
2022-03-15 11:20:32 INFO     index: check have temp_dir is True
2022-03-15 11:20:32 INFO     Into Get Index
2022-03-15 11:20:32 INFO     index: check is have session temp_dir C:\Windows\Temp\python_zf_vy_bl7nl
2022-03-15 11:20:32 INFO     index: Remove temp_dir 
2022-03-15 11:20:32 INFO     inpex: temp_dir part: C:\Windows\Temp\python_zf_5yj45mno
2022-03-15 11:20:32 INFO     index: check have temp_dir is True
2022-03-15 11:20:32 INFO     Into Get Index
2022-03-15 11:20:32 INFO     index: check is have session temp_dir C:\Windows\Temp\python_zf_5yj45mno
2022-03-15 11:20:32 INFO     index: Remove temp_dir 
2022-03-15 11:20:32 INFO     inpex: temp_dir part: C:\Windows\Temp\python_zf__jvgyr6e
2022-03-15 11:20:32 INFO     index: check have temp_dir is True
2022-03-15 11:20:33 INFO     Into Get Index
2022-03-15 11:20:33 INFO     index: check is have session temp_dir C:\Windows\Temp\python_zf__jvgyr6e
2022-03-15 11:20:33 INFO     index: Remove temp_dir 
2022-03-15 11:20:33 INFO     inpex: temp_dir part: C:\Windows\Temp\python_zf_3z97bp6c
2022-03-15 11:20:33 INFO     index: check have temp_dir is True
2022-03-15 11:20:33 INFO     Into Get Index
2022-03-15 11:20:33 INFO     index: check is have session temp_dir C:\Windows\Temp\python_zf_3z97bp6c
2022-03-15 11:20:33 INFO     index: Remove temp_dir 
2022-03-15 11:20:33 INFO     inpex: temp_dir part: C:\Windows\Temp\python_zf__ie4675s
2022-03-15 11:20:33 INFO     index: check have temp_dir is True
2022-03-15 11:20:33 INFO     Into Get Index
2022-03-15 11:20:33 INFO     index: check is have session temp_dir C:\Windows\Temp\python_zf__ie4675s
2022-03-15 11:20:33 INFO     index: Remove temp_dir 
2022-03-15 11:20:33 INFO     inpex: temp_dir part: C:\Windows\Temp\python_zf_dublr9en
2022-03-15 11:20:33 INFO     index: check have temp_dir is True
2022-03-15 11:20:33 INFO     Into Get Index
2022-03-15 11:20:33 INFO     index: check is have session temp_dir C:\Windows\Temp\python_zf_dublr9en
2022-03-15 11:20:33 INFO     index: Remove temp_dir 
2022-03-15 11:20:33 INFO     inpex: temp_dir part: C:\Windows\Temp\python_zf_1qh0xlwk
2022-03-15 11:20:33 INFO     index: check have temp_dir is True
2022-03-15 11:20:33 INFO     Into Get Index
2022-03-15 11:20:33 INFO     index: check is have session temp_dir C:\Windows\Temp\python_zf_1qh0xlwk
2022-03-15 11:20:33 INFO     index: Remove temp_dir 
2022-03-15 11:20:33 INFO     inpex: temp_dir part: C:\Windows\Temp\python_zf_dwgvatfo
2022-03-15 11:20:33 INFO     index: check have temp_dir is True
2022-03-15 11:20:33 INFO     Into Get Index
2022-03-15 11:20:33 INFO     index: check is have session temp_dir C:\Windows\Temp\python_zf_dwgvatfo
2022-03-15 11:20:33 INFO     index: Remove temp_dir 
2022-03-15 11:20:33 INFO     inpex: temp_dir part: C:\Windows\Temp\python_zf_8bihdjjh
2022-03-15 11:20:33 INFO     index: check have temp_dir is True
2022-03-15 11:20:34 INFO     Into Get Index
2022-03-15 11:20:34 INFO     index: check is have session temp_dir C:\Windows\Temp\python_zf_8bihdjjh
2022-03-15 11:20:34 INFO     index: Remove temp_dir 
2022-03-15 11:20:34 INFO     inpex: temp_dir part: C:\Windows\Temp\python_zf_1m1s1omq
2022-03-15 11:20:34 INFO     index: check have temp_dir is True
2022-03-15 11:20:34 INFO     Into Get Index
2022-03-15 11:20:34 INFO     index: check is have session temp_dir C:\Windows\Temp\python_zf_1m1s1omq
2022-03-15 11:20:34 INFO     index: Remove temp_dir 
2022-03-15 11:20:34 INFO     inpex: temp_dir part: C:\Windows\Temp\python_zf_ipu4cd7o
2022-03-15 11:20:34 INFO     index: check have temp_dir is True
2022-03-15 11:20:34 INFO     Into Get Index
2022-03-15 11:20:34 INFO     index: check is have session temp_dir C:\Windows\Temp\python_zf_ipu4cd7o
2022-03-15 11:20:34 INFO     index: Remove temp_dir 
2022-03-15 11:20:34 INFO     inpex: temp_dir part: C:\Windows\Temp\python_zf_n1ax9x6x
2022-03-15 11:20:34 INFO     index: check have temp_dir is True
2022-03-15 11:20:35 INFO     Into Get Index
2022-03-15 11:20:35 INFO     index: check is have session temp_dir C:\Windows\Temp\python_zf_n1ax9x6x
2022-03-15 11:20:35 INFO     index: Remove temp_dir 
2022-03-15 11:20:35 INFO     inpex: temp_dir part: C:\Windows\Temp\python_zf_y6t2_ipw
2022-03-15 11:20:35 INFO     index: check have temp_dir is True
2022-03-15 11:20:35 INFO     Into Get Index
2022-03-15 11:20:35 INFO     index: check is have session temp_dir C:\Windows\Temp\python_zf_y6t2_ipw
2022-03-15 11:20:35 INFO     index: Remove temp_dir 
2022-03-15 11:20:35 INFO     inpex: temp_dir part: C:\Windows\Temp\python_zf_on7ei8sk
2022-03-15 11:20:35 INFO     index: check have temp_dir is True
2022-03-15 11:20:44 INFO     export: into refresh
2022-03-15 11:20:44 INFO     export: temp_dir cleanup
2022-03-15 11:20:44 INFO     Into Get Index
2022-03-15 11:20:44 INFO     index: check is have session temp_dir C:\Windows\Temp\python_zf_on7ei8sk
2022-03-15 11:20:44 INFO     inpex: temp_dir part: C:\Windows\Temp\python_zf_fnjkusin
2022-03-15 11:20:44 INFO     index: check have temp_dir is True
2022-03-15 11:20:45 INFO     Into Get Index
2022-03-15 11:20:45 INFO     index: check is have session temp_dir C:\Windows\Temp\python_zf_fnjkusin
2022-03-15 11:20:45 INFO     index: Remove temp_dir 
2022-03-15 11:20:45 INFO     inpex: temp_dir part: C:\Windows\Temp\python_zf_xkwarxit
2022-03-15 11:20:45 INFO     index: check have temp_dir is True
2022-03-15 11:20:46 INFO     Into Get Index
2022-03-15 11:20:46 INFO     index: check is have session temp_dir C:\Windows\Temp\python_zf_xkwarxit
2022-03-15 11:20:46 INFO     index: Remove temp_dir 
2022-03-15 11:20:46 INFO     inpex: temp_dir part: C:\Windows\Temp\python_zf_clpmthwq
2022-03-15 11:20:46 INFO     index: check have temp_dir is True
2022-03-15 11:20:46 INFO     Into Get Index
2022-03-15 11:20:46 INFO     index: check is have session temp_dir C:\Windows\Temp\python_zf_clpmthwq
2022-03-15 11:20:46 INFO     index: Remove temp_dir 
2022-03-15 11:20:46 INFO     inpex: temp_dir part: C:\Windows\Temp\python_zf_n2xsdl9f
2022-03-15 11:20:46 INFO     index: check have temp_dir is True
2022-03-15 11:20:47 INFO     export: into refresh
2022-03-15 11:20:47 INFO     export: temp_dir cleanup
2022-03-15 11:20:47 INFO     Into Get Index
2022-03-15 11:20:47 INFO     index: check is have session temp_dir C:\Windows\Temp\python_zf_n2xsdl9f
2022-03-15 11:20:47 INFO     inpex: temp_dir part: C:\Windows\Temp\python_zf_ugu_2fas
2022-03-15 11:20:47 INFO     index: check have temp_dir is True
2022-03-15 11:20:59 INFO     into upload post
2022-03-15 11:20:59 INFO     upload: check have temp_dir is True
2022-03-15 11:20:59 INFO     upload: path temp_dir: C:\Windows\Temp\python_zf_ugu_2fas
2022-03-15 11:20:59 INFO     upload: name file: 2013　NRV販売経費計算.pdf
2022-03-15 11:20:59 INFO     C:\Windows\Temp\python_zf_ugu_2fas\2013　NRV販売経費計算.pdf
2022-03-15 11:20:59 INFO     save file success
2022-03-15 11:20:59 INFO     upload: name file: 2013.12.4付価格.pdf
2022-03-15 11:20:59 INFO     C:\Windows\Temp\python_zf_ugu_2fas\2013.12.4付価格.pdf
2022-03-15 11:20:59 INFO     save file success
2022-03-15 11:20:59 INFO     upload: name file: 2013.12.27付価格.pdf
2022-03-15 11:20:59 INFO     C:\Windows\Temp\python_zf_ugu_2fas\2013.12.27付価格.pdf
2022-03-15 11:20:59 INFO     save file success
2022-03-15 11:20:59 INFO     upload: name file: 2013NRV振替伝票.pdf
2022-03-15 11:20:59 INFO     C:\Windows\Temp\python_zf_ugu_2fas\2013NRV振替伝票.pdf
2022-03-15 11:20:59 INFO     save file success
2022-03-15 11:20:59 INFO     upload: name file: 2013NRV計算明細.pdf
2022-03-15 11:20:59 INFO     C:\Windows\Temp\python_zf_ugu_2fas\2013NRV計算明細.pdf
2022-03-15 11:20:59 INFO     save file success
2022-03-15 11:20:59 INFO     upload: name file: 14.Tax Provision.pdf
2022-03-15 11:20:59 INFO     C:\Windows\Temp\python_zf_ugu_2fas\14.Tax Provision.pdf
2022-03-15 11:20:59 INFO     save file success
2022-03-15 11:20:59 INFO     upload: name file: 2012固定資産有無.pdf
2022-03-15 11:20:59 INFO     C:\Windows\Temp\python_zf_ugu_2fas\2012固定資産有無.pdf
2022-03-15 11:20:59 INFO     save file success
2022-03-15 11:20:59 INFO     upload: saved files in uploads success
2022-03-15 11:28:59 INFO     export: into refresh
2022-03-15 11:28:59 INFO     export: temp_dir cleanup
2022-03-15 11:29:00 INFO     Into Get Index
2022-03-15 11:29:00 INFO     index: check is have session temp_dir C:\Windows\Temp\python_zf_uedl6kua
2022-03-15 11:29:00 INFO     inpex: temp_dir part: C:\Windows\Temp\python_zf_apu6bwlt
2022-03-15 11:29:00 INFO     index: check have temp_dir is True
2022-03-15 11:29:13 INFO     into upload post
2022-03-15 11:29:13 INFO     upload: check have temp_dir is True
2022-03-15 11:29:13 INFO     upload: path temp_dir: C:\Windows\Temp\python_zf_apu6bwlt
2022-03-15 11:29:13 INFO     upload: name file: $14,269.25 Invoice.pdf
2022-03-15 11:29:13 INFO     C:\Windows\Temp\python_zf_apu6bwlt\$14,269.25 Invoice.pdf
2022-03-15 11:29:13 INFO     save file success
2022-03-15 11:29:13 INFO     upload: saved files in uploads success
2022-03-15 11:29:15 INFO     into upload post
2022-03-15 11:29:15 INFO     upload: check have temp_dir is True
2022-03-15 11:29:15 INFO     upload: path temp_dir: C:\Windows\Temp\python_zf_apu6bwlt
2022-03-15 11:29:15 INFO     upload: name file: $4,555.08Invoice.pdf
2022-03-15 11:29:15 INFO     C:\Windows\Temp\python_zf_apu6bwlt\$4,555.08Invoice.pdf
2022-03-15 11:29:15 INFO     save file success
2022-03-15 11:29:15 INFO     upload: saved files in uploads success
2022-03-15 11:29:16 INFO     export: Selected filename$14,269.25 Invoice.pdf, $4,555.08Invoice.pdf, 
2022-03-15 11:29:16 INFO     export: file in tempdir:$14,269.25 Invoice.pdf, $4,555.08Invoice.pdf
2022-03-15 11:29:16 INFO     export: create zipfile success
2022-03-15 11:29:16 INFO     export: response zipfile success
2022-03-15 11:29:16 INFO     export: temp_dir cleanup
2022-03-15 11:29:20 INFO     export: into auto save password
2022-03-15 11:29:22 INFO     export: into refresh
2022-03-15 11:29:22 INFO     export: temp_dir cleanup
2022-03-15 11:29:22 INFO     Into Get Index
2022-03-15 11:29:22 INFO     index: check is have session temp_dir C:\Windows\Temp\python_zf_apu6bwlt
2022-03-15 11:29:22 INFO     inpex: temp_dir part: C:\Windows\Temp\python_zf_ct0qb4ox
2022-03-15 11:29:22 INFO     index: check have temp_dir is True
2022-03-15 11:29:29 INFO     into upload post
2022-03-15 11:29:29 INFO     upload: check have temp_dir is True
2022-03-15 11:29:29 INFO     upload: path temp_dir: C:\Windows\Temp\python_zf_ct0qb4ox
2022-03-15 11:29:29 INFO     upload: name file: 2014.12月　AR 売掛金エイジングリスト.pdf
2022-03-15 11:29:29 INFO     C:\Windows\Temp\python_zf_ct0qb4ox\2014.12月　AR 売掛金エイジングリスト.pdf
2022-03-15 11:29:29 INFO     save file success
2022-03-15 11:29:29 INFO     upload: saved files in uploads success
2022-03-15 11:29:31 INFO     export: Selected filename2014.12月　AR 売掛金エイジングリスト.pdf, 
2022-03-15 11:29:31 INFO     export: file in tempdir:2014.12月　AR 売掛金エイジングリスト.pdf
2022-03-15 11:29:31 ERROR    error in exception export method
2022-03-15 11:29:31 INFO     Into Get Index
2022-03-15 11:29:31 INFO     index: check is have session temp_dir C:\Windows\Temp\python_zf_ct0qb4ox
2022-03-15 11:29:31 INFO     inpex: temp_dir part: C:\Windows\Temp\python_zf_tjm2pkcr
2022-03-15 11:29:31 INFO     index: check have temp_dir is True
2022-03-15 11:29:33 INFO     export: into refresh
2022-03-15 11:29:33 INFO     export: temp_dir cleanup
2022-03-15 11:29:33 INFO     Into Get Index
2022-03-15 11:29:33 INFO     index: check is have session temp_dir C:\Windows\Temp\python_zf_tjm2pkcr
2022-03-15 11:29:33 INFO     inpex: temp_dir part: C:\Windows\Temp\python_zf_nmr99u3b
2022-03-15 11:29:33 INFO     index: check have temp_dir is True
2022-03-15 11:29:38 INFO     into upload post
2022-03-15 11:29:38 INFO     upload: check have temp_dir is True
2022-03-15 11:29:38 INFO     upload: path temp_dir: C:\Windows\Temp\python_zf_nmr99u3b
2022-03-15 11:29:38 INFO     upload: name file: 2018-019.pdf
2022-03-15 11:29:38 INFO     C:\Windows\Temp\python_zf_nmr99u3b\2018-019.pdf
2022-03-15 11:29:38 INFO     save file success
2022-03-15 11:29:38 INFO     upload: saved files in uploads success
2022-03-15 11:29:42 INFO     export: Selected filename2018-019.pdf, 
2022-03-15 11:29:42 INFO     export: file in tempdir:2018-019.pdf
2022-03-15 11:29:42 ERROR    error in exception export method
2022-03-15 11:29:42 INFO     Into Get Index
2022-03-15 11:29:42 INFO     index: check is have session temp_dir C:\Windows\Temp\python_zf_nmr99u3b
2022-03-15 11:29:42 INFO     inpex: temp_dir part: C:\Windows\Temp\python_zf_rtha233k
2022-03-15 11:29:42 INFO     index: check have temp_dir is True
2022-03-15 11:29:51 INFO     into upload post
2022-03-15 11:29:51 INFO     upload: check have temp_dir is True
2022-03-15 11:29:51 INFO     upload: path temp_dir: C:\Windows\Temp\python_zf_rtha233k
2022-03-15 11:29:51 INFO     upload: name file: 2018-022.pdf
2022-03-15 11:29:51 INFO     C:\Windows\Temp\python_zf_rtha233k\2018-022.pdf
2022-03-15 11:29:51 INFO     save file success
2022-03-15 11:29:51 INFO     upload: saved files in uploads success
2022-03-15 11:29:52 INFO     export: Selected filename2018-022.pdf, 
2022-03-15 11:29:52 INFO     export: file in tempdir:2018-022.pdf
2022-03-15 11:29:52 ERROR    error in exception export method
2022-03-15 11:29:52 INFO     Into Get Index
2022-03-15 11:29:52 INFO     index: check is have session temp_dir C:\Windows\Temp\python_zf_rtha233k
2022-03-15 11:29:52 INFO     inpex: temp_dir part: C:\Windows\Temp\python_zf_4db1lalm
2022-03-15 11:29:52 INFO     index: check have temp_dir is True
2022-03-15 11:30:09 INFO     into upload post
2022-03-15 11:30:09 INFO     upload: check have temp_dir is True
2022-03-15 11:30:09 INFO     upload: path temp_dir: C:\Windows\Temp\python_zf_4db1lalm
2022-03-15 11:30:09 INFO     upload: name file: 2019-033.pdf
2022-03-15 11:30:09 INFO     C:\Windows\Temp\python_zf_4db1lalm\2019-033.pdf
2022-03-15 11:30:09 INFO     save file success
2022-03-15 11:30:09 INFO     upload: saved files in uploads success
2022-03-15 11:30:10 INFO     export: Selected filename2019-033.pdf, 
2022-03-15 11:30:10 INFO     export: file in tempdir:2019-033.pdf
2022-03-15 11:30:10 INFO     export: create zipfile success
2022-03-15 11:30:10 INFO     export: response zipfile success
2022-03-15 11:30:10 INFO     export: temp_dir cleanup
2022-03-15 11:30:12 INFO     export: into refresh
2022-03-15 11:30:12 INFO     export: temp_dir cleanup
2022-03-15 11:30:12 INFO     Into Get Index
2022-03-15 11:30:12 INFO     index: check is have session temp_dir C:\Windows\Temp\python_zf_4db1lalm
2022-03-15 11:30:12 INFO     inpex: temp_dir part: C:\Windows\Temp\python_zf_lrvcx3e_
2022-03-15 11:30:12 INFO     index: check have temp_dir is True
2022-03-15 11:30:20 INFO     into upload post
2022-03-15 11:30:20 INFO     upload: check have temp_dir is True
2022-03-15 11:30:20 INFO     upload: path temp_dir: C:\Windows\Temp\python_zf_lrvcx3e_
2022-03-15 11:30:20 INFO     upload: name file: 送金明細.pdf
2022-03-15 11:30:20 INFO     C:\Windows\Temp\python_zf_lrvcx3e_\送金明細.pdf
2022-03-15 11:30:20 INFO     save file success
2022-03-15 11:30:20 INFO     upload: saved files in uploads success
2022-03-15 11:30:21 INFO     export: Selected filename送金明細.pdf, 
2022-03-15 11:30:21 INFO     export: file in tempdir:送金明細.pdf
2022-03-15 11:30:21 INFO     export: create zipfile success
2022-03-15 11:30:21 INFO     export: response zipfile success
2022-03-15 11:30:21 INFO     export: temp_dir cleanup
2022-03-15 11:38:34 INFO     Into Get Index
2022-03-15 11:38:34 INFO     index: check is have session temp_dir C:\Windows\Temp\python_zf_1o8a113d
2022-03-15 11:38:34 INFO     index: Remove temp_dir 
2022-03-15 11:38:34 INFO     inpex: temp_dir part: C:\Windows\Temp\python_zf_d0j502j2
2022-03-15 11:38:34 INFO     index: check have temp_dir is True
2022-03-15 11:38:49 INFO     into upload post
2022-03-15 11:38:49 INFO     upload: check have temp_dir is True
2022-03-15 11:38:49 INFO     upload: path temp_dir: C:\Windows\Temp\python_zf_d0j502j2
2022-03-15 11:38:49 INFO     upload: name file: (タイ語）内部統制基本方針と内部統制組織(2011.7.15△2改訂）.pdf
2022-03-15 11:38:49 INFO     C:\Windows\Temp\python_zf_d0j502j2\(タイ語）内部統制基本方針と内部統制組織(2011.7.15△2改訂）.pdf
2022-03-15 11:38:49 INFO     save file success
2022-03-15 11:38:49 INFO     upload: saved files in uploads success
2022-03-15 11:38:52 INFO     into upload post
2022-03-15 11:38:52 INFO     upload: check have temp_dir is True
2022-03-15 11:38:52 INFO     upload: path temp_dir: C:\Windows\Temp\python_zf_d0j502j2
2022-03-15 11:38:52 INFO     upload: name file: 1. Occupational Health Safety and Environment Working Policy.pdf
2022-03-15 11:38:52 INFO     C:\Windows\Temp\python_zf_d0j502j2\1. Occupational Health Safety and Environment Working Policy.pdf
2022-03-15 11:38:52 INFO     save file success
2022-03-15 11:38:52 INFO     upload: saved files in uploads success
2022-03-15 11:38:55 INFO     into upload post
2022-03-15 11:38:55 INFO     upload: check have temp_dir is True
2022-03-15 11:38:55 INFO     upload: path temp_dir: C:\Windows\Temp\python_zf_d0j502j2
2022-03-15 11:38:55 INFO     upload: name file: 13.　Ｄｅｆｅｒｒｅｄ　Ｔａｘ(繰り延べ税金）.pdf
2022-03-15 11:38:55 INFO     C:\Windows\Temp\python_zf_d0j502j2\13.　Ｄｅｆｅｒｒｅｄ　Ｔａｘ(繰り延べ税金）.pdf
2022-03-15 11:38:55 INFO     save file success
2022-03-15 11:38:55 INFO     upload: saved files in uploads success
2022-03-15 11:39:02 INFO     into upload post
2022-03-15 11:39:02 INFO     upload: check have temp_dir is True
2022-03-15 11:39:02 INFO     upload: path temp_dir: C:\Windows\Temp\python_zf_d0j502j2
2022-03-15 11:39:02 INFO     upload: name file: 2012固定資産有無.pdf
2022-03-15 11:39:02 INFO     C:\Windows\Temp\python_zf_d0j502j2\2012固定資産有無.pdf
2022-03-15 11:39:02 INFO     save file success
2022-03-15 11:39:02 INFO     upload: saved files in uploads success
2022-03-15 11:39:12 INFO     export: Selected filename(タイ語）内部統制基本方針と内部統制組織(2011.7.15△2改訂）.pdf, 1. Occupational Health Safety and Environment Working Policy.pdf, 13.　Ｄｅｆｅｒｒｅｄ　Ｔａｘ(繰り延べ税金）.pdf, 2012固定資産有無.pdf, 
2022-03-15 11:39:12 INFO     export: file in tempdir:(タイ語）内部統制基本方針と内部統制組織(2011.7.15△2改訂）.pdf, 1. Occupational Health Safety and Environment Working Policy.pdf, 13.　Ｄｅｆｅｒｒｅｄ　Ｔａｘ(繰り延べ税金）.pdf, 2012固定資産有無.pdf
2022-03-15 11:39:12 INFO     export: create zipfile success
2022-03-15 11:39:12 INFO     export: response zipfile success
2022-03-15 11:39:12 INFO     export: temp_dir cleanup
2022-03-15 11:39:22 INFO     export: into refresh
2022-03-15 11:39:22 INFO     export: temp_dir cleanup
2022-03-15 11:39:22 INFO     Into Get Index
2022-03-15 11:39:22 INFO     index: check is have session temp_dir C:\Windows\Temp\python_zf_d0j502j2
2022-03-15 11:39:22 INFO     inpex: temp_dir part: C:\Windows\Temp\python_zf_ztlovo0i
2022-03-15 11:39:22 INFO     index: check have temp_dir is True
2022-03-15 11:39:37 INFO     into upload post
2022-03-15 11:39:37 INFO     upload: check have temp_dir is True
2022-03-15 11:39:37 INFO     upload: path temp_dir: C:\Windows\Temp\python_zf_ztlovo0i
2022-03-15 11:39:37 INFO     upload: name file: uploadfilemultipletime.txt
2022-03-15 11:39:37 INFO     C:\Windows\Temp\python_zf_ztlovo0i\uploadfilemultipletime.txt
2022-03-15 11:39:37 INFO     save file success
2022-03-15 11:39:37 INFO     upload: saved files in uploads success
2022-03-15 11:39:40 INFO     export: Selected filenameuploadfilemultipletime.txt, 
2022-03-15 11:39:40 INFO     export: file in tempdir:uploadfilemultipletime.txt
2022-03-15 11:39:40 INFO     export: create zipfile success
2022-03-15 11:39:40 INFO     export: response zipfile success
2022-03-15 11:39:40 INFO     export: temp_dir cleanup
2022-03-15 11:39:46 INFO     export: into refresh
2022-03-15 11:39:46 INFO     export: temp_dir cleanup
2022-03-15 11:39:46 INFO     Into Get Index
2022-03-15 11:39:46 INFO     index: check is have session temp_dir C:\Windows\Temp\python_zf_ztlovo0i
2022-03-15 11:39:46 INFO     inpex: temp_dir part: C:\Windows\Temp\python_zf_pf5pswlu
2022-03-15 11:39:46 INFO     index: check have temp_dir is True
2022-03-15 11:41:27 INFO     export: into refresh
2022-03-15 11:41:27 INFO     export: temp_dir cleanup
2022-03-15 11:41:27 INFO     Into Get Index
2022-03-15 11:41:27 INFO     index: check is have session temp_dir C:\Windows\Temp\python_zf_pf5pswlu
2022-03-15 11:41:27 INFO     inpex: temp_dir part: C:\Windows\Temp\python_zf_rpwd9mjw
2022-03-15 11:41:27 INFO     index: check have temp_dir is True
2022-03-15 11:41:29 INFO     export: into refresh
2022-03-15 11:41:29 INFO     export: temp_dir cleanup
2022-03-15 11:41:29 INFO     Into Get Index
2022-03-15 11:41:29 INFO     index: check is have session temp_dir C:\Windows\Temp\python_zf_rpwd9mjw
2022-03-15 11:41:29 INFO     inpex: temp_dir part: C:\Windows\Temp\python_zf_jcwopmja
2022-03-15 11:41:29 INFO     index: check have temp_dir is True
2022-03-15 11:41:48 INFO     Into Get Index
2022-03-15 11:41:48 INFO     index: check is have session temp_dir C:\Windows\Temp\python_zf_thu1jh6w
2022-03-15 11:41:48 INFO     inpex: temp_dir part: C:\Windows\Temp\python_zf_w0gfeizd
2022-03-15 11:41:48 INFO     index: check have temp_dir is True
2022-03-15 11:41:58 INFO     into upload post
2022-03-15 11:41:58 INFO     upload: check have temp_dir is True
2022-03-15 11:41:58 INFO     upload: path temp_dir: C:\Windows\Temp\python_zf_w0gfeizd
2022-03-15 11:41:58 INFO     upload: name file: 法雷奥限用物质确认.txt
2022-03-15 11:41:58 INFO     C:\Windows\Temp\python_zf_w0gfeizd\法雷奥限用物质确认.txt
2022-03-15 11:41:58 INFO     save file success
2022-03-15 11:41:58 INFO     upload: saved files in uploads success
2022-03-15 11:41:59 INFO     export: Selected filename法雷奥限用物质确认.txt, 
2022-03-15 11:41:59 INFO     export: file in tempdir:法雷奥限用物质确认.txt
2022-03-15 11:41:59 INFO     export: create zipfile success
2022-03-15 11:41:59 INFO     export: response zipfile success
2022-03-15 11:41:59 INFO     export: temp_dir cleanup
2022-03-15 11:42:08 INFO     export: into auto save password
2022-03-15 11:42:14 INFO     export: into refresh
2022-03-15 11:42:14 INFO     export: temp_dir cleanup
2022-03-15 11:42:14 INFO     Into Get Index
2022-03-15 11:42:14 INFO     index: check is have session temp_dir C:\Windows\Temp\python_zf_w0gfeizd
2022-03-15 11:42:14 INFO     inpex: temp_dir part: C:\Windows\Temp\python_zf_rz7jmiif
2022-03-15 11:42:14 INFO     index: check have temp_dir is True
2022-03-15 11:42:33 INFO     into upload post
2022-03-15 11:42:33 INFO     upload: check have temp_dir is True
2022-03-15 11:42:33 INFO     upload: path temp_dir: C:\Windows\Temp\python_zf_jcwopmja
2022-03-15 11:42:33 INFO     upload: name file: 法雷奥限用物质确认.txt
2022-03-15 11:42:33 INFO     C:\Windows\Temp\python_zf_jcwopmja\法雷奥限用物质确认.txt
2022-03-15 11:42:33 INFO     save file success
2022-03-15 11:42:33 INFO     upload: saved files in uploads success
2022-03-15 11:42:38 INFO     into upload post
2022-03-15 11:42:38 INFO     upload: check have temp_dir is True
2022-03-15 11:42:38 INFO     upload: path temp_dir: C:\Windows\Temp\python_zf_jcwopmja
2022-03-15 11:42:38 INFO     upload: name file: 法雷奧限用物質確認.txt
2022-03-15 11:42:38 INFO     C:\Windows\Temp\python_zf_jcwopmja\法雷奧限用物質確認.txt
2022-03-15 11:42:38 INFO     save file success
2022-03-15 11:42:38 INFO     upload: saved files in uploads success
2022-03-15 11:42:40 INFO     export: Selected filename法雷奥限用物质确认.txt, 法雷奧限用物質確認.txt, 
2022-03-15 11:42:40 INFO     export: file in tempdir:法雷奥限用物质确认.txt, 法雷奧限用物質確認.txt
2022-03-15 11:42:40 INFO     export: create zipfile success
2022-03-15 11:42:40 INFO     export: response zipfile success
2022-03-15 11:42:40 INFO     export: temp_dir cleanup
2022-03-15 11:42:44 INFO     export: into refresh
2022-03-15 11:42:44 INFO     export: temp_dir cleanup
2022-03-15 11:42:44 INFO     Into Get Index
2022-03-15 11:42:44 INFO     index: check is have session temp_dir C:\Windows\Temp\python_zf_jcwopmja
2022-03-15 11:42:44 INFO     inpex: temp_dir part: C:\Windows\Temp\python_zf_ovgcm8fz
2022-03-15 11:42:44 INFO     index: check have temp_dir is True
2022-03-15 11:42:57 INFO     export: into refresh
2022-03-15 11:42:57 INFO     export: temp_dir cleanup
2022-03-15 11:42:57 INFO     Into Get Index
2022-03-15 11:42:57 INFO     index: check is have session temp_dir C:\Windows\Temp\python_zf_lrvcx3e_
2022-03-15 11:42:57 INFO     inpex: temp_dir part: C:\Windows\Temp\python_zf_0r3omcj3
2022-03-15 11:42:57 INFO     index: check have temp_dir is True
2022-03-15 11:43:13 INFO     into upload post
2022-03-15 11:43:13 INFO     upload: check have temp_dir is True
2022-03-15 11:43:13 INFO     upload: path temp_dir: C:\Windows\Temp\python_zf_0r3omcj3
2022-03-15 11:43:13 INFO     upload: name file: $9,512.83Invoice.pdf
2022-03-15 11:43:13 INFO     C:\Windows\Temp\python_zf_0r3omcj3\$9,512.83Invoice.pdf
2022-03-15 11:43:13 INFO     save file success
2022-03-15 11:43:13 INFO     upload: name file: $14,269.25 Invoice.pdf
2022-03-15 11:43:13 INFO     C:\Windows\Temp\python_zf_0r3omcj3\$14,269.25 Invoice.pdf
2022-03-15 11:43:13 INFO     save file success
2022-03-15 11:43:13 INFO     upload: name file: (タイ語）内部統制基本方針と内部統制組織(2011.7.15△2改訂）.pdf
2022-03-15 11:43:13 INFO     C:\Windows\Temp\python_zf_0r3omcj3\(タイ語）内部統制基本方針と内部統制組織(2011.7.15△2改訂）.pdf
2022-03-15 11:43:13 INFO     save file success
2022-03-15 11:43:13 INFO     upload: name file: ①＄470.pdf
2022-03-15 11:43:13 INFO     C:\Windows\Temp\python_zf_0r3omcj3\①＄470.pdf
2022-03-15 11:43:13 INFO     save file success
2022-03-15 11:43:13 INFO     upload: saved files in uploads success
2022-03-15 11:43:14 INFO     export: Selected filename$9,512.83Invoice.pdf, $14,269.25 Invoice.pdf, (タイ語）内部統制基本方針と内部統制組織(2011.7.15△2改訂）.pdf, ①＄470.pdf, 
2022-03-15 11:43:14 INFO     export: file in tempdir:$14,269.25 Invoice.pdf, $9,512.83Invoice.pdf, (タイ語）内部統制基本方針と内部統制組織(2011.7.15△2改訂）.pdf, ①＄470.pdf
2022-03-15 11:43:14 INFO     export: create zipfile success
2022-03-15 11:43:14 INFO     export: response zipfile success
2022-03-15 11:43:14 INFO     export: temp_dir cleanup
2022-03-15 11:43:21 INFO     into upload post
2022-03-15 11:43:21 INFO     upload: check have temp_dir is True
2022-03-15 11:43:21 INFO     upload: path temp_dir: C:\Windows\Temp\python_zf_rz7jmiif
2022-03-15 11:43:21 INFO     upload: name file: หกหแอดเิะ้ะพะิะพ้พะ.txt
2022-03-15 11:43:21 INFO     C:\Windows\Temp\python_zf_rz7jmiif\หกหแอดเิะ้ะพะิะพ้พะ.txt
2022-03-15 11:43:21 INFO     save file success
2022-03-15 11:43:21 INFO     upload: name file: 法雷奥限用物质确认.txt
2022-03-15 11:43:21 INFO     C:\Windows\Temp\python_zf_rz7jmiif\法雷奥限用物质确认.txt
2022-03-15 11:43:21 INFO     save file success
2022-03-15 11:43:21 INFO     upload: name file: 法雷奧限用物質確認.txt
2022-03-15 11:43:21 INFO     C:\Windows\Temp\python_zf_rz7jmiif\法雷奧限用物質確認.txt
2022-03-15 11:43:21 INFO     save file success
2022-03-15 11:43:21 INFO     upload: saved files in uploads success
2022-03-15 11:43:22 INFO     export: Selected filenameหกหแอดเิะ้ะพะิะพ้พะ.txt, 法雷奥限用物质确认.txt, 法雷奧限用物質確認.txt, 
2022-03-15 11:43:22 INFO     export: file in tempdir:หกหแอดเิะ้ะพะิะพ้พะ.txt, 法雷奥限用物质确认.txt, 法雷奧限用物質確認.txt
2022-03-15 11:43:22 INFO     export: create zipfile success
2022-03-15 11:43:22 INFO     export: response zipfile success
2022-03-15 11:43:22 INFO     export: temp_dir cleanup
2022-03-15 11:43:29 INFO     into upload post
2022-03-15 11:43:29 INFO     upload: check have temp_dir is True
2022-03-15 11:43:29 INFO     upload: path temp_dir: C:\Windows\Temp\python_zf_ovgcm8fz
2022-03-15 11:43:29 INFO     upload: name file: uploadfilemultipletime.txt
2022-03-15 11:43:29 INFO     C:\Windows\Temp\python_zf_ovgcm8fz\uploadfilemultipletime.txt
2022-03-15 11:43:29 INFO     save file success
2022-03-15 11:43:29 INFO     upload: name file: webtoleancss.txt
2022-03-15 11:43:29 INFO     C:\Windows\Temp\python_zf_ovgcm8fz\webtoleancss.txt
2022-03-15 11:43:29 INFO     save file success
2022-03-15 11:43:29 INFO     upload: name file: write_tempfile.txt
2022-03-15 11:43:29 INFO     C:\Windows\Temp\python_zf_ovgcm8fz\write_tempfile.txt
2022-03-15 11:43:29 INFO     save file success
2022-03-15 11:43:29 INFO     upload: saved files in uploads success
2022-03-15 11:43:31 INFO     export: Selected filenameuploadfilemultipletime.txt, webtoleancss.txt, write_tempfile.txt, 
2022-03-15 11:43:31 INFO     export: file in tempdir:uploadfilemultipletime.txt, webtoleancss.txt, write_tempfile.txt
2022-03-15 11:43:31 INFO     export: create zipfile success
2022-03-15 11:43:31 INFO     export: response zipfile success
2022-03-15 11:43:31 INFO     export: temp_dir cleanup
2022-03-15 11:43:43 INFO     export: into auto save password
